<?xml version="1.0" encoding="UTF-8"?>
<testsuite xmlns:xsi="http://www.w3.org/2001/XMLSchema-instance" xsi:noNamespaceSchemaLocation="https://maven.apache.org/surefire/maven-surefire-plugin/xsd/surefire-test-report.xsd" name="nagp.runner.TestRunner" time="263.187" tests="10" errors="0" skipped="0" failures="3">
  <properties>
    <property name="java.specification.version" value="17"/>
    <property name="sun.cpu.isalist" value="amd64"/>
    <property name="sun.jnu.encoding" value="Cp1252"/>
    <property name="java.class.path" value="C:\Users\alokpandey02\eclipse-workspace\NAGPAppiumAssignment\target\test-classes;C:\Users\alokpandey02\eclipse-workspace\NAGPAppiumAssignment\target\classes;C:\Users\alokpandey02\.m2\repository\org\testng\testng\7.10.2\testng-7.10.2.jar;C:\Users\alokpandey02\.m2\repository\org\slf4j\slf4j-api\1.7.36\slf4j-api-1.7.36.jar;C:\Users\alokpandey02\.m2\repository\com\beust\jcommander\1.82\jcommander-1.82.jar;C:\Users\alokpandey02\.m2\repository\org\webjars\jquery\3.7.1\jquery-3.7.1.jar;C:\Users\alokpandey02\.m2\repository\io\appium\java-client\9.2.2\java-client-9.2.2.jar;C:\Users\alokpandey02\.m2\repository\org\seleniumhq\selenium\selenium-api\4.21.0\selenium-api-4.21.0.jar;C:\Users\alokpandey02\.m2\repository\org\seleniumhq\selenium\selenium-remote-driver\4.21.0\selenium-remote-driver-4.21.0.jar;C:\Users\alokpandey02\.m2\repository\com\google\auto\service\auto-service-annotations\1.1.1\auto-service-annotations-1.1.1.jar;C:\Users\alokpandey02\.m2\repository\com\google\guava\guava\33.2.0-jre\guava-33.2.0-jre.jar;C:\Users\alokpandey02\.m2\repository\com\google\guava\failureaccess\1.0.2\failureaccess-1.0.2.jar;C:\Users\alokpandey02\.m2\repository\com\google\guava\listenablefuture\9999.0-empty-to-avoid-conflict-with-guava\listenablefuture-9999.0-empty-to-avoid-conflict-with-guava.jar;C:\Users\alokpandey02\.m2\repository\com\google\code\findbugs\jsr305\3.0.2\jsr305-3.0.2.jar;C:\Users\alokpandey02\.m2\repository\org\checkerframework\checker-qual\3.42.0\checker-qual-3.42.0.jar;C:\Users\alokpandey02\.m2\repository\com\google\errorprone\error_prone_annotations\2.26.1\error_prone_annotations-2.26.1.jar;C:\Users\alokpandey02\.m2\repository\com\google\j2objc\j2objc-annotations\3.0.0\j2objc-annotations-3.0.0.jar;C:\Users\alokpandey02\.m2\repository\io\opentelemetry\semconv\opentelemetry-semconv\1.25.0-alpha\opentelemetry-semconv-1.25.0-alpha.jar;C:\Users\alokpandey02\.m2\repository\io\opentelemetry\opentelemetry-api\1.38.0\opentelemetry-api-1.38.0.jar;C:\Users\alokpandey02\.m2\repository\io\opentelemetry\opentelemetry-context\1.38.0\opentelemetry-context-1.38.0.jar;C:\Users\alokpandey02\.m2\repository\io\opentelemetry\opentelemetry-exporter-logging\1.38.0\opentelemetry-exporter-logging-1.38.0.jar;C:\Users\alokpandey02\.m2\repository\io\opentelemetry\opentelemetry-sdk-common\1.38.0\opentelemetry-sdk-common-1.38.0.jar;C:\Users\alokpandey02\.m2\repository\io\opentelemetry\opentelemetry-sdk-extension-autoconfigure-spi\1.38.0\opentelemetry-sdk-extension-autoconfigure-spi-1.38.0.jar;C:\Users\alokpandey02\.m2\repository\io\opentelemetry\opentelemetry-sdk-extension-autoconfigure\1.38.0\opentelemetry-sdk-extension-autoconfigure-1.38.0.jar;C:\Users\alokpandey02\.m2\repository\io\opentelemetry\opentelemetry-api-incubator\1.38.0-alpha\opentelemetry-api-incubator-1.38.0-alpha.jar;C:\Users\alokpandey02\.m2\repository\io\opentelemetry\opentelemetry-sdk-trace\1.38.0\opentelemetry-sdk-trace-1.38.0.jar;C:\Users\alokpandey02\.m2\repository\io\opentelemetry\opentelemetry-sdk\1.38.0\opentelemetry-sdk-1.38.0.jar;C:\Users\alokpandey02\.m2\repository\io\opentelemetry\opentelemetry-sdk-metrics\1.38.0\opentelemetry-sdk-metrics-1.38.0.jar;C:\Users\alokpandey02\.m2\repository\io\opentelemetry\opentelemetry-sdk-logs\1.38.0\opentelemetry-sdk-logs-1.38.0.jar;C:\Users\alokpandey02\.m2\repository\net\bytebuddy\byte-buddy\1.14.15\byte-buddy-1.14.15.jar;C:\Users\alokpandey02\.m2\repository\org\seleniumhq\selenium\selenium-http\4.21.0\selenium-http-4.21.0.jar;C:\Users\alokpandey02\.m2\repository\dev\failsafe\failsafe\3.3.2\failsafe-3.3.2.jar;C:\Users\alokpandey02\.m2\repository\org\seleniumhq\selenium\selenium-json\4.21.0\selenium-json-4.21.0.jar;C:\Users\alokpandey02\.m2\repository\org\seleniumhq\selenium\selenium-manager\4.21.0\selenium-manager-4.21.0.jar;C:\Users\alokpandey02\.m2\repository\org\seleniumhq\selenium\selenium-os\4.21.0\selenium-os-4.21.0.jar;C:\Users\alokpandey02\.m2\repository\org\apache\commons\commons-exec\1.4.0\commons-exec-1.4.0.jar;C:\Users\alokpandey02\.m2\repository\org\seleniumhq\selenium\selenium-support\4.21.0\selenium-support-4.21.0.jar;C:\Users\alokpandey02\.m2\repository\com\google\code\gson\gson\2.10.1\gson-2.10.1.jar;C:\Users\alokpandey02\.m2\repository\org\apache\maven\plugins\maven-surefire-plugin\3.2.5\maven-surefire-plugin-3.2.5.jar;C:\Users\alokpandey02\.m2\repository\org\apache\maven\surefire\maven-surefire-common\3.2.5\maven-surefire-common-3.2.5.jar;C:\Users\alokpandey02\.m2\repository\org\apache\maven\surefire\surefire-api\3.2.5\surefire-api-3.2.5.jar;C:\Users\alokpandey02\.m2\repository\org\apache\maven\surefire\surefire-logger-api\3.2.5\surefire-logger-api-3.2.5.jar;C:\Users\alokpandey02\.m2\repository\org\apache\maven\surefire\surefire-extensions-api\3.2.5\surefire-extensions-api-3.2.5.jar;C:\Users\alokpandey02\.m2\repository\org\apache\maven\surefire\surefire-booter\3.2.5\surefire-booter-3.2.5.jar;C:\Users\alokpandey02\.m2\repository\org\apache\maven\surefire\surefire-extensions-spi\3.2.5\surefire-extensions-spi-3.2.5.jar;C:\Users\alokpandey02\.m2\repository\org\eclipse\aether\aether-util\1.0.0.v20140518\aether-util-1.0.0.v20140518.jar;C:\Users\alokpandey02\.m2\repository\org\eclipse\aether\aether-api\1.0.0.v20140518\aether-api-1.0.0.v20140518.jar;C:\Users\alokpandey02\.m2\repository\org\apache\maven\shared\maven-common-artifact-filters\3.1.1\maven-common-artifact-filters-3.1.1.jar;C:\Users\alokpandey02\.m2\repository\org\apache\maven\maven-artifact\3.1.0\maven-artifact-3.1.0.jar;C:\Users\alokpandey02\.m2\repository\org\codehaus\plexus\plexus-utils\3.0.10\plexus-utils-3.0.10.jar;C:\Users\alokpandey02\.m2\repository\org\apache\maven\maven-core\3.1.0\maven-core-3.1.0.jar;C:\Users\alokpandey02\.m2\repository\org\apache\maven\maven-settings\3.1.0\maven-settings-3.1.0.jar;C:\Users\alokpandey02\.m2\repository\org\apache\maven\maven-settings-builder\3.1.0\maven-settings-builder-3.1.0.jar;C:\Users\alokpandey02\.m2\repository\org\apache\maven\maven-repository-metadata\3.1.0\maven-repository-metadata-3.1.0.jar;C:\Users\alokpandey02\.m2\repository\org\apache\maven\maven-model-builder\3.1.0\maven-model-builder-3.1.0.jar;C:\Users\alokpandey02\.m2\repository\org\apache\maven\maven-aether-provider\3.1.0\maven-aether-provider-3.1.0.jar;C:\Users\alokpandey02\.m2\repository\org\eclipse\aether\aether-spi\0.9.0.M2\aether-spi-0.9.0.M2.jar;C:\Users\alokpandey02\.m2\repository\org\eclipse\aether\aether-impl\0.9.0.M2\aether-impl-0.9.0.M2.jar;C:\Users\alokpandey02\.m2\repository\org\eclipse\sisu\org.eclipse.sisu.plexus\0.0.0.M2a\org.eclipse.sisu.plexus-0.0.0.M2a.jar;C:\Users\alokpandey02\.m2\repository\javax\enterprise\cdi-api\1.0\cdi-api-1.0.jar;C:\Users\alokpandey02\.m2\repository\javax\annotation\jsr250-api\1.0\jsr250-api-1.0.jar;C:\Users\alokpandey02\.m2\repository\javax\inject\javax.inject\1\javax.inject-1.jar;C:\Users\alokpandey02\.m2\repository\org\sonatype\sisu\sisu-guice\3.1.0\sisu-guice-3.1.0-no_aop.jar;C:\Users\alokpandey02\.m2\repository\aopalliance\aopalliance\1.0\aopalliance-1.0.jar;C:\Users\alokpandey02\.m2\repository\org\eclipse\sisu\org.eclipse.sisu.inject\0.0.0.M2a\org.eclipse.sisu.inject-0.0.0.M2a.jar;C:\Users\alokpandey02\.m2\repository\asm\asm\3.3.1\asm-3.3.1.jar;C:\Users\alokpandey02\.m2\repository\org\codehaus\plexus\plexus-interpolation\1.16\plexus-interpolation-1.16.jar;C:\Users\alokpandey02\.m2\repository\org\codehaus\plexus\plexus-classworlds\2.4.2\plexus-classworlds-2.4.2.jar;C:\Users\alokpandey02\.m2\repository\org\codehaus\plexus\plexus-component-annotations\1.5.5\plexus-component-annotations-1.5.5.jar;C:\Users\alokpandey02\.m2\repository\org\sonatype\plexus\plexus-sec-dispatcher\1.3\plexus-sec-dispatcher-1.3.jar;C:\Users\alokpandey02\.m2\repository\org\sonatype\plexus\plexus-cipher\1.4\plexus-cipher-1.4.jar;C:\Users\alokpandey02\.m2\repository\org\apache\maven\maven-plugin-api\3.1.0\maven-plugin-api-3.1.0.jar;C:\Users\alokpandey02\.m2\repository\commons-io\commons-io\2.6\commons-io-2.6.jar;C:\Users\alokpandey02\.m2\repository\org\codehaus\plexus\plexus-java\1.2.0\plexus-java-1.2.0.jar;C:\Users\alokpandey02\.m2\repository\org\ow2\asm\asm\9.6\asm-9.6.jar;C:\Users\alokpandey02\.m2\repository\com\thoughtworks\qdox\qdox\2.0.3\qdox-2.0.3.jar;C:\Users\alokpandey02\.m2\repository\org\apache\maven\surefire\surefire-shared-utils\3.2.5\surefire-shared-utils-3.2.5.jar;C:\Users\alokpandey02\.m2\repository\org\apache\logging\log4j\log4j-core\2.23.1\log4j-core-2.23.1.jar;C:\Users\alokpandey02\.m2\repository\org\apache\logging\log4j\log4j-api\2.23.1\log4j-api-2.23.1.jar;C:\Users\alokpandey02\.m2\repository\com\aventstack\extentreports\5.1.1\extentreports-5.1.1.jar;C:\Users\alokpandey02\.m2\repository\io\reactivex\rxjava3\rxjava\3.1.6\rxjava-3.1.6.jar;C:\Users\alokpandey02\.m2\repository\org\reactivestreams\reactive-streams\1.0.4\reactive-streams-1.0.4.jar;C:\Users\alokpandey02\.m2\repository\org\freemarker\freemarker\2.3.32\freemarker-2.3.32.jar;C:\Users\alokpandey02\.m2\repository\org\projectlombok\lombok\1.18.26\lombok-1.18.26.jar;C:\Users\alokpandey02\.m2\repository\tech\grasshopper\extentreports-cucumber7-adapter\1.14.0\extentreports-cucumber7-adapter-1.14.0.jar;C:\Users\alokpandey02\.m2\repository\tech\grasshopper\extent-pdf-report\2.12.0\extent-pdf-report-2.12.0.jar;C:\Users\alokpandey02\.m2\repository\tech\grasshopper\cucumber-pdf-report\2.14.0\cucumber-pdf-report-2.14.0.jar;C:\Users\alokpandey02\.m2\repository\org\apache\pdfbox\pdfbox\2.0.26\pdfbox-2.0.26.jar;C:\Users\alokpandey02\.m2\repository\org\apache\pdfbox\fontbox\2.0.26\fontbox-2.0.26.jar;C:\Users\alokpandey02\.m2\repository\org\knowm\xchart\xchart\3.8.0\xchart-3.8.0.jar;C:\Users\alokpandey02\.m2\repository\de\erichseifert\vectorgraphics2d\VectorGraphics2D\0.13\VectorGraphics2D-0.13.jar;C:\Users\alokpandey02\.m2\repository\de\rototor\pdfbox\graphics2d\0.30\graphics2d-0.30.jar;C:\Users\alokpandey02\.m2\repository\com\madgag\animated-gif-lib\1.4\animated-gif-lib-1.4.jar;C:\Users\alokpandey02\.m2\repository\org\yaml\snakeyaml\2.0\snakeyaml-2.0.jar;C:\Users\alokpandey02\.m2\repository\tech\grasshopper\table-layout\1.5.1\table-layout-1.5.1.jar;C:\Users\alokpandey02\.m2\repository\tech\grasshopper\rest-assured-cucumber-pdf-report\1.5.0\rest-assured-cucumber-pdf-report-1.5.0.jar;C:\Users\alokpandey02\.m2\repository\org\jsoup\jsoup\1.15.3\jsoup-1.15.3.jar;C:\Users\alokpandey02\.m2\repository\com\aventstack\klov-reporter\5.1.0\klov-reporter-5.1.0.jar;C:\Users\alokpandey02\.m2\repository\org\mongodb\mongodb-driver\3.6.4\mongodb-driver-3.6.4.jar;C:\Users\alokpandey02\.m2\repository\org\mongodb\mongodb-driver-core\3.6.4\mongodb-driver-core-3.6.4.jar;C:\Users\alokpandey02\.m2\repository\org\mongodb\bson\3.6.4\bson-3.6.4.jar;C:\Users\alokpandey02\.m2\repository\org\apache\httpcomponents\httpclient\4.5.13\httpclient-4.5.13.jar;C:\Users\alokpandey02\.m2\repository\org\apache\httpcomponents\httpcore\4.4.13\httpcore-4.4.13.jar;C:\Users\alokpandey02\.m2\repository\commons-logging\commons-logging\1.2\commons-logging-1.2.jar;C:\Users\alokpandey02\.m2\repository\commons-codec\commons-codec\1.11\commons-codec-1.11.jar;C:\Users\alokpandey02\.m2\repository\org\apache\httpcomponents\httpmime\4.5.13\httpmime-4.5.13.jar;C:\Users\alokpandey02\.m2\repository\tech\grasshopper\htmlextentreporter\1.1.0\htmlextentreporter-1.1.0.jar;C:\Users\alokpandey02\.m2\repository\tech\grasshopper\extent-excel-report\1.4.0\extent-excel-report-1.4.0.jar;C:\Users\alokpandey02\.m2\repository\org\apache\poi\poi\5.2.3\poi-5.2.3.jar;C:\Users\alokpandey02\.m2\repository\org\apache\commons\commons-collections4\4.4\commons-collections4-4.4.jar;C:\Users\alokpandey02\.m2\repository\org\apache\commons\commons-math3\3.6.1\commons-math3-3.6.1.jar;C:\Users\alokpandey02\.m2\repository\com\zaxxer\SparseBitSet\1.2\SparseBitSet-1.2.jar;C:\Users\alokpandey02\.m2\repository\org\apache\poi\poi-ooxml\5.2.3\poi-ooxml-5.2.3.jar;C:\Users\alokpandey02\.m2\repository\org\apache\poi\poi-ooxml-lite\5.2.3\poi-ooxml-lite-5.2.3.jar;C:\Users\alokpandey02\.m2\repository\org\apache\xmlbeans\xmlbeans\5.1.1\xmlbeans-5.1.1.jar;C:\Users\alokpandey02\.m2\repository\org\apache\commons\commons-compress\1.21\commons-compress-1.21.jar;C:\Users\alokpandey02\.m2\repository\com\github\virtuald\curvesapi\1.07\curvesapi-1.07.jar;C:\Users\alokpandey02\.m2\repository\io\cucumber\cucumber-testng\7.18.0\cucumber-testng-7.18.0.jar;C:\Users\alokpandey02\.m2\repository\org\apiguardian\apiguardian-api\1.1.2\apiguardian-api-1.1.2.jar;C:\Users\alokpandey02\.m2\repository\io\cucumber\cucumber-core\7.18.0\cucumber-core-7.18.0.jar;C:\Users\alokpandey02\.m2\repository\io\cucumber\cucumber-gherkin-messages\7.18.0\cucumber-gherkin-messages-7.18.0.jar;C:\Users\alokpandey02\.m2\repository\io\cucumber\gherkin\28.0.0\gherkin-28.0.0.jar;C:\Users\alokpandey02\.m2\repository\io\cucumber\messages\24.1.0\messages-24.1.0.jar;C:\Users\alokpandey02\.m2\repository\io\cucumber\testng-xml-formatter\0.1.0\testng-xml-formatter-0.1.0.jar;C:\Users\alokpandey02\.m2\repository\io\cucumber\query\12.1.2\query-12.1.2.jar;C:\Users\alokpandey02\.m2\repository\io\cucumber\tag-expressions\6.1.0\tag-expressions-6.1.0.jar;C:\Users\alokpandey02\.m2\repository\io\cucumber\cucumber-expressions\17.1.0\cucumber-expressions-17.1.0.jar;C:\Users\alokpandey02\.m2\repository\io\cucumber\datatable\7.18.0\datatable-7.18.0.jar;C:\Users\alokpandey02\.m2\repository\io\cucumber\docstring\7.18.0\docstring-7.18.0.jar;C:\Users\alokpandey02\.m2\repository\io\cucumber\html-formatter\21.3.1\html-formatter-21.3.1.jar;C:\Users\alokpandey02\.m2\repository\io\cucumber\junit-xml-formatter\0.4.0\junit-xml-formatter-0.4.0.jar;C:\Users\alokpandey02\.m2\repository\io\cucumber\ci-environment\10.0.1\ci-environment-10.0.1.jar;C:\Users\alokpandey02\.m2\repository\io\cucumber\cucumber-picocontainer\7.18.0\cucumber-picocontainer-7.18.0.jar;C:\Users\alokpandey02\.m2\repository\org\picocontainer\picocontainer\2.15\picocontainer-2.15.jar;C:\Users\alokpandey02\.m2\repository\io\cucumber\cucumber-gherkin\7.18.0\cucumber-gherkin-7.18.0.jar;C:\Users\alokpandey02\.m2\repository\io\cucumber\cucumber-plugin\7.18.0\cucumber-plugin-7.18.0.jar;C:\Users\alokpandey02\.m2\repository\io\cucumber\cucumber-java\7.18.0\cucumber-java-7.18.0.jar;C:\Users\alokpandey02\.m2\repository\org\seleniumhq\selenium\selenium-java\4.21.0\selenium-java-4.21.0.jar;C:\Users\alokpandey02\.m2\repository\org\seleniumhq\selenium\selenium-chrome-driver\4.21.0\selenium-chrome-driver-4.21.0.jar;C:\Users\alokpandey02\.m2\repository\org\seleniumhq\selenium\selenium-chromium-driver\4.21.0\selenium-chromium-driver-4.21.0.jar;C:\Users\alokpandey02\.m2\repository\org\seleniumhq\selenium\selenium-devtools-v123\4.21.0\selenium-devtools-v123-4.21.0.jar;C:\Users\alokpandey02\.m2\repository\org\seleniumhq\selenium\selenium-devtools-v124\4.21.0\selenium-devtools-v124-4.21.0.jar;C:\Users\alokpandey02\.m2\repository\org\seleniumhq\selenium\selenium-devtools-v125\4.21.0\selenium-devtools-v125-4.21.0.jar;C:\Users\alokpandey02\.m2\repository\org\seleniumhq\selenium\selenium-devtools-v85\4.21.0\selenium-devtools-v85-4.21.0.jar;C:\Users\alokpandey02\.m2\repository\org\seleniumhq\selenium\selenium-edge-driver\4.21.0\selenium-edge-driver-4.21.0.jar;C:\Users\alokpandey02\.m2\repository\org\seleniumhq\selenium\selenium-firefox-driver\4.21.0\selenium-firefox-driver-4.21.0.jar;C:\Users\alokpandey02\.m2\repository\org\seleniumhq\selenium\selenium-ie-driver\4.21.0\selenium-ie-driver-4.21.0.jar;C:\Users\alokpandey02\.m2\repository\org\seleniumhq\selenium\selenium-safari-driver\4.21.0\selenium-safari-driver-4.21.0.jar;"/>
    <property name="java.vm.vendor" value="Oracle Corporation"/>
    <property name="sun.arch.data.model" value="64"/>
    <property name="user.variant" value=""/>
    <property name="java.vendor.url" value="https://java.oracle.com/"/>
    <property name="user.timezone" value="Asia/Calcutta"/>
    <property name="os.name" value="Windows 10"/>
    <property name="java.vm.specification.version" value="17"/>
    <property name="sun.java.launcher" value="SUN_STANDARD"/>
    <property name="user.country" value="US"/>
    <property name="sun.boot.library.path" value="C:\Users\alokpandey02\jdk-17\bin"/>
    <property name="sun.java.command" value="C:\Users\ALOKPA~1\AppData\Local\Temp\surefire72364245071939194\surefirebooter2437260643296620948.jar C:\Users\alokpandey02\AppData\Local\Temp\surefire72364245071939194 2024-06-03T16-11-02_408-jvmRun1 surefire17810479652990962990tmp surefire_015569042372538449672tmp"/>
    <property name="jdk.debug" value="release"/>
    <property name="surefire.test.class.path" value="C:\Users\alokpandey02\eclipse-workspace\NAGPAppiumAssignment\target\test-classes;C:\Users\alokpandey02\eclipse-workspace\NAGPAppiumAssignment\target\classes;C:\Users\alokpandey02\.m2\repository\org\testng\testng\7.10.2\testng-7.10.2.jar;C:\Users\alokpandey02\.m2\repository\org\slf4j\slf4j-api\1.7.36\slf4j-api-1.7.36.jar;C:\Users\alokpandey02\.m2\repository\com\beust\jcommander\1.82\jcommander-1.82.jar;C:\Users\alokpandey02\.m2\repository\org\webjars\jquery\3.7.1\jquery-3.7.1.jar;C:\Users\alokpandey02\.m2\repository\io\appium\java-client\9.2.2\java-client-9.2.2.jar;C:\Users\alokpandey02\.m2\repository\org\seleniumhq\selenium\selenium-api\4.21.0\selenium-api-4.21.0.jar;C:\Users\alokpandey02\.m2\repository\org\seleniumhq\selenium\selenium-remote-driver\4.21.0\selenium-remote-driver-4.21.0.jar;C:\Users\alokpandey02\.m2\repository\com\google\auto\service\auto-service-annotations\1.1.1\auto-service-annotations-1.1.1.jar;C:\Users\alokpandey02\.m2\repository\com\google\guava\guava\33.2.0-jre\guava-33.2.0-jre.jar;C:\Users\alokpandey02\.m2\repository\com\google\guava\failureaccess\1.0.2\failureaccess-1.0.2.jar;C:\Users\alokpandey02\.m2\repository\com\google\guava\listenablefuture\9999.0-empty-to-avoid-conflict-with-guava\listenablefuture-9999.0-empty-to-avoid-conflict-with-guava.jar;C:\Users\alokpandey02\.m2\repository\com\google\code\findbugs\jsr305\3.0.2\jsr305-3.0.2.jar;C:\Users\alokpandey02\.m2\repository\org\checkerframework\checker-qual\3.42.0\checker-qual-3.42.0.jar;C:\Users\alokpandey02\.m2\repository\com\google\errorprone\error_prone_annotations\2.26.1\error_prone_annotations-2.26.1.jar;C:\Users\alokpandey02\.m2\repository\com\google\j2objc\j2objc-annotations\3.0.0\j2objc-annotations-3.0.0.jar;C:\Users\alokpandey02\.m2\repository\io\opentelemetry\semconv\opentelemetry-semconv\1.25.0-alpha\opentelemetry-semconv-1.25.0-alpha.jar;C:\Users\alokpandey02\.m2\repository\io\opentelemetry\opentelemetry-api\1.38.0\opentelemetry-api-1.38.0.jar;C:\Users\alokpandey02\.m2\repository\io\opentelemetry\opentelemetry-context\1.38.0\opentelemetry-context-1.38.0.jar;C:\Users\alokpandey02\.m2\repository\io\opentelemetry\opentelemetry-exporter-logging\1.38.0\opentelemetry-exporter-logging-1.38.0.jar;C:\Users\alokpandey02\.m2\repository\io\opentelemetry\opentelemetry-sdk-common\1.38.0\opentelemetry-sdk-common-1.38.0.jar;C:\Users\alokpandey02\.m2\repository\io\opentelemetry\opentelemetry-sdk-extension-autoconfigure-spi\1.38.0\opentelemetry-sdk-extension-autoconfigure-spi-1.38.0.jar;C:\Users\alokpandey02\.m2\repository\io\opentelemetry\opentelemetry-sdk-extension-autoconfigure\1.38.0\opentelemetry-sdk-extension-autoconfigure-1.38.0.jar;C:\Users\alokpandey02\.m2\repository\io\opentelemetry\opentelemetry-api-incubator\1.38.0-alpha\opentelemetry-api-incubator-1.38.0-alpha.jar;C:\Users\alokpandey02\.m2\repository\io\opentelemetry\opentelemetry-sdk-trace\1.38.0\opentelemetry-sdk-trace-1.38.0.jar;C:\Users\alokpandey02\.m2\repository\io\opentelemetry\opentelemetry-sdk\1.38.0\opentelemetry-sdk-1.38.0.jar;C:\Users\alokpandey02\.m2\repository\io\opentelemetry\opentelemetry-sdk-metrics\1.38.0\opentelemetry-sdk-metrics-1.38.0.jar;C:\Users\alokpandey02\.m2\repository\io\opentelemetry\opentelemetry-sdk-logs\1.38.0\opentelemetry-sdk-logs-1.38.0.jar;C:\Users\alokpandey02\.m2\repository\net\bytebuddy\byte-buddy\1.14.15\byte-buddy-1.14.15.jar;C:\Users\alokpandey02\.m2\repository\org\seleniumhq\selenium\selenium-http\4.21.0\selenium-http-4.21.0.jar;C:\Users\alokpandey02\.m2\repository\dev\failsafe\failsafe\3.3.2\failsafe-3.3.2.jar;C:\Users\alokpandey02\.m2\repository\org\seleniumhq\selenium\selenium-json\4.21.0\selenium-json-4.21.0.jar;C:\Users\alokpandey02\.m2\repository\org\seleniumhq\selenium\selenium-manager\4.21.0\selenium-manager-4.21.0.jar;C:\Users\alokpandey02\.m2\repository\org\seleniumhq\selenium\selenium-os\4.21.0\selenium-os-4.21.0.jar;C:\Users\alokpandey02\.m2\repository\org\apache\commons\commons-exec\1.4.0\commons-exec-1.4.0.jar;C:\Users\alokpandey02\.m2\repository\org\seleniumhq\selenium\selenium-support\4.21.0\selenium-support-4.21.0.jar;C:\Users\alokpandey02\.m2\repository\com\google\code\gson\gson\2.10.1\gson-2.10.1.jar;C:\Users\alokpandey02\.m2\repository\org\apache\maven\plugins\maven-surefire-plugin\3.2.5\maven-surefire-plugin-3.2.5.jar;C:\Users\alokpandey02\.m2\repository\org\apache\maven\surefire\maven-surefire-common\3.2.5\maven-surefire-common-3.2.5.jar;C:\Users\alokpandey02\.m2\repository\org\apache\maven\surefire\surefire-api\3.2.5\surefire-api-3.2.5.jar;C:\Users\alokpandey02\.m2\repository\org\apache\maven\surefire\surefire-logger-api\3.2.5\surefire-logger-api-3.2.5.jar;C:\Users\alokpandey02\.m2\repository\org\apache\maven\surefire\surefire-extensions-api\3.2.5\surefire-extensions-api-3.2.5.jar;C:\Users\alokpandey02\.m2\repository\org\apache\maven\surefire\surefire-booter\3.2.5\surefire-booter-3.2.5.jar;C:\Users\alokpandey02\.m2\repository\org\apache\maven\surefire\surefire-extensions-spi\3.2.5\surefire-extensions-spi-3.2.5.jar;C:\Users\alokpandey02\.m2\repository\org\eclipse\aether\aether-util\1.0.0.v20140518\aether-util-1.0.0.v20140518.jar;C:\Users\alokpandey02\.m2\repository\org\eclipse\aether\aether-api\1.0.0.v20140518\aether-api-1.0.0.v20140518.jar;C:\Users\alokpandey02\.m2\repository\org\apache\maven\shared\maven-common-artifact-filters\3.1.1\maven-common-artifact-filters-3.1.1.jar;C:\Users\alokpandey02\.m2\repository\org\apache\maven\maven-artifact\3.1.0\maven-artifact-3.1.0.jar;C:\Users\alokpandey02\.m2\repository\org\codehaus\plexus\plexus-utils\3.0.10\plexus-utils-3.0.10.jar;C:\Users\alokpandey02\.m2\repository\org\apache\maven\maven-core\3.1.0\maven-core-3.1.0.jar;C:\Users\alokpandey02\.m2\repository\org\apache\maven\maven-settings\3.1.0\maven-settings-3.1.0.jar;C:\Users\alokpandey02\.m2\repository\org\apache\maven\maven-settings-builder\3.1.0\maven-settings-builder-3.1.0.jar;C:\Users\alokpandey02\.m2\repository\org\apache\maven\maven-repository-metadata\3.1.0\maven-repository-metadata-3.1.0.jar;C:\Users\alokpandey02\.m2\repository\org\apache\maven\maven-model-builder\3.1.0\maven-model-builder-3.1.0.jar;C:\Users\alokpandey02\.m2\repository\org\apache\maven\maven-aether-provider\3.1.0\maven-aether-provider-3.1.0.jar;C:\Users\alokpandey02\.m2\repository\org\eclipse\aether\aether-spi\0.9.0.M2\aether-spi-0.9.0.M2.jar;C:\Users\alokpandey02\.m2\repository\org\eclipse\aether\aether-impl\0.9.0.M2\aether-impl-0.9.0.M2.jar;C:\Users\alokpandey02\.m2\repository\org\eclipse\sisu\org.eclipse.sisu.plexus\0.0.0.M2a\org.eclipse.sisu.plexus-0.0.0.M2a.jar;C:\Users\alokpandey02\.m2\repository\javax\enterprise\cdi-api\1.0\cdi-api-1.0.jar;C:\Users\alokpandey02\.m2\repository\javax\annotation\jsr250-api\1.0\jsr250-api-1.0.jar;C:\Users\alokpandey02\.m2\repository\javax\inject\javax.inject\1\javax.inject-1.jar;C:\Users\alokpandey02\.m2\repository\org\sonatype\sisu\sisu-guice\3.1.0\sisu-guice-3.1.0-no_aop.jar;C:\Users\alokpandey02\.m2\repository\aopalliance\aopalliance\1.0\aopalliance-1.0.jar;C:\Users\alokpandey02\.m2\repository\org\eclipse\sisu\org.eclipse.sisu.inject\0.0.0.M2a\org.eclipse.sisu.inject-0.0.0.M2a.jar;C:\Users\alokpandey02\.m2\repository\asm\asm\3.3.1\asm-3.3.1.jar;C:\Users\alokpandey02\.m2\repository\org\codehaus\plexus\plexus-interpolation\1.16\plexus-interpolation-1.16.jar;C:\Users\alokpandey02\.m2\repository\org\codehaus\plexus\plexus-classworlds\2.4.2\plexus-classworlds-2.4.2.jar;C:\Users\alokpandey02\.m2\repository\org\codehaus\plexus\plexus-component-annotations\1.5.5\plexus-component-annotations-1.5.5.jar;C:\Users\alokpandey02\.m2\repository\org\sonatype\plexus\plexus-sec-dispatcher\1.3\plexus-sec-dispatcher-1.3.jar;C:\Users\alokpandey02\.m2\repository\org\sonatype\plexus\plexus-cipher\1.4\plexus-cipher-1.4.jar;C:\Users\alokpandey02\.m2\repository\org\apache\maven\maven-plugin-api\3.1.0\maven-plugin-api-3.1.0.jar;C:\Users\alokpandey02\.m2\repository\commons-io\commons-io\2.6\commons-io-2.6.jar;C:\Users\alokpandey02\.m2\repository\org\codehaus\plexus\plexus-java\1.2.0\plexus-java-1.2.0.jar;C:\Users\alokpandey02\.m2\repository\org\ow2\asm\asm\9.6\asm-9.6.jar;C:\Users\alokpandey02\.m2\repository\com\thoughtworks\qdox\qdox\2.0.3\qdox-2.0.3.jar;C:\Users\alokpandey02\.m2\repository\org\apache\maven\surefire\surefire-shared-utils\3.2.5\surefire-shared-utils-3.2.5.jar;C:\Users\alokpandey02\.m2\repository\org\apache\logging\log4j\log4j-core\2.23.1\log4j-core-2.23.1.jar;C:\Users\alokpandey02\.m2\repository\org\apache\logging\log4j\log4j-api\2.23.1\log4j-api-2.23.1.jar;C:\Users\alokpandey02\.m2\repository\com\aventstack\extentreports\5.1.1\extentreports-5.1.1.jar;C:\Users\alokpandey02\.m2\repository\io\reactivex\rxjava3\rxjava\3.1.6\rxjava-3.1.6.jar;C:\Users\alokpandey02\.m2\repository\org\reactivestreams\reactive-streams\1.0.4\reactive-streams-1.0.4.jar;C:\Users\alokpandey02\.m2\repository\org\freemarker\freemarker\2.3.32\freemarker-2.3.32.jar;C:\Users\alokpandey02\.m2\repository\org\projectlombok\lombok\1.18.26\lombok-1.18.26.jar;C:\Users\alokpandey02\.m2\repository\tech\grasshopper\extentreports-cucumber7-adapter\1.14.0\extentreports-cucumber7-adapter-1.14.0.jar;C:\Users\alokpandey02\.m2\repository\tech\grasshopper\extent-pdf-report\2.12.0\extent-pdf-report-2.12.0.jar;C:\Users\alokpandey02\.m2\repository\tech\grasshopper\cucumber-pdf-report\2.14.0\cucumber-pdf-report-2.14.0.jar;C:\Users\alokpandey02\.m2\repository\org\apache\pdfbox\pdfbox\2.0.26\pdfbox-2.0.26.jar;C:\Users\alokpandey02\.m2\repository\org\apache\pdfbox\fontbox\2.0.26\fontbox-2.0.26.jar;C:\Users\alokpandey02\.m2\repository\org\knowm\xchart\xchart\3.8.0\xchart-3.8.0.jar;C:\Users\alokpandey02\.m2\repository\de\erichseifert\vectorgraphics2d\VectorGraphics2D\0.13\VectorGraphics2D-0.13.jar;C:\Users\alokpandey02\.m2\repository\de\rototor\pdfbox\graphics2d\0.30\graphics2d-0.30.jar;C:\Users\alokpandey02\.m2\repository\com\madgag\animated-gif-lib\1.4\animated-gif-lib-1.4.jar;C:\Users\alokpandey02\.m2\repository\org\yaml\snakeyaml\2.0\snakeyaml-2.0.jar;C:\Users\alokpandey02\.m2\repository\tech\grasshopper\table-layout\1.5.1\table-layout-1.5.1.jar;C:\Users\alokpandey02\.m2\repository\tech\grasshopper\rest-assured-cucumber-pdf-report\1.5.0\rest-assured-cucumber-pdf-report-1.5.0.jar;C:\Users\alokpandey02\.m2\repository\org\jsoup\jsoup\1.15.3\jsoup-1.15.3.jar;C:\Users\alokpandey02\.m2\repository\com\aventstack\klov-reporter\5.1.0\klov-reporter-5.1.0.jar;C:\Users\alokpandey02\.m2\repository\org\mongodb\mongodb-driver\3.6.4\mongodb-driver-3.6.4.jar;C:\Users\alokpandey02\.m2\repository\org\mongodb\mongodb-driver-core\3.6.4\mongodb-driver-core-3.6.4.jar;C:\Users\alokpandey02\.m2\repository\org\mongodb\bson\3.6.4\bson-3.6.4.jar;C:\Users\alokpandey02\.m2\repository\org\apache\httpcomponents\httpclient\4.5.13\httpclient-4.5.13.jar;C:\Users\alokpandey02\.m2\repository\org\apache\httpcomponents\httpcore\4.4.13\httpcore-4.4.13.jar;C:\Users\alokpandey02\.m2\repository\commons-logging\commons-logging\1.2\commons-logging-1.2.jar;C:\Users\alokpandey02\.m2\repository\commons-codec\commons-codec\1.11\commons-codec-1.11.jar;C:\Users\alokpandey02\.m2\repository\org\apache\httpcomponents\httpmime\4.5.13\httpmime-4.5.13.jar;C:\Users\alokpandey02\.m2\repository\tech\grasshopper\htmlextentreporter\1.1.0\htmlextentreporter-1.1.0.jar;C:\Users\alokpandey02\.m2\repository\tech\grasshopper\extent-excel-report\1.4.0\extent-excel-report-1.4.0.jar;C:\Users\alokpandey02\.m2\repository\org\apache\poi\poi\5.2.3\poi-5.2.3.jar;C:\Users\alokpandey02\.m2\repository\org\apache\commons\commons-collections4\4.4\commons-collections4-4.4.jar;C:\Users\alokpandey02\.m2\repository\org\apache\commons\commons-math3\3.6.1\commons-math3-3.6.1.jar;C:\Users\alokpandey02\.m2\repository\com\zaxxer\SparseBitSet\1.2\SparseBitSet-1.2.jar;C:\Users\alokpandey02\.m2\repository\org\apache\poi\poi-ooxml\5.2.3\poi-ooxml-5.2.3.jar;C:\Users\alokpandey02\.m2\repository\org\apache\poi\poi-ooxml-lite\5.2.3\poi-ooxml-lite-5.2.3.jar;C:\Users\alokpandey02\.m2\repository\org\apache\xmlbeans\xmlbeans\5.1.1\xmlbeans-5.1.1.jar;C:\Users\alokpandey02\.m2\repository\org\apache\commons\commons-compress\1.21\commons-compress-1.21.jar;C:\Users\alokpandey02\.m2\repository\com\github\virtuald\curvesapi\1.07\curvesapi-1.07.jar;C:\Users\alokpandey02\.m2\repository\io\cucumber\cucumber-testng\7.18.0\cucumber-testng-7.18.0.jar;C:\Users\alokpandey02\.m2\repository\org\apiguardian\apiguardian-api\1.1.2\apiguardian-api-1.1.2.jar;C:\Users\alokpandey02\.m2\repository\io\cucumber\cucumber-core\7.18.0\cucumber-core-7.18.0.jar;C:\Users\alokpandey02\.m2\repository\io\cucumber\cucumber-gherkin-messages\7.18.0\cucumber-gherkin-messages-7.18.0.jar;C:\Users\alokpandey02\.m2\repository\io\cucumber\gherkin\28.0.0\gherkin-28.0.0.jar;C:\Users\alokpandey02\.m2\repository\io\cucumber\messages\24.1.0\messages-24.1.0.jar;C:\Users\alokpandey02\.m2\repository\io\cucumber\testng-xml-formatter\0.1.0\testng-xml-formatter-0.1.0.jar;C:\Users\alokpandey02\.m2\repository\io\cucumber\query\12.1.2\query-12.1.2.jar;C:\Users\alokpandey02\.m2\repository\io\cucumber\tag-expressions\6.1.0\tag-expressions-6.1.0.jar;C:\Users\alokpandey02\.m2\repository\io\cucumber\cucumber-expressions\17.1.0\cucumber-expressions-17.1.0.jar;C:\Users\alokpandey02\.m2\repository\io\cucumber\datatable\7.18.0\datatable-7.18.0.jar;C:\Users\alokpandey02\.m2\repository\io\cucumber\docstring\7.18.0\docstring-7.18.0.jar;C:\Users\alokpandey02\.m2\repository\io\cucumber\html-formatter\21.3.1\html-formatter-21.3.1.jar;C:\Users\alokpandey02\.m2\repository\io\cucumber\junit-xml-formatter\0.4.0\junit-xml-formatter-0.4.0.jar;C:\Users\alokpandey02\.m2\repository\io\cucumber\ci-environment\10.0.1\ci-environment-10.0.1.jar;C:\Users\alokpandey02\.m2\repository\io\cucumber\cucumber-picocontainer\7.18.0\cucumber-picocontainer-7.18.0.jar;C:\Users\alokpandey02\.m2\repository\org\picocontainer\picocontainer\2.15\picocontainer-2.15.jar;C:\Users\alokpandey02\.m2\repository\io\cucumber\cucumber-gherkin\7.18.0\cucumber-gherkin-7.18.0.jar;C:\Users\alokpandey02\.m2\repository\io\cucumber\cucumber-plugin\7.18.0\cucumber-plugin-7.18.0.jar;C:\Users\alokpandey02\.m2\repository\io\cucumber\cucumber-java\7.18.0\cucumber-java-7.18.0.jar;C:\Users\alokpandey02\.m2\repository\org\seleniumhq\selenium\selenium-java\4.21.0\selenium-java-4.21.0.jar;C:\Users\alokpandey02\.m2\repository\org\seleniumhq\selenium\selenium-chrome-driver\4.21.0\selenium-chrome-driver-4.21.0.jar;C:\Users\alokpandey02\.m2\repository\org\seleniumhq\selenium\selenium-chromium-driver\4.21.0\selenium-chromium-driver-4.21.0.jar;C:\Users\alokpandey02\.m2\repository\org\seleniumhq\selenium\selenium-devtools-v123\4.21.0\selenium-devtools-v123-4.21.0.jar;C:\Users\alokpandey02\.m2\repository\org\seleniumhq\selenium\selenium-devtools-v124\4.21.0\selenium-devtools-v124-4.21.0.jar;C:\Users\alokpandey02\.m2\repository\org\seleniumhq\selenium\selenium-devtools-v125\4.21.0\selenium-devtools-v125-4.21.0.jar;C:\Users\alokpandey02\.m2\repository\org\seleniumhq\selenium\selenium-devtools-v85\4.21.0\selenium-devtools-v85-4.21.0.jar;C:\Users\alokpandey02\.m2\repository\org\seleniumhq\selenium\selenium-edge-driver\4.21.0\selenium-edge-driver-4.21.0.jar;C:\Users\alokpandey02\.m2\repository\org\seleniumhq\selenium\selenium-firefox-driver\4.21.0\selenium-firefox-driver-4.21.0.jar;C:\Users\alokpandey02\.m2\repository\org\seleniumhq\selenium\selenium-ie-driver\4.21.0\selenium-ie-driver-4.21.0.jar;C:\Users\alokpandey02\.m2\repository\org\seleniumhq\selenium\selenium-safari-driver\4.21.0\selenium-safari-driver-4.21.0.jar;"/>
    <property name="sun.cpu.endian" value="little"/>
    <property name="user.home" value="C:\Users\alokpandey02"/>
    <property name="user.language" value="en"/>
    <property name="java.specification.vendor" value="Oracle Corporation"/>
    <property name="java.version.date" value="2021-09-14"/>
    <property name="java.home" value="C:\Users\alokpandey02\jdk-17"/>
    <property name="file.separator" value="\"/>
    <property name="basedir" value="C:\Users\alokpandey02\eclipse-workspace\NAGPAppiumAssignment"/>
    <property name="java.vm.compressedOopsMode" value="Zero based"/>
    <property name="line.separator" value="&#10;"/>
    <property name="java.vm.specification.vendor" value="Oracle Corporation"/>
    <property name="java.specification.name" value="Java Platform API Specification"/>
    <property name="surefire.real.class.path" value="C:\Users\ALOKPA~1\AppData\Local\Temp\surefire72364245071939194\surefirebooter2437260643296620948.jar"/>
    <property name="user.script" value=""/>
    <property name="sun.management.compiler" value="HotSpot 64-Bit Tiered Compilers"/>
    <property name="java.runtime.version" value="17+35-2724"/>
    <property name="user.name" value="alokpandey02"/>
    <property name="path.separator" value=";"/>
    <property name="os.version" value="10.0"/>
    <property name="java.runtime.name" value="OpenJDK Runtime Environment"/>
    <property name="file.encoding" value="Cp1252"/>
    <property name="java.vm.name" value="OpenJDK 64-Bit Server VM"/>
    <property name="localRepository" value="C:\Users\alokpandey02\.m2\repository"/>
    <property name="cucumber.options" value="--tags @Home"/>
    <property name="java.vendor.url.bug" value="https://bugreport.java.com/bugreport/"/>
    <property name="java.io.tmpdir" value="C:\Users\ALOKPA~1\AppData\Local\Temp\"/>
    <property name="java.version" value="17"/>
    <property name="user.dir" value="C:\Users\alokpandey02\eclipse-workspace\NAGPAppiumAssignment"/>
    <property name="os.arch" value="amd64"/>
    <property name="java.vm.specification.name" value="Java Virtual Machine Specification"/>
    <property name="sun.os.patch.level" value=""/>
    <property name="native.encoding" value="Cp1252"/>
    <property name="java.library.path" value="C:\Users\alokpandey02\jdk-17\bin;C:\Windows\Sun\Java\bin;C:\Windows\system32;C:\Windows;C:\Windows\system32;C:\Windows;C:\Windows\System32\Wbem;C:\Windows\System32\WindowsPowerShell\v1.0\;C:\Windows\System32\OpenSSH\;C:\Program Files\nodejs\;C:\Users\alokpandey02\apache-maven-3.9.6\bin;C:\Users\alokpandey02\jdk-17\bin;C:\Users\alokpandey02\AppData\Local\Android\Sdk\platform-tools;C:\Program Files\dotnet\;C:\Program Files\TortoiseSVN\bin;C:\Program Files\Git\cmd;C:\Users\alokpandey02\AppData\Local\Microsoft\WindowsApps;C:\Users\alokpandey02\AppData\Local\Programs\Microsoft VS Code\bin;C:\Users\alokpandey02\AppData\Roaming\npm;C:\Users\alokpandey02\AppData\Local\Programs\Git\cmd;C:\Users\alokpandey02\.dotnet\tools;."/>
    <property name="java.vm.info" value="mixed mode, sharing"/>
    <property name="java.vendor" value="Oracle Corporation"/>
    <property name="java.vm.version" value="17+35-2724"/>
    <property name="sun.io.unicode.encoding" value="UnicodeLittle"/>
    <property name="java.class.version" value="61.0"/>
  </properties>
  <testcase name="runScenario" classname="nagp.runner.TestRunner" time="31.285">
    <failure message="Could not start a new session. Response code 500. Message: An unknown server-side error occurred while processing the command. Original error: Error executing adbExec. Original error: &apos;Command &apos;C:\\Users\\alokpandey02\\AppData\\Local\\Android\\Sdk\\platform-tools\\adb.exe -P 5037 -s emulator-5554 shell pm clear com.boopathy.raja.tutorial&apos; timed out after 20000ms&apos;. Try to increase the 20000ms adb execution timeout represented by &apos;adbExecTimeout&apos; capability &#10;Host info: host: &apos;IN-BXWVDK3&apos;, ip: &apos;192.168.1.104&apos;&#10;Build info: version: &apos;4.21.0&apos;, revision: &apos;79ed462ef4&apos;&#10;System info: os.name: &apos;Windows 10&apos;, os.arch: &apos;amd64&apos;, os.version: &apos;10.0&apos;, java.version: &apos;17&apos;&#10;Driver info: io.appium.java_client.android.AndroidDriver&#10;Command: [null, newSession {capabilities=[{appium:appWaitPackage=com.boopathy.raja.tutorial, appium:appWaitActivity=com.boopathy.raja.tutorial.Splash, platformName=ANDROID, appium:autoAcceptAlerts=true, appium:automationName=UiAutomator2, appium:deviceName=Android, appium:newCommandTimeout=300, appium:platformVersion=8.0, appium:app=C:\Users\alokpandey02\eclipse-workspace\NAGPAppiumAssignment\src\test\resources\Android_UI_Design-1.0 1.apk}], desiredCapabilities=Capabilities {app: C:\Users\alokpandey02\eclip..., appWaitActivity: com.boopathy.raja.tutorial...., appWaitPackage: com.boopathy.raja.tutorial, autoAcceptAlerts: true, automationName: UiAutomator2, deviceName: Android, newCommandTimeout: 300, platformName: ANDROID, platformVersion: 8.0}}]&#10;Capabilities {app: C:\Users\alokpandey02\eclip..., appWaitActivity: com.boopathy.raja.tutorial...., appWaitPackage: com.boopathy.raja.tutorial, autoAcceptAlerts: true, automationName: UiAutomator2, deviceName: Android, newCommandTimeout: 300, platformName: ANDROID, platformVersion: 8.0}" type="org.openqa.selenium.SessionNotCreatedException">org.openqa.selenium.SessionNotCreatedException: 
Could not start a new session. Response code 500. Message: An unknown server-side error occurred while processing the command. Original error: Error executing adbExec. Original error: 'Command 'C:\\Users\\alokpandey02\\AppData\\Local\\Android\\Sdk\\platform-tools\\adb.exe -P 5037 -s emulator-5554 shell pm clear com.boopathy.raja.tutorial' timed out after 20000ms'. Try to increase the 20000ms adb execution timeout represented by 'adbExecTimeout' capability 
Host info: host: 'IN-BXWVDK3', ip: '192.168.1.104'
Build info: version: '4.21.0', revision: '79ed462ef4'
System info: os.name: 'Windows 10', os.arch: 'amd64', os.version: '10.0', java.version: '17'
Driver info: io.appium.java_client.android.AndroidDriver
Command: [null, newSession {capabilities=[{appium:appWaitPackage=com.boopathy.raja.tutorial, appium:appWaitActivity=com.boopathy.raja.tutorial.Splash, platformName=ANDROID, appium:autoAcceptAlerts=true, appium:automationName=UiAutomator2, appium:deviceName=Android, appium:newCommandTimeout=300, appium:platformVersion=8.0, appium:app=C:\Users\alokpandey02\eclipse-workspace\NAGPAppiumAssignment\src\test\resources\Android_UI_Design-1.0 1.apk}], desiredCapabilities=Capabilities {app: C:\Users\alokpandey02\eclip..., appWaitActivity: com.boopathy.raja.tutorial...., appWaitPackage: com.boopathy.raja.tutorial, autoAcceptAlerts: true, automationName: UiAutomator2, deviceName: Android, newCommandTimeout: 300, platformName: ANDROID, platformVersion: 8.0}}]
Capabilities {app: C:\Users\alokpandey02\eclip..., appWaitActivity: com.boopathy.raja.tutorial...., appWaitPackage: com.boopathy.raja.tutorial, autoAcceptAlerts: true, automationName: UiAutomator2, deviceName: Android, newCommandTimeout: 300, platformName: ANDROID, platformVersion: 8.0}
</failure>
    <system-out><![CDATA[[INFO ] 2024-06-03 16:11:31.038 [main] TestLogger - Thread 1: Running Before All method
[INFO ] 2024-06-03 16:11:33.509 [main] TestLogger - Thread 1: Starting Appium service.
&amp#27;[35m[Appium]&amp#27;[39m Welcome to Appium v2.5.4
&amp#27;[35m[Appium]&amp#27;[39m The autodetected Appium home path: C:\Users\alokpandey02\.appium
&amp#27;[35m[Appium]&amp#27;[39m Attempting to load driver uiautomator2...
&amp#27;[35m[Appium]&amp#27;[39m Requiring driver at C:\Users\alokpandey02\.appium\node_modules\appium-uiautomator2-driver\build\index.js
&amp#27;[35m[Appium]&amp#27;[39m AndroidUiautomator2Driver has been successfully loaded in 2.443s
&amp#27;[35m[Appium]&amp#27;[39m Appium REST http interface listener started on http://0.0.0.0:4723
&amp#27;[35m[Appium]&amp#27;[39m You can provide the following URLs in your client code to connect to this server:
&amp#27;[35m[Appium]&amp#27;[39m 	http://192.168.1.104:4723/
&amp#27;[35m[Appium]&amp#27;[39m 	http://127.0.0.1:4723/ (only accessible from the same host)
&amp#27;[35m[Appium]&amp#27;[39m Available drivers:
&amp#27;[35m[Appium]&amp#27;[39m   - uiautomator2@3.5.2 (automationName 'UiAutomator2')
&amp#27;[35m[Appium]&amp#27;[39m Available plugins:
&amp#27;[35m[Appium]&amp#27;[39m   - gestures@4.0.1
&amp#27;[35m[Appium]&amp#27;[39m No plugins activated. Use the --use-plugins flag with names of plugins to activate
&amp#27;[38;5;0m[HTTP]&amp#27;[0m &amp#27;[37m-->&amp#27;[39m &amp#27;[37mGET&amp#27;[39m &amp#27;[37m/status&amp#27;[39m
&amp#27;[38;5;0m[HTTP]&amp#27;[0m &amp#27;[90m{}&amp#27;[39m
&amp#27;[38;5;16m[AppiumDriver@f52c]&amp#27;[0m Calling AppiumDriver.getStatus() with args: []
&amp#27;[38;5;16m[AppiumDriver@f52c]&amp#27;[0m Responding to client with driver.getStatus() result: {"ready":true,"message":"The server is ready to accept new connections","build":{"version":"2.5.4"}}
&amp#27;[38;5;0m[HTTP]&amp#27;[0m &amp#27;[37m<-- GET /status &amp#27;[39m&amp#27;[32m200&amp#27;[39m &amp#27;[90m7 ms - 110&amp#27;[39m
&amp#27;[38;5;0m[HTTP]&amp#27;[0m &amp#27;[90m&amp#27;[39m
[INFO ] 2024-06-03 16:11:39.777 [main] TestLogger - Thread 1: Appium service started.
[INFO ] 2024-06-03 16:11:40.715 [main] TestLogger - Thread 1: Launching application
[INFO ] 2024-06-03 16:11:40.737 [main] TestLogger - Thread 1: Creating appium driver
&amp#27;[38;5;0m[HTTP]&amp#27;[0m Request idempotency key: cfba64d8-3d9d-49a7-a762-28cb89dbb865
&amp#27;[38;5;0m[HTTP]&amp#27;[0m &amp#27;[37m-->&amp#27;[39m &amp#27;[37mPOST&amp#27;[39m &amp#27;[37m/session&amp#27;[39m
&amp#27;[38;5;0m[HTTP]&amp#27;[0m &amp#27;[90m{"capabilities":{"firstMatch":[{}],"alwaysMatch":{"appium:appWaitPackage":"com.boopathy.raja.tutorial","appium:appWaitActivity":"com.boopathy.raja.tutorial.Splash","platformName":"ANDROID","appium:autoAcceptAlerts":true,"appium:automationName":"UiAutomator2","appium:deviceName":"Android","appium:newCommandTimeout":300,"appium:platformVersion":"8.0","appium:app":"C:\\Users\\alokpandey02\\eclipse-workspace\\NAGPAppiumAssignment\\src\\test\\resources\\Android_UI_Design-1.0 1.apk"}}}&amp#27;[39m
&amp#27;[38;5;16m[AppiumDriver@f52c]&amp#27;[0m Calling AppiumDriver.createSession() with args: [null,null,{"firstMatch":[{}],"alwaysMatch":{"appium:appWaitPackage":"com.boopathy.raja.tutorial","appium:appWaitActivity":"com.boopathy.raja.tutorial.Splash","platformName":"ANDROID","appium:autoAcceptAlerts":true,"appium:automationName":"UiAutomator2","appium:deviceName":"Android","appium:newCommandTimeout":300,"appium:platformVersion":"8.0","appium:app":"C:\\Users\\alokpandey02\\eclipse-workspace\\NAGPAppiumAssignment\\src\\test\\resources\\Android_UI_Design-1.0 1.apk"}}]
&amp#27;[38;5;16m[AppiumDriver@f52c]&amp#27;[0m Event 'newSessionRequested' logged at 1717411301790 (16:11:41 GMT+0530 (India Standard Time))
&amp#27;[35m[Appium]&amp#27;[39m Attempting to find matching driver for automationName 'UiAutomator2' and platformName 'ANDROID'
&amp#27;[35m[Appium]&amp#27;[39m The 'uiautomator2' driver was installed and matched caps.
&amp#27;[35m[Appium]&amp#27;[39m Will require it at C:\Users\alokpandey02\.appium\node_modules\appium-uiautomator2-driver
&amp#27;[35m[Appium]&amp#27;[39m Requiring driver at C:\Users\alokpandey02\.appium\node_modules\appium-uiautomator2-driver\build\index.js
&amp#27;[38;5;16m[AppiumDriver@f52c]&amp#27;[0m Appium v2.5.4 creating new AndroidUiautomator2Driver (v3.5.2) session
&amp#27;[38;5;16m[AppiumDriver@f52c]&amp#27;[0m Checking BaseDriver versions for Appium and AndroidUiautomator2Driver
&amp#27;[38;5;16m[AppiumDriver@f52c]&amp#27;[0m Appium's BaseDriver version is 9.6.0
&amp#27;[38;5;16m[AppiumDriver@f52c]&amp#27;[0m AndroidUiautomator2Driver's BaseDriver version is 9.6.0
&amp#27;[38;5;32m[AndroidUiautomator2Driver@7f32]&amp#27;[0m Creating session with W3C capabilities: {
&amp#27;[38;5;32m[AndroidUiautomator2Driver@7f32]&amp#27;[0m   "alwaysMatch": {
&amp#27;[38;5;32m[AndroidUiautomator2Driver@7f32]&amp#27;[0m     "platformName": "ANDROID",
&amp#27;[38;5;32m[AndroidUiautomator2Driver@7f32]&amp#27;[0m     "appium:appWaitPackage": "com.boopathy.raja.tutorial",
&amp#27;[38;5;32m[AndroidUiautomator2Driver@7f32]&amp#27;[0m     "appium:appWaitActivity": "com.boopathy.raja.tutorial.Splash",
&amp#27;[38;5;32m[AndroidUiautomator2Driver@7f32]&amp#27;[0m     "appium:autoAcceptAlerts": true,
&amp#27;[38;5;32m[AndroidUiautomator2Driver@7f32]&amp#27;[0m     "appium:automationName": "UiAutomator2",
&amp#27;[38;5;32m[AndroidUiautomator2Driver@7f32]&amp#27;[0m     "appium:deviceName": "Android",
&amp#27;[38;5;32m[AndroidUiautomator2Driver@7f32]&amp#27;[0m     "appium:newCommandTimeout": 300,
&amp#27;[38;5;32m[AndroidUiautomator2Driver@7f32]&amp#27;[0m     "appium:platformVersion": "8.0",
&amp#27;[38;5;32m[AndroidUiautomator2Driver@7f32]&amp#27;[0m     "appium:app": "C:\\Users\\alokpandey02\\eclipse-workspace\\NAGPAppiumAssignment\\src\\test\\resources\\Android_UI_Design-1.0 1.apk"
&amp#27;[38;5;32m[AndroidUiautomator2Driver@7f32]&amp#27;[0m   },
&amp#27;[38;5;32m[AndroidUiautomator2Driver@7f32]&amp#27;[0m   "firstMatch": [
&amp#27;[38;5;32m[AndroidUiautomator2Driver@7f32]&amp#27;[0m     {}
&amp#27;[38;5;32m[AndroidUiautomator2Driver@7f32]&amp#27;[0m   ]
&amp#27;[38;5;32m[AndroidUiautomator2Driver@7f32]&amp#27;[0m }
&amp#27;[38;5;32m[AndroidUiautomator2Driver@7f32]&amp#27;[0m The following provided capabilities were not recognized by this driver:
&amp#27;[38;5;32m[AndroidUiautomator2Driver@7f32]&amp#27;[0m   autoAcceptAlerts
&amp#27;[38;5;32m[AndroidUiautomator2Driver@7f32 (41a21429)]&amp#27;[0m Session created with session id: 41a21429-654c-49d0-8ade-f1fc3f5e907b
&amp#27;[38;5;48m[ADB]&amp#27;[0m Found 1 'build-tools' folders under 'C:\Users\alokpandey02\AppData\Local\Android\Sdk' (newest first):
&amp#27;[38;5;48m[ADB]&amp#27;[0m     C:\Users\alokpandey02\AppData\Local\Android\Sdk\build-tools\34.0.0
&amp#27;[38;5;48m[ADB]&amp#27;[0m Using 'adb.exe' from 'C:\Users\alokpandey02\AppData\Local\Android\Sdk\platform-tools\adb.exe'
&amp#27;[38;5;48m[ADB]&amp#27;[0m Running 'C:\Users\alokpandey02\AppData\Local\Android\Sdk\platform-tools\adb.exe -P 5037 start-server'
&amp#27;[38;5;32m[AndroidUiautomator2Driver@7f32 (41a21429)]&amp#27;[0m Retrieving device list
&amp#27;[38;5;48m[ADB]&amp#27;[0m Trying to find connected Android devices
&amp#27;[38;5;48m[ADB]&amp#27;[0m Getting connected devices
&amp#27;[38;5;48m[ADB]&amp#27;[0m Connected devices: [{"udid":"emulator-5554","state":"device"}]
&amp#27;[38;5;32m[AndroidUiautomator2Driver@7f32 (41a21429)]&amp#27;[0m Looking for a device with Android '8.0.0'
&amp#27;[38;5;48m[ADB]&amp#27;[0m Setting device id to emulator-5554
&amp#27;[38;5;48m[ADB]&amp#27;[0m Getting device platform version
&amp#27;[38;5;48m[ADB]&amp#27;[0m Running 'C:\Users\alokpandey02\AppData\Local\Android\Sdk\platform-tools\adb.exe -P 5037 -s emulator-5554 shell getprop ro.build.version.release'
&amp#27;[38;5;48m[ADB]&amp#27;[0m Current device property 'ro.build.version.release': 8.0.0
&amp#27;[38;5;32m[AndroidUiautomator2Driver@7f32 (41a21429)]&amp#27;[0m Using device: emulator-5554
&amp#27;[38;5;48m[ADB]&amp#27;[0m Using 'adb.exe' from 'C:\Users\alokpandey02\AppData\Local\Android\Sdk\platform-tools\adb.exe'
&amp#27;[38;5;48m[ADB]&amp#27;[0m Running 'C:\Users\alokpandey02\AppData\Local\Android\Sdk\platform-tools\adb.exe -P 5037 start-server'
&amp#27;[38;5;48m[ADB]&amp#27;[0m Setting device id to emulator-5554
&amp#27;[38;5;64m[BaseDriver]&amp#27;[0m Using local app 'C:\Users\alokpandey02\eclipse-workspace\NAGPAppiumAssignment\src\test\resources\Android_UI_Design-1.0 1.apk'
&amp#27;[38;5;32m[AndroidUiautomator2Driver@7f32 (41a21429)]&amp#27;[0m Checking whether app is actually present
&amp#27;[38;5;48m[ADB]&amp#27;[0m Running 'C:\Users\alokpandey02\AppData\Local\Android\Sdk\platform-tools\adb.exe -P 5037 -s emulator-5554 shell getprop ro.build.version.sdk'
&amp#27;[38;5;48m[ADB]&amp#27;[0m Current device property 'ro.build.version.sdk': 26
&amp#27;[38;5;48m[ADB]&amp#27;[0m Device API level: 26
&amp#27;[38;5;32m[AndroidUiautomator2Driver@7f32 (41a21429)]&amp#27;[0m Parsing package and activity from app manifest
&amp#27;[38;5;48m[ADB]&amp#27;[0m Running 'C:\Users\alokpandey02\AppData\Local\Android\Sdk\platform-tools\adb.exe -P 5037 -s emulator-5554 wait-for-device'
&amp#27;[38;5;48m[ADB]&amp#27;[0m Package name: 'com.boopathy.raja.tutorial'
&amp#27;[38;5;48m[ADB]&amp#27;[0m Main activity name: 'com.boopathy.raja.tutorial.Splash'
&amp#27;[38;5;32m[AndroidUiautomator2Driver@7f32 (41a21429)]&amp#27;[0m Parsed package and activity are: com.boopathy.raja.tutorial/com.boopathy.raja.tutorial.Splash
&amp#27;[38;5;48m[ADB]&amp#27;[0m Running 'C:\Users\alokpandey02\AppData\Local\Android\Sdk\platform-tools\adb.exe -P 5037 -s emulator-5554 shell echo ping'
&amp#27;[38;5;32m[AndroidUiautomator2Driver@7f32 (41a21429)]&amp#27;[0m Pushing settings apk to the device...
&amp#27;[38;5;48m[ADB]&amp#27;[0m Getting package info for 'io.appium.settings'
&amp#27;[38;5;48m[ADB]&amp#27;[0m Running 'C:\Users\alokpandey02\AppData\Local\Android\Sdk\platform-tools\adb.exe -P 5037 -s emulator-5554 shell dumpsys package io.appium.settings'
&amp#27;[38;5;48m[ADB]&amp#27;[0m The version name of the installed 'io.appium.settings' is greater or equal to the application version name ('5.9.2' >= '5.9.2')
&amp#27;[38;5;48m[ADB]&amp#27;[0m There is no need to install/upgrade 'C:\Users\alokpandey02\.appium\node_modules\appium-uiautomator2-driver\node_modules\io.appium.settings\apks\settings_apk-debug.apk'
&amp#27;[38;5;48m[ADB]&amp#27;[0m Running 'C:\Users\alokpandey02\AppData\Local\Android\Sdk\platform-tools\adb.exe -P 5037 -s emulator-5554 shell dumpsys activity services io.appium.settings'
&amp#27;[38;5;48m[ADB]&amp#27;[0m Running 'C:\Users\alokpandey02\AppData\Local\Android\Sdk\platform-tools\adb.exe -P 5037 -s emulator-5554 shell dumpsys activity services io.appium.settings'
&amp#27;[38;5;80m[SettingsApp]&amp#27;[0m Starting Appium Settings app
&amp#27;[38;5;48m[ADB]&amp#27;[0m Running 'C:\Users\alokpandey02\AppData\Local\Android\Sdk\platform-tools\adb.exe -P 5037 -s emulator-5554 shell am start -n io.appium.settings/.Settings -a android.intent.action.MAIN -c android.intent.category.LAUNCHER'
&amp#27;[38;5;48m[ADB]&amp#27;[0m Running 'C:\Users\alokpandey02\AppData\Local\Android\Sdk\platform-tools\adb.exe -P 5037 -s emulator-5554 shell dumpsys activity services io.appium.settings'
&amp#27;[38;5;48m[ADB]&amp#27;[0m Running 'C:\Users\alokpandey02\AppData\Local\Android\Sdk\platform-tools\adb.exe -P 5037 -s emulator-5554 shell dumpsys activity services io.appium.settings'
&amp#27;[38;5;48m[ADB]&amp#27;[0m Running 'C:\Users\alokpandey02\AppData\Local\Android\Sdk\platform-tools\adb.exe -P 5037 -s emulator-5554 shell dumpsys activity services io.appium.settings'
&amp#27;[38;5;48m[ADB]&amp#27;[0m Running 'C:\Users\alokpandey02\AppData\Local\Android\Sdk\platform-tools\adb.exe -P 5037 -s emulator-5554 shell dumpsys activity services io.appium.settings'
&amp#27;[38;5;96m[Logcat]&amp#27;[0m Starting logs capture with command: C:\\Users\\alokpandey02\\AppData\\Local\\Android\\Sdk\\platform-tools\\adb.exe -P 5037 -s emulator-5554 logcat -v threadtime
&amp#27;[38;5;32m[AndroidUiautomator2Driver@7f32 (41a21429)]&amp#27;[0m Forwarding UiAutomator2 Server port 6790 to local port 8200
&amp#27;[38;5;48m[ADB]&amp#27;[0m Forwarding system: 8200 to device: 6790
&amp#27;[38;5;48m[ADB]&amp#27;[0m Running 'C:\Users\alokpandey02\AppData\Local\Android\Sdk\platform-tools\adb.exe -P 5037 -s emulator-5554 forward tcp:8200 tcp:6790'
&amp#27;[38;5;48m[ADB]&amp#27;[0m Getting package info for 'io.appium.uiautomator2.server'
&amp#27;[38;5;48m[ADB]&amp#27;[0m Running 'C:\Users\alokpandey02\AppData\Local\Android\Sdk\platform-tools\adb.exe -P 5037 -s emulator-5554 shell dumpsys package io.appium.uiautomator2.server'
&amp#27;[38;5;48m[ADB]&amp#27;[0m Getting install status for io.appium.uiautomator2.server.test
&amp#27;[38;5;48m[ADB]&amp#27;[0m Checking app cert for C:\Users\alokpandey02\eclipse-workspace\NAGPAppiumAssignment\src\test\resources\Android_UI_Design-1.0 1.apk
&amp#27;[38;5;48m[ADB]&amp#27;[0m Running 'C:\Users\alokpandey02\AppData\Local\Android\Sdk\platform-tools\adb.exe -P 5037 -s emulator-5554 shell cmd package list packages'
&amp#27;[38;5;48m[ADB]&amp#27;[0m Using 'apksigner.jar' from 'C:\Users\alokpandey02\AppData\Local\Android\Sdk\build-tools\34.0.0\lib\apksigner.jar'
&amp#27;[38;5;48m[ADB]&amp#27;[0m Starting apksigner: C:\\Users\\alokpandey02\\jdk-17\\bin\\java.exe -Xmx1024M -Xss1m -jar C:\\Users\\alokpandey02\\AppData\\Local\\Android\\Sdk\\build-tools\\34.0.0\\lib\\apksigner.jar verify --print-certs 'C:\\Users\\alokpandey02\\eclipse-workspace\\NAGPAppiumAssignment\\src\\test\\resources\\Android_UI_Design-1.0 1.apk'
&amp#27;[38;5;48m[ADB]&amp#27;[0m 'io.appium.uiautomator2.server.test' is installed
&amp#27;[38;5;48m[ADB]&amp#27;[0m apksigner stdout: Signer #1 certificate DN: CN=Boopathy Raja.S, L=Erode, ST=Tamilnadu, C=91
&amp#27;[38;5;48m[ADB]&amp#27;[0m Signer #1 certificate SHA-256 digest: 9313e7b5431d0e1629bd15d7d955ff3c31c16ea5b75a942316b5ac044a9199b3
&amp#27;[38;5;48m[ADB]&amp#27;[0m Signer #1 certificate SHA-1 digest: b7c8434819c6ce0c5a4e5cfa184a1f0c656338a4
&amp#27;[38;5;48m[ADB]&amp#27;[0m Signer #1 certificate MD5 digest: 144e4a786cd5b38e5aa5f0fd8ac1513c
&amp#27;[38;5;48m[ADB]&amp#27;[0m 
&amp#27;[38;5;48m[ADB]&amp#27;[0m 'C:\Users\alokpandey02\eclipse-workspace\NAGPAppiumAssignment\src\test\resources\Android_UI_Design-1.0 1.apk' is signed with a non-default certificate
&amp#27;[38;5;48m[ADB]&amp#27;[0m Getting package info for 'com.boopathy.raja.tutorial'
&amp#27;[38;5;48m[ADB]&amp#27;[0m Running 'C:\Users\alokpandey02\AppData\Local\Android\Sdk\platform-tools\adb.exe -P 5037 -s emulator-5554 shell dumpsys package com.boopathy.raja.tutorial'
&amp#27;[38;5;48m[ADB]&amp#27;[0m The version name of the installed 'com.boopathy.raja.tutorial' is greater or equal to the application version name ('1.0.0' >= '1.0.0')
&amp#27;[38;5;48m[ADB]&amp#27;[0m There is no need to install/upgrade 'C:\Users\alokpandey02\eclipse-workspace\NAGPAppiumAssignment\src\test\resources\Android_UI_Design-1.0 1.apk'
&amp#27;[38;5;32m[AndroidUiautomator2Driver@7f32 (41a21429)]&amp#27;[0m Performing fast reset on 'com.boopathy.raja.tutorial'
&amp#27;[38;5;48m[ADB]&amp#27;[0m Getting install status for com.boopathy.raja.tutorial
&amp#27;[38;5;48m[ADB]&amp#27;[0m Running 'C:\Users\alokpandey02\AppData\Local\Android\Sdk\platform-tools\adb.exe -P 5037 -s emulator-5554 shell cmd package list packages'
&amp#27;[38;5;48m[ADB]&amp#27;[0m The version name of the installed 'io.appium.uiautomator2.server' is greater or equal to the application version name ('7.0.9' >= '7.0.9')
&amp#27;[38;5;32m[AndroidUiautomator2Driver@7f32 (41a21429)]&amp#27;[0m Server packages status: [{"installState":"sameVersionInstalled","appPath":"C:\\Users\\alokpandey02\\.appium\\node_modules\\appium-uiautomator2-driver\\node_modules\\appium-uiautomator2-server\\apks\\appium-uiautomator2-server-v7.0.9.apk","appId":"io.appium.uiautomator2.server"},{"installState":"sameVersionInstalled","appPath":"C:\\Users\\alokpandey02\\.appium\\node_modules\\appium-uiautomator2-driver\\node_modules\\appium-uiautomator2-server\\apks\\appium-uiautomator2-server-debug-androidTest.apk","appId":"io.appium.uiautomator2.server.test"}]
&amp#27;[38;5;32m[AndroidUiautomator2Driver@7f32 (41a21429)]&amp#27;[0m Server packages are not going to be (re)installed
&amp#27;[38;5;32m[AndroidUiautomator2Driver@7f32 (41a21429)]&amp#27;[0m Waiting up to 30000ms for services to be available
&amp#27;[38;5;48m[ADB]&amp#27;[0m Running 'C:\Users\alokpandey02\AppData\Local\Android\Sdk\platform-tools\adb.exe -P 5037 -s emulator-5554 shell pm list instrumentation'
&amp#27;[38;5;48m[ADB]&amp#27;[0m 'com.boopathy.raja.tutorial' is installed
&amp#27;[38;5;48m[ADB]&amp#27;[0m Running 'C:\Users\alokpandey02\AppData\Local\Android\Sdk\platform-tools\adb.exe -P 5037 -s emulator-5554 shell am force-stop com.boopathy.raja.tutorial'
&amp#27;[38;5;48m[ADB]&amp#27;[0m Running 'C:\Users\alokpandey02\AppData\Local\Android\Sdk\platform-tools\adb.exe -P 5037 -s emulator-5554 shell pm clear com.boopathy.raja.tutorial'
&amp#27;[38;5;32m[AndroidUiautomator2Driver@7f32 (41a21429)]&amp#27;[0m Instrumentation target 'io.appium.uiautomator2.server.test/androidx.test.runner.AndroidJUnitRunner' is available
&amp#27;[38;5;48m[ADB]&amp#27;[0m Adding packages ["io.appium.settings","io.appium.uiautomator2.server","io.appium.uiautomator2.server.test"] to Doze whitelist
&amp#27;[38;5;48m[ADB]&amp#27;[0m Got the following command chunks to execute: [["dumpsys","deviceidle","whitelist","+io.appium.settings",";","dumpsys","deviceidle","whitelist","+io.appium.uiautomator2.server",";","dumpsys","deviceidle","whitelist","+io.appium.uiautomator2.server.test",";"]]
&amp#27;[38;5;48m[ADB]&amp#27;[0m Running 'C:\Users\alokpandey02\AppData\Local\Android\Sdk\platform-tools\adb.exe -P 5037 -s emulator-5554 shell dumpsys deviceidle whitelist +io.appium.settings ; dumpsys deviceidle whitelist +io.appium.uiautomator2.server ; dumpsys deviceidle whitelist +io.appium.uiautomator2.server.test ;'
&amp#27;[38;5;32m[AndroidUiautomator2Driver@7f32 (41a21429)]&amp#27;[0m Deleting UiAutomator2 session
&amp#27;[38;5;32m[AndroidUiautomator2Driver@7f32 (41a21429)]&amp#27;[0m Deleting UiAutomator2 server session
&amp#27;[38;5;32m[AndroidUiautomator2Driver@7f32 (41a21429)]&amp#27;[0m Matched '/' to command name 'deleteSession'
&amp#27;[38;5;32m[AndroidUiautomator2Driver@7f32 (41a21429)]&amp#27;[0m Did not get confirmation UiAutomator2 deleteSession worked; Error was: UnknownError: An unknown server-side error occurred while processing the command. Original error: Trying to proxy a session command without session id
&amp#27;[38;5;48m[ADB]&amp#27;[0m Running 'C:\Users\alokpandey02\AppData\Local\Android\Sdk\platform-tools\adb.exe -P 5037 -s emulator-5554 shell am force-stop com.boopathy.raja.tutorial'
&amp#27;[38;5;96m[Logcat]&amp#27;[0m Stopping logcat capture
&amp#27;[38;5;48m[ADB]&amp#27;[0m Removing forwarded port socket connection: 8200 
&amp#27;[38;5;48m[ADB]&amp#27;[0m Running 'C:\Users\alokpandey02\AppData\Local\Android\Sdk\platform-tools\adb.exe -P 5037 -s emulator-5554 forward --remove tcp:8200'
&amp#27;[38;5;16m[AppiumDriver@f52c]&amp#27;[0m Event 'newSessionStarted' logged at 1717411331040 (16:12:11 GMT+0530 (India Standard Time))
&amp#27;[38;5;16m[AppiumDriver@f52c]&amp#27;[0m Encountered internal error running command: Error executing adbExec. Original error: 'Command 'C:\\Users\\alokpandey02\\AppData\\Local\\Android\\Sdk\\platform-tools\\adb.exe -P 5037 -s emulator-5554 shell pm clear com.boopathy.raja.tutorial' timed out after 20000ms'. Try to increase the 20000ms adb execution timeout represented by 'adbExecTimeout' capability
&amp#27;[38;5;16m[AppiumDriver@f52c]&amp#27;[0m Error: Command 'C:\\Users\\alokpandey02\\AppData\\Local\\Android\\Sdk\\platform-tools\\adb.exe -P 5037 -s emulator-5554 shell pm clear com.boopathy.raja.tutorial' timed out after 20000ms
&amp#27;[38;5;16m[AppiumDriver@f52c]&amp#27;[0m     at Timeout._onTimeout (C:\Users\alokpandey02\.appium\node_modules\appium-uiautomator2-driver\node_modules\teen_process\lib\exec.js:140:19)
&amp#27;[38;5;16m[AppiumDriver@f52c]&amp#27;[0m     at listOnTimeout (node:internal/timers:573:17)
&amp#27;[38;5;16m[AppiumDriver@f52c]&amp#27;[0m     at processTimers (node:internal/timers:514:7)
&amp#27;[38;5;0m[HTTP]&amp#27;[0m &amp#27;[37m<-- POST /session &amp#27;[39m&amp#27;[31m500&amp#27;[39m &amp#27;[90m29278 ms - 1244&amp#27;[39m
&amp#27;[38;5;0m[HTTP]&amp#27;[0m &amp#27;[90m&amp#27;[39m
[INFO ] 2024-06-03 16:12:11.153 [main] TestLogger - Thread 1: Running After scenario
[INFO ] 2024-06-03 16:12:11.156 [main] TestLogger - Thread 1: Scenario Failed.. Capturing screenshot.
]]></system-out>
    <system-err><![CDATA[SLF4J: Failed to load class "org.slf4j.impl.StaticLoggerBinder".
SLF4J: Defaulting to no-operation (NOP) logger implementation
SLF4J: See http://www.slf4j.org/codes.html#StaticLoggerBinder for further details.
Jun 03, 2024 4:11:26 PM io.cucumber.core.options.CucumberPropertiesParser lambda$warnWhenCucumberOptionsIsUsed$2
WARNING: Passing commandline options via the property 'cucumber.options' is no longer supported. Please use individual properties instead. See the java doc on io.cucumber.core.options.Constants for details.
]]></system-err>
  </testcase>
  <testcase name="runScenario" classname="nagp.runner.TestRunner" time="21.496">
    <failure message="Could not start a new session. Response code 500. Message: An unknown server-side error occurred while processing the command. Original error: Error executing adbExec. Original error: &apos;Command &apos;C:\\Users\\alokpandey02\\AppData\\Local\\Android\\Sdk\\platform-tools\\adb.exe -P 5037 -s emulator-5554 shell pm clear com.boopathy.raja.tutorial&apos; timed out after 20000ms&apos;. Try to increase the 20000ms adb execution timeout represented by &apos;adbExecTimeout&apos; capability &#10;Host info: host: &apos;IN-BXWVDK3&apos;, ip: &apos;192.168.1.104&apos;&#10;Build info: version: &apos;4.21.0&apos;, revision: &apos;79ed462ef4&apos;&#10;System info: os.name: &apos;Windows 10&apos;, os.arch: &apos;amd64&apos;, os.version: &apos;10.0&apos;, java.version: &apos;17&apos;&#10;Driver info: io.appium.java_client.android.AndroidDriver&#10;Command: [null, newSession {capabilities=[{appium:appWaitPackage=com.boopathy.raja.tutorial, appium:appWaitActivity=com.boopathy.raja.tutorial.Splash, platformName=ANDROID, appium:autoAcceptAlerts=true, appium:automationName=UiAutomator2, appium:deviceName=Android, appium:newCommandTimeout=300, appium:platformVersion=8.0, appium:app=C:\Users\alokpandey02\eclipse-workspace\NAGPAppiumAssignment\src\test\resources\Android_UI_Design-1.0 1.apk}], desiredCapabilities=Capabilities {app: C:\Users\alokpandey02\eclip..., appWaitActivity: com.boopathy.raja.tutorial...., appWaitPackage: com.boopathy.raja.tutorial, autoAcceptAlerts: true, automationName: UiAutomator2, deviceName: Android, newCommandTimeout: 300, platformName: ANDROID, platformVersion: 8.0}}]&#10;Capabilities {app: C:\Users\alokpandey02\eclip..., appWaitActivity: com.boopathy.raja.tutorial...., appWaitPackage: com.boopathy.raja.tutorial, autoAcceptAlerts: true, automationName: UiAutomator2, deviceName: Android, newCommandTimeout: 300, platformName: ANDROID, platformVersion: 8.0}" type="org.openqa.selenium.SessionNotCreatedException">org.openqa.selenium.SessionNotCreatedException: 
Could not start a new session. Response code 500. Message: An unknown server-side error occurred while processing the command. Original error: Error executing adbExec. Original error: 'Command 'C:\\Users\\alokpandey02\\AppData\\Local\\Android\\Sdk\\platform-tools\\adb.exe -P 5037 -s emulator-5554 shell pm clear com.boopathy.raja.tutorial' timed out after 20000ms'. Try to increase the 20000ms adb execution timeout represented by 'adbExecTimeout' capability 
Host info: host: 'IN-BXWVDK3', ip: '192.168.1.104'
Build info: version: '4.21.0', revision: '79ed462ef4'
System info: os.name: 'Windows 10', os.arch: 'amd64', os.version: '10.0', java.version: '17'
Driver info: io.appium.java_client.android.AndroidDriver
Command: [null, newSession {capabilities=[{appium:appWaitPackage=com.boopathy.raja.tutorial, appium:appWaitActivity=com.boopathy.raja.tutorial.Splash, platformName=ANDROID, appium:autoAcceptAlerts=true, appium:automationName=UiAutomator2, appium:deviceName=Android, appium:newCommandTimeout=300, appium:platformVersion=8.0, appium:app=C:\Users\alokpandey02\eclipse-workspace\NAGPAppiumAssignment\src\test\resources\Android_UI_Design-1.0 1.apk}], desiredCapabilities=Capabilities {app: C:\Users\alokpandey02\eclip..., appWaitActivity: com.boopathy.raja.tutorial...., appWaitPackage: com.boopathy.raja.tutorial, autoAcceptAlerts: true, automationName: UiAutomator2, deviceName: Android, newCommandTimeout: 300, platformName: ANDROID, platformVersion: 8.0}}]
Capabilities {app: C:\Users\alokpandey02\eclip..., appWaitActivity: com.boopathy.raja.tutorial...., appWaitPackage: com.boopathy.raja.tutorial, autoAcceptAlerts: true, automationName: UiAutomator2, deviceName: Android, newCommandTimeout: 300, platformName: ANDROID, platformVersion: 8.0}
</failure>
    <system-out><![CDATA[[INFO ] 2024-06-03 16:12:11.215 [main] TestLogger - Thread 1: Launching application
[INFO ] 2024-06-03 16:12:11.215 [main] TestLogger - Thread 1: Creating appium driver
&amp#27;[38;5;0m[HTTP]&amp#27;[0m Request idempotency key: a527bf19-ba6f-4d95-bd4e-3f5dd9807e63
&amp#27;[38;5;0m[HTTP]&amp#27;[0m &amp#27;[37m-->&amp#27;[39m &amp#27;[37mPOST&amp#27;[39m &amp#27;[37m/session&amp#27;[39m
&amp#27;[38;5;0m[HTTP]&amp#27;[0m &amp#27;[90m{"capabilities":{"firstMatch":[{}],"alwaysMatch":{"appium:appWaitPackage":"com.boopathy.raja.tutorial","appium:appWaitActivity":"com.boopathy.raja.tutorial.Splash","platformName":"ANDROID","appium:autoAcceptAlerts":true,"appium:automationName":"UiAutomator2","appium:deviceName":"Android","appium:newCommandTimeout":300,"appium:platformVersion":"8.0","appium:app":"C:\\Users\\alokpandey02\\eclipse-workspace\\NAGPAppiumAssignment\\src\\test\\resources\\Android_UI_Design-1.0 1.apk"}}}&amp#27;[39m
&amp#27;[38;5;16m[AppiumDriver@f52c]&amp#27;[0m Calling AppiumDriver.createSession() with args: [null,null,{"firstMatch":[{}],"alwaysMatch":{"appium:appWaitPackage":"com.boopathy.raja.tutorial","appium:appWaitActivity":"com.boopathy.raja.tutorial.Splash","platformName":"ANDROID","appium:autoAcceptAlerts":true,"appium:automationName":"UiAutomator2","appium:deviceName":"Android","appium:newCommandTimeout":300,"appium:platformVersion":"8.0","appium:app":"C:\\Users\\alokpandey02\\eclipse-workspace\\NAGPAppiumAssignment\\src\\test\\resources\\Android_UI_Design-1.0 1.apk"}}]
&amp#27;[38;5;16m[AppiumDriver@f52c]&amp#27;[0m Event 'newSessionRequested' logged at 1717411331237 (16:12:11 GMT+0530 (India Standard Time))
&amp#27;[35m[Appium]&amp#27;[39m Attempting to find matching driver for automationName 'UiAutomator2' and platformName 'ANDROID'
&amp#27;[35m[Appium]&amp#27;[39m The 'uiautomator2' driver was installed and matched caps.
&amp#27;[35m[Appium]&amp#27;[39m Will require it at C:\Users\alokpandey02\.appium\node_modules\appium-uiautomator2-driver
&amp#27;[35m[Appium]&amp#27;[39m Requiring driver at C:\Users\alokpandey02\.appium\node_modules\appium-uiautomator2-driver\build\index.js
&amp#27;[38;5;16m[AppiumDriver@f52c]&amp#27;[0m Appium v2.5.4 creating new AndroidUiautomator2Driver (v3.5.2) session
&amp#27;[38;5;16m[AppiumDriver@f52c]&amp#27;[0m Checking BaseDriver versions for Appium and AndroidUiautomator2Driver
&amp#27;[38;5;16m[AppiumDriver@f52c]&amp#27;[0m Appium's BaseDriver version is 9.6.0
&amp#27;[38;5;16m[AppiumDriver@f52c]&amp#27;[0m AndroidUiautomator2Driver's BaseDriver version is 9.6.0
&amp#27;[38;5;32m[AndroidUiautomator2Driver@958d]&amp#27;[0m Creating session with W3C capabilities: {
&amp#27;[38;5;32m[AndroidUiautomator2Driver@958d]&amp#27;[0m   "alwaysMatch": {
&amp#27;[38;5;32m[AndroidUiautomator2Driver@958d]&amp#27;[0m     "platformName": "ANDROID",
&amp#27;[38;5;32m[AndroidUiautomator2Driver@958d]&amp#27;[0m     "appium:appWaitPackage": "com.boopathy.raja.tutorial",
&amp#27;[38;5;32m[AndroidUiautomator2Driver@958d]&amp#27;[0m     "appium:appWaitActivity": "com.boopathy.raja.tutorial.Splash",
&amp#27;[38;5;32m[AndroidUiautomator2Driver@958d]&amp#27;[0m     "appium:autoAcceptAlerts": true,
&amp#27;[38;5;32m[AndroidUiautomator2Driver@958d]&amp#27;[0m     "appium:automationName": "UiAutomator2",
&amp#27;[38;5;32m[AndroidUiautomator2Driver@958d]&amp#27;[0m     "appium:deviceName": "Android",
&amp#27;[38;5;32m[AndroidUiautomator2Driver@958d]&amp#27;[0m     "appium:newCommandTimeout": 300,
&amp#27;[38;5;32m[AndroidUiautomator2Driver@958d]&amp#27;[0m     "appium:platformVersion": "8.0",
&amp#27;[38;5;32m[AndroidUiautomator2Driver@958d]&amp#27;[0m     "appium:app": "C:\\Users\\alokpandey02\\eclipse-workspace\\NAGPAppiumAssignment\\src\\test\\resources\\Android_UI_Design-1.0 1.apk"
&amp#27;[38;5;32m[AndroidUiautomator2Driver@958d]&amp#27;[0m   },
&amp#27;[38;5;32m[AndroidUiautomator2Driver@958d]&amp#27;[0m   "firstMatch": [
&amp#27;[38;5;32m[AndroidUiautomator2Driver@958d]&amp#27;[0m     {}
&amp#27;[38;5;32m[AndroidUiautomator2Driver@958d]&amp#27;[0m   ]
&amp#27;[38;5;32m[AndroidUiautomator2Driver@958d]&amp#27;[0m }
&amp#27;[38;5;32m[AndroidUiautomator2Driver@958d]&amp#27;[0m The following provided capabilities were not recognized by this driver:
&amp#27;[38;5;32m[AndroidUiautomator2Driver@958d]&amp#27;[0m   autoAcceptAlerts
&amp#27;[38;5;32m[AndroidUiautomator2Driver@958d (3cab1a64)]&amp#27;[0m Session created with session id: 3cab1a64-69e9-4f08-a855-ec4cb389849e
&amp#27;[38;5;48m[ADB]&amp#27;[0m Using 'adb.exe' from 'C:\Users\alokpandey02\AppData\Local\Android\Sdk\platform-tools\adb.exe'
&amp#27;[38;5;48m[ADB]&amp#27;[0m Running 'C:\Users\alokpandey02\AppData\Local\Android\Sdk\platform-tools\adb.exe -P 5037 start-server'
&amp#27;[38;5;32m[AndroidUiautomator2Driver@958d (3cab1a64)]&amp#27;[0m Retrieving device list
&amp#27;[38;5;48m[ADB]&amp#27;[0m Trying to find connected Android devices
&amp#27;[38;5;48m[ADB]&amp#27;[0m Getting connected devices
&amp#27;[38;5;48m[ADB]&amp#27;[0m Connected devices: [{"udid":"emulator-5554","state":"device"}]
&amp#27;[38;5;32m[AndroidUiautomator2Driver@958d (3cab1a64)]&amp#27;[0m Looking for a device with Android '8.0.0'
&amp#27;[38;5;48m[ADB]&amp#27;[0m Setting device id to emulator-5554
&amp#27;[38;5;48m[ADB]&amp#27;[0m Getting device platform version
&amp#27;[38;5;48m[ADB]&amp#27;[0m Running 'C:\Users\alokpandey02\AppData\Local\Android\Sdk\platform-tools\adb.exe -P 5037 -s emulator-5554 shell getprop ro.build.version.release'
&amp#27;[38;5;48m[ADB]&amp#27;[0m Current device property 'ro.build.version.release': 8.0.0
&amp#27;[38;5;32m[AndroidUiautomator2Driver@958d (3cab1a64)]&amp#27;[0m Using device: emulator-5554
&amp#27;[38;5;48m[ADB]&amp#27;[0m Using 'adb.exe' from 'C:\Users\alokpandey02\AppData\Local\Android\Sdk\platform-tools\adb.exe'
&amp#27;[38;5;48m[ADB]&amp#27;[0m Running 'C:\Users\alokpandey02\AppData\Local\Android\Sdk\platform-tools\adb.exe -P 5037 start-server'
&amp#27;[38;5;48m[ADB]&amp#27;[0m Setting device id to emulator-5554
&amp#27;[38;5;64m[BaseDriver]&amp#27;[0m Using local app 'C:\Users\alokpandey02\eclipse-workspace\NAGPAppiumAssignment\src\test\resources\Android_UI_Design-1.0 1.apk'
&amp#27;[38;5;32m[AndroidUiautomator2Driver@958d (3cab1a64)]&amp#27;[0m Checking whether app is actually present
&amp#27;[38;5;48m[ADB]&amp#27;[0m Running 'C:\Users\alokpandey02\AppData\Local\Android\Sdk\platform-tools\adb.exe -P 5037 -s emulator-5554 shell getprop ro.build.version.sdk'
&amp#27;[38;5;48m[ADB]&amp#27;[0m Current device property 'ro.build.version.sdk': 26
&amp#27;[38;5;48m[ADB]&amp#27;[0m Device API level: 26
&amp#27;[38;5;32m[AndroidUiautomator2Driver@958d (3cab1a64)]&amp#27;[0m Parsing package and activity from app manifest
&amp#27;[38;5;48m[ADB]&amp#27;[0m Running 'C:\Users\alokpandey02\AppData\Local\Android\Sdk\platform-tools\adb.exe -P 5037 -s emulator-5554 wait-for-device'
&amp#27;[38;5;48m[ADB]&amp#27;[0m Package name: 'com.boopathy.raja.tutorial'
&amp#27;[38;5;48m[ADB]&amp#27;[0m Main activity name: 'com.boopathy.raja.tutorial.Splash'
&amp#27;[38;5;32m[AndroidUiautomator2Driver@958d (3cab1a64)]&amp#27;[0m Parsed package and activity are: com.boopathy.raja.tutorial/com.boopathy.raja.tutorial.Splash
&amp#27;[38;5;48m[ADB]&amp#27;[0m Running 'C:\Users\alokpandey02\AppData\Local\Android\Sdk\platform-tools\adb.exe -P 5037 -s emulator-5554 shell echo ping'
&amp#27;[38;5;32m[AndroidUiautomator2Driver@958d (3cab1a64)]&amp#27;[0m Pushing settings apk to the device...
&amp#27;[38;5;48m[ADB]&amp#27;[0m Getting package info for 'io.appium.settings'
&amp#27;[38;5;48m[ADB]&amp#27;[0m Running 'C:\Users\alokpandey02\AppData\Local\Android\Sdk\platform-tools\adb.exe -P 5037 -s emulator-5554 shell dumpsys package io.appium.settings'
&amp#27;[38;5;48m[ADB]&amp#27;[0m The version name of the installed 'io.appium.settings' is greater or equal to the application version name ('5.9.2' >= '5.9.2')
&amp#27;[38;5;48m[ADB]&amp#27;[0m There is no need to install/upgrade 'C:\Users\alokpandey02\.appium\node_modules\appium-uiautomator2-driver\node_modules\io.appium.settings\apks\settings_apk-debug.apk'
&amp#27;[38;5;48m[ADB]&amp#27;[0m Running 'C:\Users\alokpandey02\AppData\Local\Android\Sdk\platform-tools\adb.exe -P 5037 -s emulator-5554 shell dumpsys activity services io.appium.settings'
&amp#27;[38;5;32m[AndroidUiautomator2Driver@958d (3cab1a64)]&amp#27;[0m io.appium.settings is already running. There is no need to reset its permissions.
&amp#27;[38;5;96m[Logcat]&amp#27;[0m Starting logs capture with command: C:\\Users\\alokpandey02\\AppData\\Local\\Android\\Sdk\\platform-tools\\adb.exe -P 5037 -s emulator-5554 logcat -v threadtime
&amp#27;[38;5;32m[AndroidUiautomator2Driver@958d (3cab1a64)]&amp#27;[0m Forwarding UiAutomator2 Server port 6790 to local port 8200
&amp#27;[38;5;48m[ADB]&amp#27;[0m Forwarding system: 8200 to device: 6790
&amp#27;[38;5;48m[ADB]&amp#27;[0m Running 'C:\Users\alokpandey02\AppData\Local\Android\Sdk\platform-tools\adb.exe -P 5037 -s emulator-5554 forward tcp:8200 tcp:6790'
&amp#27;[38;5;48m[ADB]&amp#27;[0m Getting package info for 'io.appium.uiautomator2.server'
&amp#27;[38;5;48m[ADB]&amp#27;[0m Running 'C:\Users\alokpandey02\AppData\Local\Android\Sdk\platform-tools\adb.exe -P 5037 -s emulator-5554 shell dumpsys package io.appium.uiautomator2.server'
&amp#27;[38;5;48m[ADB]&amp#27;[0m Getting install status for io.appium.uiautomator2.server.test
&amp#27;[38;5;48m[ADB]&amp#27;[0m Checking app cert for C:\Users\alokpandey02\eclipse-workspace\NAGPAppiumAssignment\src\test\resources\Android_UI_Design-1.0 1.apk
&amp#27;[38;5;48m[ADB]&amp#27;[0m Running 'C:\Users\alokpandey02\AppData\Local\Android\Sdk\platform-tools\adb.exe -P 5037 -s emulator-5554 shell cmd package list packages'
&amp#27;[38;5;48m[ADB]&amp#27;[0m Using the previously cached signature entry for 'Android_UI_Design-1.0 1.apk'
&amp#27;[38;5;48m[ADB]&amp#27;[0m Getting package info for 'com.boopathy.raja.tutorial'
&amp#27;[38;5;48m[ADB]&amp#27;[0m Running 'C:\Users\alokpandey02\AppData\Local\Android\Sdk\platform-tools\adb.exe -P 5037 -s emulator-5554 shell dumpsys package com.boopathy.raja.tutorial'
&amp#27;[38;5;48m[ADB]&amp#27;[0m 'io.appium.uiautomator2.server.test' is installed
&amp#27;[38;5;48m[ADB]&amp#27;[0m The version name of the installed 'com.boopathy.raja.tutorial' is greater or equal to the application version name ('1.0.0' >= '1.0.0')
&amp#27;[38;5;48m[ADB]&amp#27;[0m There is no need to install/upgrade 'C:\Users\alokpandey02\eclipse-workspace\NAGPAppiumAssignment\src\test\resources\Android_UI_Design-1.0 1.apk'
&amp#27;[38;5;32m[AndroidUiautomator2Driver@958d (3cab1a64)]&amp#27;[0m Performing fast reset on 'com.boopathy.raja.tutorial'
&amp#27;[38;5;48m[ADB]&amp#27;[0m Getting install status for com.boopathy.raja.tutorial
&amp#27;[38;5;48m[ADB]&amp#27;[0m Running 'C:\Users\alokpandey02\AppData\Local\Android\Sdk\platform-tools\adb.exe -P 5037 -s emulator-5554 shell cmd package list packages'
&amp#27;[38;5;48m[ADB]&amp#27;[0m 'com.boopathy.raja.tutorial' is installed
&amp#27;[38;5;48m[ADB]&amp#27;[0m Running 'C:\Users\alokpandey02\AppData\Local\Android\Sdk\platform-tools\adb.exe -P 5037 -s emulator-5554 shell am force-stop com.boopathy.raja.tutorial'
&amp#27;[38;5;48m[ADB]&amp#27;[0m Running 'C:\Users\alokpandey02\AppData\Local\Android\Sdk\platform-tools\adb.exe -P 5037 -s emulator-5554 shell pm clear com.boopathy.raja.tutorial'
&amp#27;[38;5;48m[ADB]&amp#27;[0m The version name of the installed 'io.appium.uiautomator2.server' is greater or equal to the application version name ('7.0.9' >= '7.0.9')
&amp#27;[38;5;32m[AndroidUiautomator2Driver@958d (3cab1a64)]&amp#27;[0m Server packages status: [{"installState":"sameVersionInstalled","appPath":"C:\\Users\\alokpandey02\\.appium\\node_modules\\appium-uiautomator2-driver\\node_modules\\appium-uiautomator2-server\\apks\\appium-uiautomator2-server-v7.0.9.apk","appId":"io.appium.uiautomator2.server"},{"installState":"sameVersionInstalled","appPath":"C:\\Users\\alokpandey02\\.appium\\node_modules\\appium-uiautomator2-driver\\node_modules\\appium-uiautomator2-server\\apks\\appium-uiautomator2-server-debug-androidTest.apk","appId":"io.appium.uiautomator2.server.test"}]
&amp#27;[38;5;32m[AndroidUiautomator2Driver@958d (3cab1a64)]&amp#27;[0m Server packages are not going to be (re)installed
&amp#27;[38;5;32m[AndroidUiautomator2Driver@958d (3cab1a64)]&amp#27;[0m Waiting up to 30000ms for services to be available
&amp#27;[38;5;48m[ADB]&amp#27;[0m Running 'C:\Users\alokpandey02\AppData\Local\Android\Sdk\platform-tools\adb.exe -P 5037 -s emulator-5554 shell pm list instrumentation'
&amp#27;[38;5;32m[AndroidUiautomator2Driver@958d (3cab1a64)]&amp#27;[0m Instrumentation target 'io.appium.uiautomator2.server.test/androidx.test.runner.AndroidJUnitRunner' is available
&amp#27;[38;5;48m[ADB]&amp#27;[0m Adding packages ["io.appium.settings","io.appium.uiautomator2.server","io.appium.uiautomator2.server.test"] to Doze whitelist
&amp#27;[38;5;48m[ADB]&amp#27;[0m Got the following command chunks to execute: [["dumpsys","deviceidle","whitelist","+io.appium.settings",";","dumpsys","deviceidle","whitelist","+io.appium.uiautomator2.server",";","dumpsys","deviceidle","whitelist","+io.appium.uiautomator2.server.test",";"]]
&amp#27;[38;5;48m[ADB]&amp#27;[0m Running 'C:\Users\alokpandey02\AppData\Local\Android\Sdk\platform-tools\adb.exe -P 5037 -s emulator-5554 shell dumpsys deviceidle whitelist +io.appium.settings ; dumpsys deviceidle whitelist +io.appium.uiautomator2.server ; dumpsys deviceidle whitelist +io.appium.uiautomator2.server.test ;'
&amp#27;[38;5;32m[AndroidUiautomator2Driver@958d (3cab1a64)]&amp#27;[0m Deleting UiAutomator2 session
&amp#27;[38;5;32m[AndroidUiautomator2Driver@958d (3cab1a64)]&amp#27;[0m Deleting UiAutomator2 server session
&amp#27;[38;5;32m[AndroidUiautomator2Driver@958d (3cab1a64)]&amp#27;[0m Matched '/' to command name 'deleteSession'
&amp#27;[38;5;32m[AndroidUiautomator2Driver@958d (3cab1a64)]&amp#27;[0m Did not get confirmation UiAutomator2 deleteSession worked; Error was: UnknownError: An unknown server-side error occurred while processing the command. Original error: Trying to proxy a session command without session id
&amp#27;[38;5;48m[ADB]&amp#27;[0m Running 'C:\Users\alokpandey02\AppData\Local\Android\Sdk\platform-tools\adb.exe -P 5037 -s emulator-5554 shell am force-stop com.boopathy.raja.tutorial'
&amp#27;[38;5;96m[Logcat]&amp#27;[0m Stopping logcat capture
&amp#27;[38;5;48m[ADB]&amp#27;[0m Removing forwarded port socket connection: 8200 
&amp#27;[38;5;48m[ADB]&amp#27;[0m Running 'C:\Users\alokpandey02\AppData\Local\Android\Sdk\platform-tools\adb.exe -P 5037 -s emulator-5554 forward --remove tcp:8200'
&amp#27;[38;5;16m[AppiumDriver@f52c]&amp#27;[0m Event 'newSessionStarted' logged at 1717411352675 (16:12:32 GMT+0530 (India Standard Time))
&amp#27;[38;5;16m[AppiumDriver@f52c]&amp#27;[0m Encountered internal error running command: Error executing adbExec. Original error: 'Command 'C:\\Users\\alokpandey02\\AppData\\Local\\Android\\Sdk\\platform-tools\\adb.exe -P 5037 -s emulator-5554 shell pm clear com.boopathy.raja.tutorial' timed out after 20000ms'. Try to increase the 20000ms adb execution timeout represented by 'adbExecTimeout' capability
&amp#27;[38;5;16m[AppiumDriver@f52c]&amp#27;[0m Error: Command 'C:\\Users\\alokpandey02\\AppData\\Local\\Android\\Sdk\\platform-tools\\adb.exe -P 5037 -s emulator-5554 shell pm clear com.boopathy.raja.tutorial' timed out after 20000ms
&amp#27;[38;5;16m[AppiumDriver@f52c]&amp#27;[0m     at Timeout._onTimeout (C:\Users\alokpandey02\.appium\node_modules\appium-uiautomator2-driver\node_modules\teen_process\lib\exec.js:140:19)
&amp#27;[38;5;16m[AppiumDriver@f52c]&amp#27;[0m     at listOnTimeout (node:internal/timers:573:17)
&amp#27;[38;5;16m[AppiumDriver@f52c]&amp#27;[0m     at processTimers (node:internal/timers:514:7)
&amp#27;[38;5;0m[HTTP]&amp#27;[0m &amp#27;[37m<-- POST /session &amp#27;[39m&amp#27;[31m500&amp#27;[39m &amp#27;[90m21441 ms - 1244&amp#27;[39m
&amp#27;[38;5;0m[HTTP]&amp#27;[0m &amp#27;[90m&amp#27;[39m
[INFO ] 2024-06-03 16:12:32.693 [main] TestLogger - Thread 1: Running After scenario
[INFO ] 2024-06-03 16:12:32.693 [main] TestLogger - Thread 1: Scenario Failed.. Capturing screenshot.
]]></system-out>
  </testcase>
  <testcase name="runScenario" classname="nagp.runner.TestRunner" time="32.104">
    <failure message="Expected condition failed: waiting for visibility of element located by By.xpath: //android.widget.Toast[@text=&apos;Camera&apos;] (tried for 10 second(s) with 500 milliseconds interval)&#10;Build info: version: &apos;4.21.0&apos;, revision: &apos;79ed462ef4&apos;&#10;System info: os.name: &apos;Windows 10&apos;, os.arch: &apos;amd64&apos;, os.version: &apos;10.0&apos;, java.version: &apos;17&apos;&#10;Driver info: io.appium.java_client.android.AndroidDriver&#10;Capabilities {appium:app: C:\Users\alokpandey02\eclip..., appium:appPackage: com.boopathy.raja.tutorial, appium:appWaitActivity: com.boopathy.raja.tutorial...., appium:appWaitPackage: com.boopathy.raja.tutorial, appium:autoAcceptAlerts: true, appium:automationName: UiAutomator2, appium:databaseEnabled: false, appium:desired: {app: C:\Users\alokpandey02\eclip..., appWaitActivity: com.boopathy.raja.tutorial...., appWaitPackage: com.boopathy.raja.tutorial, autoAcceptAlerts: true, automationName: UiAutomator2, deviceName: Android, newCommandTimeout: 300, platformName: ANDROID, platformVersion: 8.0}, appium:deviceApiLevel: 26, appium:deviceManufacturer: Google, appium:deviceModel: Android SDK built for x86, appium:deviceName: emulator-5554, appium:deviceScreenDensity: 440, appium:deviceScreenSize: 1080x2280, appium:deviceUDID: emulator-5554, appium:javascriptEnabled: true, appium:locationContextEnabled: false, appium:networkConnectionEnabled: true, appium:newCommandTimeout: 300, appium:pixelRatio: 2.75, appium:platformVersion: 8.0.0, appium:statBarHeight: 66, appium:takesScreenshot: true, appium:viewportRect: {height: 2214, left: 0, top: 66, width: 1080}, appium:warnings: {}, appium:webStorageEnabled: false, platformName: ANDROID}&#10;Session ID: cd7ab2dd-04fc-47d1-8d89-4fb5a4eb76e3" type="org.openqa.selenium.TimeoutException">org.openqa.selenium.TimeoutException: 
Expected condition failed: waiting for visibility of element located by By.xpath: //android.widget.Toast[@text='Camera'] (tried for 10 second(s) with 500 milliseconds interval)
Build info: version: '4.21.0', revision: '79ed462ef4'
System info: os.name: 'Windows 10', os.arch: 'amd64', os.version: '10.0', java.version: '17'
Driver info: io.appium.java_client.android.AndroidDriver
Capabilities {appium:app: C:\Users\alokpandey02\eclip..., appium:appPackage: com.boopathy.raja.tutorial, appium:appWaitActivity: com.boopathy.raja.tutorial...., appium:appWaitPackage: com.boopathy.raja.tutorial, appium:autoAcceptAlerts: true, appium:automationName: UiAutomator2, appium:databaseEnabled: false, appium:desired: {app: C:\Users\alokpandey02\eclip..., appWaitActivity: com.boopathy.raja.tutorial...., appWaitPackage: com.boopathy.raja.tutorial, autoAcceptAlerts: true, automationName: UiAutomator2, deviceName: Android, newCommandTimeout: 300, platformName: ANDROID, platformVersion: 8.0}, appium:deviceApiLevel: 26, appium:deviceManufacturer: Google, appium:deviceModel: Android SDK built for x86, appium:deviceName: emulator-5554, appium:deviceScreenDensity: 440, appium:deviceScreenSize: 1080x2280, appium:deviceUDID: emulator-5554, appium:javascriptEnabled: true, appium:locationContextEnabled: false, appium:networkConnectionEnabled: true, appium:newCommandTimeout: 300, appium:pixelRatio: 2.75, appium:platformVersion: 8.0.0, appium:statBarHeight: 66, appium:takesScreenshot: true, appium:viewportRect: {height: 2214, left: 0, top: 66, width: 1080}, appium:warnings: {}, appium:webStorageEnabled: false, platformName: ANDROID}
Session ID: cd7ab2dd-04fc-47d1-8d89-4fb5a4eb76e3
</failure>
    <system-out><![CDATA[[INFO ] 2024-06-03 16:12:32.702 [main] TestLogger - Thread 1: Launching application
[INFO ] 2024-06-03 16:12:32.703 [main] TestLogger - Thread 1: Creating appium driver
&amp#27;[38;5;0m[HTTP]&amp#27;[0m Request idempotency key: 0b72d03b-616b-478d-845b-80a01e1ba58b
&amp#27;[38;5;0m[HTTP]&amp#27;[0m &amp#27;[37m-->&amp#27;[39m &amp#27;[37mPOST&amp#27;[39m &amp#27;[37m/session&amp#27;[39m
&amp#27;[38;5;0m[HTTP]&amp#27;[0m &amp#27;[90m{"capabilities":{"firstMatch":[{}],"alwaysMatch":{"appium:appWaitPackage":"com.boopathy.raja.tutorial","appium:appWaitActivity":"com.boopathy.raja.tutorial.Splash","platformName":"ANDROID","appium:autoAcceptAlerts":true,"appium:automationName":"UiAutomator2","appium:deviceName":"Android","appium:newCommandTimeout":300,"appium:platformVersion":"8.0","appium:app":"C:\\Users\\alokpandey02\\eclipse-workspace\\NAGPAppiumAssignment\\src\\test\\resources\\Android_UI_Design-1.0 1.apk"}}}&amp#27;[39m
&amp#27;[38;5;16m[AppiumDriver@f52c]&amp#27;[0m Calling AppiumDriver.createSession() with args: [null,null,{"firstMatch":[{}],"alwaysMatch":{"appium:appWaitPackage":"com.boopathy.raja.tutorial","appium:appWaitActivity":"com.boopathy.raja.tutorial.Splash","platformName":"ANDROID","appium:autoAcceptAlerts":true,"appium:automationName":"UiAutomator2","appium:deviceName":"Android","appium:newCommandTimeout":300,"appium:platformVersion":"8.0","appium:app":"C:\\Users\\alokpandey02\\eclipse-workspace\\NAGPAppiumAssignment\\src\\test\\resources\\Android_UI_Design-1.0 1.apk"}}]
&amp#27;[38;5;16m[AppiumDriver@f52c]&amp#27;[0m Event 'newSessionRequested' logged at 1717411352728 (16:12:32 GMT+0530 (India Standard Time))
&amp#27;[35m[Appium]&amp#27;[39m Attempting to find matching driver for automationName 'UiAutomator2' and platformName 'ANDROID'
&amp#27;[35m[Appium]&amp#27;[39m The 'uiautomator2' driver was installed and matched caps.
&amp#27;[35m[Appium]&amp#27;[39m Will require it at C:\Users\alokpandey02\.appium\node_modules\appium-uiautomator2-driver
&amp#27;[35m[Appium]&amp#27;[39m Requiring driver at C:\Users\alokpandey02\.appium\node_modules\appium-uiautomator2-driver\build\index.js
&amp#27;[38;5;16m[AppiumDriver@f52c]&amp#27;[0m Appium v2.5.4 creating new AndroidUiautomator2Driver (v3.5.2) session
&amp#27;[38;5;16m[AppiumDriver@f52c]&amp#27;[0m Checking BaseDriver versions for Appium and AndroidUiautomator2Driver
&amp#27;[38;5;16m[AppiumDriver@f52c]&amp#27;[0m Appium's BaseDriver version is 9.6.0
&amp#27;[38;5;16m[AppiumDriver@f52c]&amp#27;[0m AndroidUiautomator2Driver's BaseDriver version is 9.6.0
&amp#27;[38;5;32m[AndroidUiautomator2Driver@2d54]&amp#27;[0m Creating session with W3C capabilities: {
&amp#27;[38;5;32m[AndroidUiautomator2Driver@2d54]&amp#27;[0m   "alwaysMatch": {
&amp#27;[38;5;32m[AndroidUiautomator2Driver@2d54]&amp#27;[0m     "platformName": "ANDROID",
&amp#27;[38;5;32m[AndroidUiautomator2Driver@2d54]&amp#27;[0m     "appium:appWaitPackage": "com.boopathy.raja.tutorial",
&amp#27;[38;5;32m[AndroidUiautomator2Driver@2d54]&amp#27;[0m     "appium:appWaitActivity": "com.boopathy.raja.tutorial.Splash",
&amp#27;[38;5;32m[AndroidUiautomator2Driver@2d54]&amp#27;[0m     "appium:autoAcceptAlerts": true,
&amp#27;[38;5;32m[AndroidUiautomator2Driver@2d54]&amp#27;[0m     "appium:automationName": "UiAutomator2",
&amp#27;[38;5;32m[AndroidUiautomator2Driver@2d54]&amp#27;[0m     "appium:deviceName": "Android",
&amp#27;[38;5;32m[AndroidUiautomator2Driver@2d54]&amp#27;[0m     "appium:newCommandTimeout": 300,
&amp#27;[38;5;32m[AndroidUiautomator2Driver@2d54]&amp#27;[0m     "appium:platformVersion": "8.0",
&amp#27;[38;5;32m[AndroidUiautomator2Driver@2d54]&amp#27;[0m     "appium:app": "C:\\Users\\alokpandey02\\eclipse-workspace\\NAGPAppiumAssignment\\src\\test\\resources\\Android_UI_Design-1.0 1.apk"
&amp#27;[38;5;32m[AndroidUiautomator2Driver@2d54]&amp#27;[0m   },
&amp#27;[38;5;32m[AndroidUiautomator2Driver@2d54]&amp#27;[0m   "firstMatch": [
&amp#27;[38;5;32m[AndroidUiautomator2Driver@2d54]&amp#27;[0m     {}
&amp#27;[38;5;32m[AndroidUiautomator2Driver@2d54]&amp#27;[0m   ]
&amp#27;[38;5;32m[AndroidUiautomator2Driver@2d54]&amp#27;[0m }
&amp#27;[38;5;32m[AndroidUiautomator2Driver@2d54]&amp#27;[0m The following provided capabilities were not recognized by this driver:
&amp#27;[38;5;32m[AndroidUiautomator2Driver@2d54]&amp#27;[0m   autoAcceptAlerts
&amp#27;[38;5;32m[AndroidUiautomator2Driver@2d54 (cd7ab2dd)]&amp#27;[0m Session created with session id: cd7ab2dd-04fc-47d1-8d89-4fb5a4eb76e3
&amp#27;[38;5;48m[ADB]&amp#27;[0m Using 'adb.exe' from 'C:\Users\alokpandey02\AppData\Local\Android\Sdk\platform-tools\adb.exe'
&amp#27;[38;5;48m[ADB]&amp#27;[0m Running 'C:\Users\alokpandey02\AppData\Local\Android\Sdk\platform-tools\adb.exe -P 5037 start-server'
&amp#27;[38;5;32m[AndroidUiautomator2Driver@2d54 (cd7ab2dd)]&amp#27;[0m Retrieving device list
&amp#27;[38;5;48m[ADB]&amp#27;[0m Trying to find connected Android devices
&amp#27;[38;5;48m[ADB]&amp#27;[0m Getting connected devices
&amp#27;[38;5;48m[ADB]&amp#27;[0m Connected devices: [{"udid":"emulator-5554","state":"device"}]
&amp#27;[38;5;32m[AndroidUiautomator2Driver@2d54 (cd7ab2dd)]&amp#27;[0m Looking for a device with Android '8.0.0'
&amp#27;[38;5;48m[ADB]&amp#27;[0m Setting device id to emulator-5554
&amp#27;[38;5;48m[ADB]&amp#27;[0m Getting device platform version
&amp#27;[38;5;48m[ADB]&amp#27;[0m Running 'C:\Users\alokpandey02\AppData\Local\Android\Sdk\platform-tools\adb.exe -P 5037 -s emulator-5554 shell getprop ro.build.version.release'
&amp#27;[38;5;48m[ADB]&amp#27;[0m Current device property 'ro.build.version.release': 8.0.0
&amp#27;[38;5;32m[AndroidUiautomator2Driver@2d54 (cd7ab2dd)]&amp#27;[0m Using device: emulator-5554
&amp#27;[38;5;48m[ADB]&amp#27;[0m Using 'adb.exe' from 'C:\Users\alokpandey02\AppData\Local\Android\Sdk\platform-tools\adb.exe'
&amp#27;[38;5;48m[ADB]&amp#27;[0m Running 'C:\Users\alokpandey02\AppData\Local\Android\Sdk\platform-tools\adb.exe -P 5037 start-server'
&amp#27;[38;5;48m[ADB]&amp#27;[0m Setting device id to emulator-5554
&amp#27;[38;5;64m[BaseDriver]&amp#27;[0m Using local app 'C:\Users\alokpandey02\eclipse-workspace\NAGPAppiumAssignment\src\test\resources\Android_UI_Design-1.0 1.apk'
&amp#27;[38;5;32m[AndroidUiautomator2Driver@2d54 (cd7ab2dd)]&amp#27;[0m Checking whether app is actually present
&amp#27;[38;5;48m[ADB]&amp#27;[0m Running 'C:\Users\alokpandey02\AppData\Local\Android\Sdk\platform-tools\adb.exe -P 5037 -s emulator-5554 shell getprop ro.build.version.sdk'
&amp#27;[38;5;48m[ADB]&amp#27;[0m Current device property 'ro.build.version.sdk': 26
&amp#27;[38;5;48m[ADB]&amp#27;[0m Device API level: 26
&amp#27;[38;5;32m[AndroidUiautomator2Driver@2d54 (cd7ab2dd)]&amp#27;[0m Parsing package and activity from app manifest
&amp#27;[38;5;48m[ADB]&amp#27;[0m Running 'C:\Users\alokpandey02\AppData\Local\Android\Sdk\platform-tools\adb.exe -P 5037 -s emulator-5554 wait-for-device'
&amp#27;[38;5;48m[ADB]&amp#27;[0m Package name: 'com.boopathy.raja.tutorial'
&amp#27;[38;5;48m[ADB]&amp#27;[0m Main activity name: 'com.boopathy.raja.tutorial.Splash'
&amp#27;[38;5;32m[AndroidUiautomator2Driver@2d54 (cd7ab2dd)]&amp#27;[0m Parsed package and activity are: com.boopathy.raja.tutorial/com.boopathy.raja.tutorial.Splash
&amp#27;[38;5;48m[ADB]&amp#27;[0m Running 'C:\Users\alokpandey02\AppData\Local\Android\Sdk\platform-tools\adb.exe -P 5037 -s emulator-5554 shell echo ping'
&amp#27;[38;5;32m[AndroidUiautomator2Driver@2d54 (cd7ab2dd)]&amp#27;[0m Pushing settings apk to the device...
&amp#27;[38;5;48m[ADB]&amp#27;[0m Getting package info for 'io.appium.settings'
&amp#27;[38;5;48m[ADB]&amp#27;[0m Running 'C:\Users\alokpandey02\AppData\Local\Android\Sdk\platform-tools\adb.exe -P 5037 -s emulator-5554 shell dumpsys package io.appium.settings'
&amp#27;[38;5;48m[ADB]&amp#27;[0m The version name of the installed 'io.appium.settings' is greater or equal to the application version name ('5.9.2' >= '5.9.2')
&amp#27;[38;5;48m[ADB]&amp#27;[0m There is no need to install/upgrade 'C:\Users\alokpandey02\.appium\node_modules\appium-uiautomator2-driver\node_modules\io.appium.settings\apks\settings_apk-debug.apk'
&amp#27;[38;5;48m[ADB]&amp#27;[0m Running 'C:\Users\alokpandey02\AppData\Local\Android\Sdk\platform-tools\adb.exe -P 5037 -s emulator-5554 shell dumpsys activity services io.appium.settings'
&amp#27;[38;5;32m[AndroidUiautomator2Driver@2d54 (cd7ab2dd)]&amp#27;[0m io.appium.settings is already running. There is no need to reset its permissions.
&amp#27;[38;5;96m[Logcat]&amp#27;[0m Starting logs capture with command: C:\\Users\\alokpandey02\\AppData\\Local\\Android\\Sdk\\platform-tools\\adb.exe -P 5037 -s emulator-5554 logcat -v threadtime
&amp#27;[38;5;32m[AndroidUiautomator2Driver@2d54 (cd7ab2dd)]&amp#27;[0m Forwarding UiAutomator2 Server port 6790 to local port 8200
&amp#27;[38;5;48m[ADB]&amp#27;[0m Forwarding system: 8200 to device: 6790
&amp#27;[38;5;48m[ADB]&amp#27;[0m Running 'C:\Users\alokpandey02\AppData\Local\Android\Sdk\platform-tools\adb.exe -P 5037 -s emulator-5554 forward tcp:8200 tcp:6790'
&amp#27;[38;5;48m[ADB]&amp#27;[0m Getting package info for 'io.appium.uiautomator2.server'
&amp#27;[38;5;48m[ADB]&amp#27;[0m Running 'C:\Users\alokpandey02\AppData\Local\Android\Sdk\platform-tools\adb.exe -P 5037 -s emulator-5554 shell dumpsys package io.appium.uiautomator2.server'
&amp#27;[38;5;48m[ADB]&amp#27;[0m Getting install status for io.appium.uiautomator2.server.test
&amp#27;[38;5;48m[ADB]&amp#27;[0m Checking app cert for C:\Users\alokpandey02\eclipse-workspace\NAGPAppiumAssignment\src\test\resources\Android_UI_Design-1.0 1.apk
&amp#27;[38;5;48m[ADB]&amp#27;[0m Running 'C:\Users\alokpandey02\AppData\Local\Android\Sdk\platform-tools\adb.exe -P 5037 -s emulator-5554 shell cmd package list packages'
&amp#27;[38;5;48m[ADB]&amp#27;[0m Using the previously cached signature entry for 'Android_UI_Design-1.0 1.apk'
&amp#27;[38;5;48m[ADB]&amp#27;[0m Getting package info for 'com.boopathy.raja.tutorial'
&amp#27;[38;5;48m[ADB]&amp#27;[0m Running 'C:\Users\alokpandey02\AppData\Local\Android\Sdk\platform-tools\adb.exe -P 5037 -s emulator-5554 shell dumpsys package com.boopathy.raja.tutorial'
&amp#27;[38;5;48m[ADB]&amp#27;[0m 'io.appium.uiautomator2.server.test' is installed
&amp#27;[38;5;48m[ADB]&amp#27;[0m The version name of the installed 'com.boopathy.raja.tutorial' is greater or equal to the application version name ('1.0.0' >= '1.0.0')
&amp#27;[38;5;48m[ADB]&amp#27;[0m There is no need to install/upgrade 'C:\Users\alokpandey02\eclipse-workspace\NAGPAppiumAssignment\src\test\resources\Android_UI_Design-1.0 1.apk'
&amp#27;[38;5;32m[AndroidUiautomator2Driver@2d54 (cd7ab2dd)]&amp#27;[0m Performing fast reset on 'com.boopathy.raja.tutorial'
&amp#27;[38;5;48m[ADB]&amp#27;[0m Getting install status for com.boopathy.raja.tutorial
&amp#27;[38;5;48m[ADB]&amp#27;[0m Running 'C:\Users\alokpandey02\AppData\Local\Android\Sdk\platform-tools\adb.exe -P 5037 -s emulator-5554 shell cmd package list packages'
&amp#27;[38;5;48m[ADB]&amp#27;[0m 'com.boopathy.raja.tutorial' is installed
&amp#27;[38;5;48m[ADB]&amp#27;[0m Running 'C:\Users\alokpandey02\AppData\Local\Android\Sdk\platform-tools\adb.exe -P 5037 -s emulator-5554 shell am force-stop com.boopathy.raja.tutorial'
&amp#27;[38;5;48m[ADB]&amp#27;[0m Running 'C:\Users\alokpandey02\AppData\Local\Android\Sdk\platform-tools\adb.exe -P 5037 -s emulator-5554 shell pm clear com.boopathy.raja.tutorial'
&amp#27;[38;5;48m[ADB]&amp#27;[0m The version name of the installed 'io.appium.uiautomator2.server' is greater or equal to the application version name ('7.0.9' >= '7.0.9')
&amp#27;[38;5;32m[AndroidUiautomator2Driver@2d54 (cd7ab2dd)]&amp#27;[0m Server packages status: [{"installState":"sameVersionInstalled","appPath":"C:\\Users\\alokpandey02\\.appium\\node_modules\\appium-uiautomator2-driver\\node_modules\\appium-uiautomator2-server\\apks\\appium-uiautomator2-server-v7.0.9.apk","appId":"io.appium.uiautomator2.server"},{"installState":"sameVersionInstalled","appPath":"C:\\Users\\alokpandey02\\.appium\\node_modules\\appium-uiautomator2-driver\\node_modules\\appium-uiautomator2-server\\apks\\appium-uiautomator2-server-debug-androidTest.apk","appId":"io.appium.uiautomator2.server.test"}]
&amp#27;[38;5;32m[AndroidUiautomator2Driver@2d54 (cd7ab2dd)]&amp#27;[0m Server packages are not going to be (re)installed
&amp#27;[38;5;32m[AndroidUiautomator2Driver@2d54 (cd7ab2dd)]&amp#27;[0m Waiting up to 30000ms for services to be available
&amp#27;[38;5;48m[ADB]&amp#27;[0m Running 'C:\Users\alokpandey02\AppData\Local\Android\Sdk\platform-tools\adb.exe -P 5037 -s emulator-5554 shell pm list instrumentation'
&amp#27;[38;5;32m[AndroidUiautomator2Driver@2d54 (cd7ab2dd)]&amp#27;[0m Instrumentation target 'io.appium.uiautomator2.server.test/androidx.test.runner.AndroidJUnitRunner' is available
&amp#27;[38;5;48m[ADB]&amp#27;[0m Adding packages ["io.appium.settings","io.appium.uiautomator2.server","io.appium.uiautomator2.server.test"] to Doze whitelist
&amp#27;[38;5;48m[ADB]&amp#27;[0m Got the following command chunks to execute: [["dumpsys","deviceidle","whitelist","+io.appium.settings",";","dumpsys","deviceidle","whitelist","+io.appium.uiautomator2.server",";","dumpsys","deviceidle","whitelist","+io.appium.uiautomator2.server.test",";"]]
&amp#27;[38;5;48m[ADB]&amp#27;[0m Running 'C:\Users\alokpandey02\AppData\Local\Android\Sdk\platform-tools\adb.exe -P 5037 -s emulator-5554 shell dumpsys deviceidle whitelist +io.appium.settings ; dumpsys deviceidle whitelist +io.appium.uiautomator2.server ; dumpsys deviceidle whitelist +io.appium.uiautomator2.server.test ;'
&amp#27;[38;5;32m[AndroidUiautomator2Driver@2d54 (cd7ab2dd)]&amp#27;[0m Performed fast reset on the installed 'com.boopathy.raja.tutorial' application (stop and clear)
&amp#27;[38;5;32m[AndroidUiautomator2Driver@2d54 (cd7ab2dd)]&amp#27;[0m Performing shallow cleanup of automation leftovers
&amp#27;[38;5;32m[AndroidUiautomator2Driver@2d54 (cd7ab2dd)]&amp#27;[0m No obsolete sessions have been detected (socket hang up)
&amp#27;[38;5;48m[ADB]&amp#27;[0m Running 'C:\Users\alokpandey02\AppData\Local\Android\Sdk\platform-tools\adb.exe -P 5037 -s emulator-5554 shell am force-stop io.appium.uiautomator2.server.test'
&amp#27;[38;5;32m[AndroidUiautomator2Driver@2d54 (cd7ab2dd)]&amp#27;[0m Starting UIAutomator2 server 7.0.9
&amp#27;[38;5;32m[AndroidUiautomator2Driver@2d54 (cd7ab2dd)]&amp#27;[0m Using UIAutomator2 server from 'C:\Users\alokpandey02\.appium\node_modules\appium-uiautomator2-driver\node_modules\appium-uiautomator2-server\apks\appium-uiautomator2-server-v7.0.9.apk' and test from 'C:\Users\alokpandey02\.appium\node_modules\appium-uiautomator2-driver\node_modules\appium-uiautomator2-server\apks\appium-uiautomator2-server-debug-androidTest.apk'
&amp#27;[38;5;32m[AndroidUiautomator2Driver@2d54 (cd7ab2dd)]&amp#27;[0m Waiting up to 30000ms for UiAutomator2 to be online...
&amp#27;[38;5;48m[ADB]&amp#27;[0m Creating ADB subprocess with args: ["-P","5037","-s","emulator-5554","shell","am","instrument","-w","-e","disableAnalytics","true","io.appium.uiautomator2.server.test/androidx.test.runner.AndroidJUnitRunner"]
&amp#27;[38;5;32m[AndroidUiautomator2Driver@2d54 (cd7ab2dd)]&amp#27;[0m Matched '/status' to command name 'getStatus'
&amp#27;[38;5;32m[AndroidUiautomator2Driver@2d54 (cd7ab2dd)]&amp#27;[0m Proxying [GET /status] to [GET http://127.0.0.1:8200/status] with no body
&amp#27;[38;5;32m[AndroidUiautomator2Driver@2d54 (cd7ab2dd)]&amp#27;[0m socket hang up
&amp#27;[38;5;32m[AndroidUiautomator2Driver@2d54 (cd7ab2dd)]&amp#27;[0m Matched '/status' to command name 'getStatus'
&amp#27;[38;5;32m[AndroidUiautomator2Driver@2d54 (cd7ab2dd)]&amp#27;[0m Proxying [GET /status] to [GET http://127.0.0.1:8200/status] with no body
&amp#27;[38;5;32m[AndroidUiautomator2Driver@2d54 (cd7ab2dd)]&amp#27;[0m socket hang up
&amp#27;[38;5;112m[Instrumentation]&amp#27;[0m io.appium.uiautomator2.server.test.AppiumUiAutomator2Server:
&amp#27;[38;5;32m[AndroidUiautomator2Driver@2d54 (cd7ab2dd)]&amp#27;[0m Matched '/status' to command name 'getStatus'
&amp#27;[38;5;32m[AndroidUiautomator2Driver@2d54 (cd7ab2dd)]&amp#27;[0m Proxying [GET /status] to [GET http://127.0.0.1:8200/status] with no body
&amp#27;[38;5;32m[AndroidUiautomator2Driver@2d54 (cd7ab2dd)]&amp#27;[0m socket hang up
&amp#27;[38;5;32m[AndroidUiautomator2Driver@2d54 (cd7ab2dd)]&amp#27;[0m Matched '/status' to command name 'getStatus'
&amp#27;[38;5;32m[AndroidUiautomator2Driver@2d54 (cd7ab2dd)]&amp#27;[0m Proxying [GET /status] to [GET http://127.0.0.1:8200/status] with no body
&amp#27;[38;5;32m[AndroidUiautomator2Driver@2d54 (cd7ab2dd)]&amp#27;[0m Got response with status 200: {"sessionId":"None","value":{"message":"UiAutomator2 Server is ready to accept commands","ready":true}}
&amp#27;[38;5;32m[AndroidUiautomator2Driver@2d54 (cd7ab2dd)]&amp#27;[0m The initialization of the instrumentation process took 3263ms
&amp#27;[38;5;32m[AndroidUiautomator2Driver@2d54 (cd7ab2dd)]&amp#27;[0m Matched '/session' to command name 'createSession'
&amp#27;[38;5;32m[AndroidUiautomator2Driver@2d54 (cd7ab2dd)]&amp#27;[0m Proxying [POST /session] to [POST http://127.0.0.1:8200/session] with body: {"capabilities":{"firstMatch":[{"platformName":"ANDROID","appWaitPackage":"com.boopathy.raja.tutorial","appWaitActivity":"com.boopathy.raja.tutorial.Splash","autoAcceptAlerts":true,"automationName":"UiAutomator2","deviceName":"emulator-5554","newCommandTimeout":300,"platformVersion":"8.0","app":"C:\\Users\\alokpandey02\\eclipse-workspace\\NAGPAppiumAssignment\\src\\test\\resources\\Android_UI_Design-1.0 1.apk","platform":"LINUX","webStorageEnabled":false,"takesScreenshot":true,"javascriptEnabled":true,"databaseEnabled":false,"networkConnectionEnabled":true,"locationContextEnabled":false,"warnings":{},"desired":{"platformName":"ANDROID","appWaitPackage":"com.boopathy.raja.tutorial","appWaitActivity":"com.boopathy.raja.tutorial.Splash","autoAcceptAlerts":true,"automationName":"UiAutomator2","deviceName":"Android","newCommandTimeout":300,"platformVersion":"8.0","app":"C:\\Users\\alokpandey02\\eclipse-workspace\\NAGPAppiumAssignment\\src\\test\\resources\\Android_UI_Design-1.0 1.apk"},"deviceUDID":"emulator-55...
&amp#27;[38;5;32m[AndroidUiautomator2Driver@2d54 (cd7ab2dd)]&amp#27;[0m Got response with status 200: {"sessionId":"9ac5a066-2f78-4c2b-95ee-ea9144b73a2c","value":{"capabilities":{"firstMatch":[{"platformName":"ANDROID","appWaitPackage":"com.boopathy.raja.tutorial","appWaitActivity":"com.boopathy.raja.tutorial.Splash","autoAcceptAlerts":true,"automationName":"UiAutomator2","deviceName":"emulator-5554","newCommandTimeout":300,"platformVersion":"8.0","app":"C:\\Users\\alokpandey02\\eclipse-workspace\\NAGPAppiumAssignment\\src\\test\\resources\\Android_UI_Design-1.0 1.apk","platform":"LINUX","webStorageEnabled":false,"takesScreenshot":true,"javascriptEnabled":true,"databaseEnabled":false,"networkConnectionEnabled":true,"locationContextEnabled":false,"warnings":{},"desired":{"platformName":"ANDROID","appWaitPackage":"com.boopathy.raja.tutorial","appWaitActivity":"com.boopathy.raja.tutorial.Splash","autoAcceptAlerts":true,"automationName":"UiAutomator2","deviceName":"Android","newCommandTimeout":300,"platformVersion":"8.0","app":"C:\\Users\\alokpandey02\\eclipse-workspace\\NAGPAppiumAssignment\\src\\test\\resour...
&amp#27;[38;5;32m[AndroidUiautomator2Driver@2d54 (cd7ab2dd)]&amp#27;[0m Determined the downstream protocol as 'W3C'
&amp#27;[38;5;32m[AndroidUiautomator2Driver@2d54 (cd7ab2dd)]&amp#27;[0m Proxying [GET /appium/device/pixel_ratio] to [GET http://127.0.0.1:8200/session/9ac5a066-2f78-4c2b-95ee-ea9144b73a2c/appium/device/pixel_ratio] with no body
&amp#27;[38;5;32m[AndroidUiautomator2Driver@2d54 (cd7ab2dd)]&amp#27;[0m Matched '/appium/device/system_bars' to command name 'getSystemBars'
&amp#27;[38;5;32m[AndroidUiautomator2Driver@2d54 (cd7ab2dd)]&amp#27;[0m Proxying [GET /appium/device/system_bars] to [GET http://127.0.0.1:8200/session/9ac5a066-2f78-4c2b-95ee-ea9144b73a2c/appium/device/system_bars] with no body
&amp#27;[38;5;32m[AndroidUiautomator2Driver@2d54 (cd7ab2dd)]&amp#27;[0m Matched '/window/current/size' to command name 'getWindowSize'
&amp#27;[38;5;32m[AndroidUiautomator2Driver@2d54 (cd7ab2dd)]&amp#27;[0m Proxying [GET /window/current/size] to [GET http://127.0.0.1:8200/session/9ac5a066-2f78-4c2b-95ee-ea9144b73a2c/window/current/size] with no body
&amp#27;[38;5;32m[AndroidUiautomator2Driver@2d54 (cd7ab2dd)]&amp#27;[0m Proxying [GET /appium/device/info] to [GET http://127.0.0.1:8200/session/9ac5a066-2f78-4c2b-95ee-ea9144b73a2c/appium/device/info] with no body
&amp#27;[38;5;48m[ADB]&amp#27;[0m Running 'C:\Users\alokpandey02\AppData\Local\Android\Sdk\platform-tools\adb.exe -P 5037 -s emulator-5554 shell dumpsys window'
&amp#27;[38;5;48m[ADB]&amp#27;[0m Running 'C:\Users\alokpandey02\AppData\Local\Android\Sdk\platform-tools\adb.exe -P 5037 -s emulator-5554 shell dumpsys power'
&amp#27;[38;5;32m[AndroidUiautomator2Driver@2d54 (cd7ab2dd)]&amp#27;[0m Got response with status 200: {"sessionId":"9ac5a066-2f78-4c2b-95ee-ea9144b73a2c","value":2.75}
&amp#27;[38;5;32m[AndroidUiautomator2Driver@2d54 (cd7ab2dd)]&amp#27;[0m Got response with status 200: {"sessionId":"9ac5a066-2f78-4c2b-95ee-ea9144b73a2c","value":{"statusBar":66}}
&amp#27;[38;5;32m[AndroidUiautomator2Driver@2d54 (cd7ab2dd)]&amp#27;[0m Got response with status 200: {"sessionId":"9ac5a066-2f78-4c2b-95ee-ea9144b73a2c","value":{"height":2280,"width":1080}}
&amp#27;[38;5;32m[AndroidUiautomator2Driver@2d54 (cd7ab2dd)]&amp#27;[0m Screen already unlocked, doing nothing
&amp#27;[38;5;32m[AndroidUiautomator2Driver@2d54 (cd7ab2dd)]&amp#27;[0m Starting 'com.boopathy.raja.tutorial/com.boopathy.raja.tutorial.Splash and waiting for 'com.boopathy.raja.tutorial/com.boopathy.raja.tutorial.Splash'
&amp#27;[38;5;48m[ADB]&amp#27;[0m Running 'C:\Users\alokpandey02\AppData\Local\Android\Sdk\platform-tools\adb.exe -P 5037 -s emulator-5554 shell am start -W -n com.boopathy.raja.tutorial/com.boopathy.raja.tutorial.Splash -S -a android.intent.action.MAIN -c android.intent.category.LAUNCHER -f 0x10200000'
&amp#27;[38;5;32m[AndroidUiautomator2Driver@2d54 (cd7ab2dd)]&amp#27;[0m Got response with status 200: {"sessionId":"9ac5a066-2f78-4c2b-95ee-ea9144b73a2c","value":{"androidId":"2a8088d421c24ab9","apiVersion":"26","bluetooth":null,"brand":"google","carrierName":"Android","displayDensity":440,"locale":"en_US","manufacturer":"Google","model":"Android SDK built for x86","networks":[{"capabilities":{"SSID":null,"linkDownBandwidthKbps":102400,"linkUpstreamBandwidthKbps":51200,"networkCapabilities":"NET_CAPABILITY_MMS,NET_CAPABILITY_SUPL,NET_CAPABILITY_FOTA,NET_CAPABILITY_IMS,NET_CAPABILITY_CBS,NET_CAPABILITY_IA,NET_CAPABILITY_INTERNET,NET_CAPABILITY_NOT_RESTRICTED,NET_CAPABILITY_TRUSTED,NET_CAPABILITY_NOT_VPN,NET_CAPABILITY_VALIDATED,NET_CAPABILITY_NOT_ROAMING","signalStrength":-2147483648,"transportTypes":"TRANSPORT_CELLULAR"},"detailedState":"CONNECTED","extraInfo":"epc.tmobile.com","isAvailable":true,"isConnected":true,"isFailover":false,"isRoaming":false,"state":"CONNECTED","subtype":13,"subtypeName":"LTE","type":0,"typeName":"MOBILE"},{"capabilities":{"SSID":null,"linkDownBandwidthKbps":1048576,"linkUpstream...
&amp#27;[38;5;48m[ADB]&amp#27;[0m Waiting up to 20000ms for activity matching pkg: 'com.boopathy.raja.tutorial' and activity: 'com.boopathy.raja.tutorial.Splash' to be focused
&amp#27;[38;5;48m[ADB]&amp#27;[0m Possible activities, to be checked: 'com.boopathy.raja.tutorial.Splash', 'com.boopathy.raja.tutorial.com.boopathy.raja.tutorial.Splash'
&amp#27;[38;5;48m[ADB]&amp#27;[0m Getting focused package and activity
&amp#27;[38;5;48m[ADB]&amp#27;[0m Running 'C:\Users\alokpandey02\AppData\Local\Android\Sdk\platform-tools\adb.exe -P 5037 -s emulator-5554 shell dumpsys window windows'
&amp#27;[38;5;48m[ADB]&amp#27;[0m Found package: 'com.boopathy.raja.tutorial' and fully qualified activity name : 'com.boopathy.raja.tutorial.Splash'
&amp#27;[38;5;16m[AppiumDriver@f52c]&amp#27;[0m New AndroidUiautomator2Driver session created successfully, session cd7ab2dd-04fc-47d1-8d89-4fb5a4eb76e3 added to master session list
&amp#27;[38;5;16m[AppiumDriver@f52c]&amp#27;[0m Event 'newSessionStarted' logged at 1717411361711 (16:12:41 GMT+0530 (India Standard Time))
&amp#27;[38;5;32m[AndroidUiautomator2Driver@2d54 (cd7ab2dd)]&amp#27;[0m Cached the protocol value 'W3C' for the new session cd7ab2dd-04fc-47d1-8d89-4fb5a4eb76e3
&amp#27;[38;5;32m[AndroidUiautomator2Driver@2d54 (cd7ab2dd)]&amp#27;[0m Responding to client with driver.createSession() result: {"capabilities":{"platformName":"ANDROID","appWaitPackage":"com.boopathy.raja.tutorial","appWaitActivity":"com.boopathy.raja.tutorial.Splash","autoAcceptAlerts":true,"automationName":"UiAutomator2","deviceName":"emulator-5554","newCommandTimeout":300,"platformVersion":"8.0.0","app":"C:\\Users\\alokpandey02\\eclipse-workspace\\NAGPAppiumAssignment\\src\\test\\resources\\Android_UI_Design-1.0 1.apk","platform":"LINUX","webStorageEnabled":false,"takesScreenshot":true,"javascriptEnabled":true,"databaseEnabled":false,"networkConnectionEnabled":true,"locationContextEnabled":false,"warnings":{},"desired":{"platformName":"ANDROID","appWaitPackage":"com.boopathy.raja.tutorial","appWaitActivity":"com.boopathy.raja.tutorial.Splash","autoAcceptAlerts":true,"automationName":"UiAutomator2","deviceName":"Android","newCommandTimeout":300,"platformVersion":"8.0","app":"C:\\Users\\alokpandey02\\eclipse-workspace\\NAGPAppiumAssignment\\src\\test\\resources\\Android_UI_Design-1.0 1.apk"},"deviceUDID":"emulator-5554","appPacka...
&amp#27;[38;5;0m[HTTP]&amp#27;[0m &amp#27;[37m<-- POST /session &amp#27;[39m&amp#27;[32m200&amp#27;[39m &amp#27;[90m8985 ms - 1366&amp#27;[39m
&amp#27;[38;5;0m[HTTP]&amp#27;[0m &amp#27;[90m&amp#27;[39m
[INFO ] 2024-06-03 16:12:41.782 [main] TestLogger - Thread 1: Application launched
&amp#27;[38;5;0m[HTTP]&amp#27;[0m &amp#27;[37m-->&amp#27;[39m &amp#27;[37mPOST&amp#27;[39m &amp#27;[37m/session/cd7ab2dd-04fc-47d1-8d89-4fb5a4eb76e3/element&amp#27;[39m
&amp#27;[38;5;0m[HTTP]&amp#27;[0m &amp#27;[90m{"value":"android:id/up","using":"id"}&amp#27;[39m
&amp#27;[38;5;32m[AndroidUiautomator2Driver@2d54 (cd7ab2dd)]&amp#27;[0m Calling AppiumDriver.findElement() with args: ["id","android:id/up","cd7ab2dd-04fc-47d1-8d89-4fb5a4eb76e3"]
&amp#27;[38;5;32m[AndroidUiautomator2Driver@2d54 (cd7ab2dd)]&amp#27;[0m Valid locator strategies for this request: xpath, id, class name, accessibility id, css selector, -android uiautomator
&amp#27;[38;5;32m[AndroidUiautomator2Driver@2d54 (cd7ab2dd)]&amp#27;[0m Waiting up to 0 ms for condition
&amp#27;[38;5;32m[AndroidUiautomator2Driver@2d54 (cd7ab2dd)]&amp#27;[0m Matched '/element' to command name 'findElement'
&amp#27;[38;5;32m[AndroidUiautomator2Driver@2d54 (cd7ab2dd)]&amp#27;[0m Proxying [POST /element] to [POST http://127.0.0.1:8200/session/9ac5a066-2f78-4c2b-95ee-ea9144b73a2c/element] with body: {"strategy":"id","selector":"android:id/up","context":"","multiple":false}
&amp#27;[38;5;32m[AndroidUiautomator2Driver@2d54 (cd7ab2dd)]&amp#27;[0m Got response with status 404: {"sessionId":"9ac5a066-2f78-4c2b-95ee-ea9144b73a2c","value":{"error":"no such element","message":"An element could not be located on the page using the given search parameters","stacktrace":"io.appium.uiautomator2.common.exceptions.ElementNotFoundException: An element could not be located on the page using the given search parameters\n\tat io.appium.uiautomator2.handler.FindElement.safeHandle(FindElement.java:63)\n\tat io.appium.uiautomator2.handler.request.SafeRequestHandler.handle(SafeRequestHandler.java:59)\n\tat io.appium.uiautomator2.server.AppiumServlet.handleRequest(AppiumServlet.java:259)\n\tat io.appium.uiautomator2.server.AppiumServlet.handleHttpRequest(AppiumServlet.java:253)\n\tat io.appium.uiautomator2.http.ServerHandler.channelRead(ServerHandler.java:77)\n\tat io.netty.channel.AbstractChannelHandlerContext.invokeChannelRead(AbstractChannelHandlerContext.java:366)\n\tat io.netty.channel.AbstractChannelHandlerContext.invokeChannelRead(AbstractChannelHandlerContext.java:352)\n\tat io.netty.chann...
&amp#27;[38;5;128m[W3C]&amp#27;[0m Matched W3C error code 'no such element' to NoSuchElementError
&amp#27;[38;5;32m[AndroidUiautomator2Driver@2d54 (cd7ab2dd)]&amp#27;[0m Encountered internal error running command: NoSuchElementError: An element could not be located on the page using the given search parameters.
&amp#27;[38;5;32m[AndroidUiautomator2Driver@2d54 (cd7ab2dd)]&amp#27;[0m     at AndroidUiautomator2Driver.findElOrEls (C:\Users\alokpandey02\.appium\node_modules\appium-uiautomator2-driver\node_modules\appium-android-driver\lib\commands\find.ts:86:11)
&amp#27;[38;5;32m[AndroidUiautomator2Driver@2d54 (cd7ab2dd)]&amp#27;[0m     at processTicksAndRejections (node:internal/process/task_queues:95:5)
&amp#27;[38;5;32m[AndroidUiautomator2Driver@2d54 (cd7ab2dd)]&amp#27;[0m     at AndroidUiautomator2Driver.findElOrElsWithProcessing (C:\Users\alokpandey02\AppData\Roaming\npm\node_modules\appium\node_modules\@appium\base-driver\lib\basedriver\commands\find.ts:60:12)
&amp#27;[38;5;32m[AndroidUiautomator2Driver@2d54 (cd7ab2dd)]&amp#27;[0m     at AndroidUiautomator2Driver.findElement (C:\Users\alokpandey02\AppData\Roaming\npm\node_modules\appium\node_modules\@appium\base-driver\lib\basedriver\commands\find.ts:75:12)
&amp#27;[38;5;0m[HTTP]&amp#27;[0m &amp#27;[37m<-- POST /session/cd7ab2dd-04fc-47d1-8d89-4fb5a4eb76e3/element &amp#27;[39m&amp#27;[33m404&amp#27;[39m &amp#27;[90m1114 ms - 911&amp#27;[39m
&amp#27;[38;5;0m[HTTP]&amp#27;[0m &amp#27;[90m&amp#27;[39m
&amp#27;[38;5;0m[HTTP]&amp#27;[0m &amp#27;[37m-->&amp#27;[39m &amp#27;[37mPOST&amp#27;[39m &amp#27;[37m/session/cd7ab2dd-04fc-47d1-8d89-4fb5a4eb76e3/element&amp#27;[39m
&amp#27;[38;5;0m[HTTP]&amp#27;[0m &amp#27;[90m{"value":"android:id/up","using":"id"}&amp#27;[39m
&amp#27;[38;5;32m[AndroidUiautomator2Driver@2d54 (cd7ab2dd)]&amp#27;[0m Calling AppiumDriver.findElement() with args: ["id","android:id/up","cd7ab2dd-04fc-47d1-8d89-4fb5a4eb76e3"]
&amp#27;[38;5;32m[AndroidUiautomator2Driver@2d54 (cd7ab2dd)]&amp#27;[0m Valid locator strategies for this request: xpath, id, class name, accessibility id, css selector, -android uiautomator
&amp#27;[38;5;32m[AndroidUiautomator2Driver@2d54 (cd7ab2dd)]&amp#27;[0m Waiting up to 0 ms for condition
&amp#27;[38;5;32m[AndroidUiautomator2Driver@2d54 (cd7ab2dd)]&amp#27;[0m Matched '/element' to command name 'findElement'
&amp#27;[38;5;32m[AndroidUiautomator2Driver@2d54 (cd7ab2dd)]&amp#27;[0m Proxying [POST /element] to [POST http://127.0.0.1:8200/session/9ac5a066-2f78-4c2b-95ee-ea9144b73a2c/element] with body: {"strategy":"id","selector":"android:id/up","context":"","multiple":false}
&amp#27;[38;5;32m[AndroidUiautomator2Driver@2d54 (cd7ab2dd)]&amp#27;[0m Got response with status 404: {"sessionId":"9ac5a066-2f78-4c2b-95ee-ea9144b73a2c","value":{"error":"no such element","message":"An element could not be located on the page using the given search parameters","stacktrace":"io.appium.uiautomator2.common.exceptions.ElementNotFoundException: An element could not be located on the page using the given search parameters\n\tat io.appium.uiautomator2.handler.FindElement.safeHandle(FindElement.java:63)\n\tat io.appium.uiautomator2.handler.request.SafeRequestHandler.handle(SafeRequestHandler.java:59)\n\tat io.appium.uiautomator2.server.AppiumServlet.handleRequest(AppiumServlet.java:259)\n\tat io.appium.uiautomator2.server.AppiumServlet.handleHttpRequest(AppiumServlet.java:253)\n\tat io.appium.uiautomator2.http.ServerHandler.channelRead(ServerHandler.java:77)\n\tat io.netty.channel.AbstractChannelHandlerContext.invokeChannelRead(AbstractChannelHandlerContext.java:366)\n\tat io.netty.channel.AbstractChannelHandlerContext.invokeChannelRead(AbstractChannelHandlerContext.java:352)\n\tat io.netty.chann...
&amp#27;[38;5;128m[W3C]&amp#27;[0m Matched W3C error code 'no such element' to NoSuchElementError
&amp#27;[38;5;32m[AndroidUiautomator2Driver@2d54 (cd7ab2dd)]&amp#27;[0m Encountered internal error running command: NoSuchElementError: An element could not be located on the page using the given search parameters.
&amp#27;[38;5;32m[AndroidUiautomator2Driver@2d54 (cd7ab2dd)]&amp#27;[0m     at AndroidUiautomator2Driver.findElOrEls (C:\Users\alokpandey02\.appium\node_modules\appium-uiautomator2-driver\node_modules\appium-android-driver\lib\commands\find.ts:86:11)
&amp#27;[38;5;32m[AndroidUiautomator2Driver@2d54 (cd7ab2dd)]&amp#27;[0m     at processTicksAndRejections (node:internal/process/task_queues:95:5)
&amp#27;[38;5;32m[AndroidUiautomator2Driver@2d54 (cd7ab2dd)]&amp#27;[0m     at AndroidUiautomator2Driver.findElOrElsWithProcessing (C:\Users\alokpandey02\AppData\Roaming\npm\node_modules\appium\node_modules\@appium\base-driver\lib\basedriver\commands\find.ts:60:12)
&amp#27;[38;5;32m[AndroidUiautomator2Driver@2d54 (cd7ab2dd)]&amp#27;[0m     at AndroidUiautomator2Driver.findElement (C:\Users\alokpandey02\AppData\Roaming\npm\node_modules\appium\node_modules\@appium\base-driver\lib\basedriver\commands\find.ts:75:12)
&amp#27;[38;5;0m[HTTP]&amp#27;[0m &amp#27;[37m<-- POST /session/cd7ab2dd-04fc-47d1-8d89-4fb5a4eb76e3/element &amp#27;[39m&amp#27;[33m404&amp#27;[39m &amp#27;[90m29 ms - 911&amp#27;[39m
&amp#27;[38;5;0m[HTTP]&amp#27;[0m &amp#27;[90m&amp#27;[39m
&amp#27;[38;5;0m[HTTP]&amp#27;[0m &amp#27;[37m-->&amp#27;[39m &amp#27;[37mPOST&amp#27;[39m &amp#27;[37m/session/cd7ab2dd-04fc-47d1-8d89-4fb5a4eb76e3/element&amp#27;[39m
&amp#27;[38;5;0m[HTTP]&amp#27;[0m &amp#27;[90m{"value":"android:id/up","using":"id"}&amp#27;[39m
&amp#27;[38;5;32m[AndroidUiautomator2Driver@2d54 (cd7ab2dd)]&amp#27;[0m Calling AppiumDriver.findElement() with args: ["id","android:id/up","cd7ab2dd-04fc-47d1-8d89-4fb5a4eb76e3"]
&amp#27;[38;5;32m[AndroidUiautomator2Driver@2d54 (cd7ab2dd)]&amp#27;[0m Valid locator strategies for this request: xpath, id, class name, accessibility id, css selector, -android uiautomator
&amp#27;[38;5;32m[AndroidUiautomator2Driver@2d54 (cd7ab2dd)]&amp#27;[0m Waiting up to 0 ms for condition
&amp#27;[38;5;32m[AndroidUiautomator2Driver@2d54 (cd7ab2dd)]&amp#27;[0m Matched '/element' to command name 'findElement'
&amp#27;[38;5;32m[AndroidUiautomator2Driver@2d54 (cd7ab2dd)]&amp#27;[0m Proxying [POST /element] to [POST http://127.0.0.1:8200/session/9ac5a066-2f78-4c2b-95ee-ea9144b73a2c/element] with body: {"strategy":"id","selector":"android:id/up","context":"","multiple":false}
&amp#27;[38;5;32m[AndroidUiautomator2Driver@2d54 (cd7ab2dd)]&amp#27;[0m Got response with status 404: {"sessionId":"9ac5a066-2f78-4c2b-95ee-ea9144b73a2c","value":{"error":"no such element","message":"An element could not be located on the page using the given search parameters","stacktrace":"io.appium.uiautomator2.common.exceptions.ElementNotFoundException: An element could not be located on the page using the given search parameters\n\tat io.appium.uiautomator2.handler.FindElement.safeHandle(FindElement.java:63)\n\tat io.appium.uiautomator2.handler.request.SafeRequestHandler.handle(SafeRequestHandler.java:59)\n\tat io.appium.uiautomator2.server.AppiumServlet.handleRequest(AppiumServlet.java:259)\n\tat io.appium.uiautomator2.server.AppiumServlet.handleHttpRequest(AppiumServlet.java:253)\n\tat io.appium.uiautomator2.http.ServerHandler.channelRead(ServerHandler.java:77)\n\tat io.netty.channel.AbstractChannelHandlerContext.invokeChannelRead(AbstractChannelHandlerContext.java:366)\n\tat io.netty.channel.AbstractChannelHandlerContext.invokeChannelRead(AbstractChannelHandlerContext.java:352)\n\tat io.netty.chann...
&amp#27;[38;5;128m[W3C]&amp#27;[0m Matched W3C error code 'no such element' to NoSuchElementError
&amp#27;[38;5;32m[AndroidUiautomator2Driver@2d54 (cd7ab2dd)]&amp#27;[0m Encountered internal error running command: NoSuchElementError: An element could not be located on the page using the given search parameters.
&amp#27;[38;5;32m[AndroidUiautomator2Driver@2d54 (cd7ab2dd)]&amp#27;[0m     at AndroidUiautomator2Driver.findElOrEls (C:\Users\alokpandey02\.appium\node_modules\appium-uiautomator2-driver\node_modules\appium-android-driver\lib\commands\find.ts:86:11)
&amp#27;[38;5;32m[AndroidUiautomator2Driver@2d54 (cd7ab2dd)]&amp#27;[0m     at processTicksAndRejections (node:internal/process/task_queues:95:5)
&amp#27;[38;5;32m[AndroidUiautomator2Driver@2d54 (cd7ab2dd)]&amp#27;[0m     at AndroidUiautomator2Driver.findElOrElsWithProcessing (C:\Users\alokpandey02\AppData\Roaming\npm\node_modules\appium\node_modules\@appium\base-driver\lib\basedriver\commands\find.ts:60:12)
&amp#27;[38;5;32m[AndroidUiautomator2Driver@2d54 (cd7ab2dd)]&amp#27;[0m     at AndroidUiautomator2Driver.findElement (C:\Users\alokpandey02\AppData\Roaming\npm\node_modules\appium\node_modules\@appium\base-driver\lib\basedriver\commands\find.ts:75:12)
&amp#27;[38;5;0m[HTTP]&amp#27;[0m &amp#27;[37m<-- POST /session/cd7ab2dd-04fc-47d1-8d89-4fb5a4eb76e3/element &amp#27;[39m&amp#27;[33m404&amp#27;[39m &amp#27;[90m30 ms - 911&amp#27;[39m
&amp#27;[38;5;0m[HTTP]&amp#27;[0m &amp#27;[90m&amp#27;[39m
&amp#27;[38;5;0m[HTTP]&amp#27;[0m &amp#27;[37m-->&amp#27;[39m &amp#27;[37mPOST&amp#27;[39m &amp#27;[37m/session/cd7ab2dd-04fc-47d1-8d89-4fb5a4eb76e3/element&amp#27;[39m
&amp#27;[38;5;0m[HTTP]&amp#27;[0m &amp#27;[90m{"value":"android:id/up","using":"id"}&amp#27;[39m
&amp#27;[38;5;32m[AndroidUiautomator2Driver@2d54 (cd7ab2dd)]&amp#27;[0m Calling AppiumDriver.findElement() with args: ["id","android:id/up","cd7ab2dd-04fc-47d1-8d89-4fb5a4eb76e3"]
&amp#27;[38;5;32m[AndroidUiautomator2Driver@2d54 (cd7ab2dd)]&amp#27;[0m Valid locator strategies for this request: xpath, id, class name, accessibility id, css selector, -android uiautomator
&amp#27;[38;5;32m[AndroidUiautomator2Driver@2d54 (cd7ab2dd)]&amp#27;[0m Waiting up to 0 ms for condition
&amp#27;[38;5;32m[AndroidUiautomator2Driver@2d54 (cd7ab2dd)]&amp#27;[0m Matched '/element' to command name 'findElement'
&amp#27;[38;5;32m[AndroidUiautomator2Driver@2d54 (cd7ab2dd)]&amp#27;[0m Proxying [POST /element] to [POST http://127.0.0.1:8200/session/9ac5a066-2f78-4c2b-95ee-ea9144b73a2c/element] with body: {"strategy":"id","selector":"android:id/up","context":"","multiple":false}
&amp#27;[38;5;32m[AndroidUiautomator2Driver@2d54 (cd7ab2dd)]&amp#27;[0m Got response with status 404: {"sessionId":"9ac5a066-2f78-4c2b-95ee-ea9144b73a2c","value":{"error":"no such element","message":"An element could not be located on the page using the given search parameters","stacktrace":"io.appium.uiautomator2.common.exceptions.ElementNotFoundException: An element could not be located on the page using the given search parameters\n\tat io.appium.uiautomator2.handler.FindElement.safeHandle(FindElement.java:63)\n\tat io.appium.uiautomator2.handler.request.SafeRequestHandler.handle(SafeRequestHandler.java:59)\n\tat io.appium.uiautomator2.server.AppiumServlet.handleRequest(AppiumServlet.java:259)\n\tat io.appium.uiautomator2.server.AppiumServlet.handleHttpRequest(AppiumServlet.java:253)\n\tat io.appium.uiautomator2.http.ServerHandler.channelRead(ServerHandler.java:77)\n\tat io.netty.channel.AbstractChannelHandlerContext.invokeChannelRead(AbstractChannelHandlerContext.java:366)\n\tat io.netty.channel.AbstractChannelHandlerContext.invokeChannelRead(AbstractChannelHandlerContext.java:352)\n\tat io.netty.chann...
&amp#27;[38;5;128m[W3C]&amp#27;[0m Matched W3C error code 'no such element' to NoSuchElementError
&amp#27;[38;5;32m[AndroidUiautomator2Driver@2d54 (cd7ab2dd)]&amp#27;[0m Encountered internal error running command: NoSuchElementError: An element could not be located on the page using the given search parameters.
&amp#27;[38;5;32m[AndroidUiautomator2Driver@2d54 (cd7ab2dd)]&amp#27;[0m     at AndroidUiautomator2Driver.findElOrEls (C:\Users\alokpandey02\.appium\node_modules\appium-uiautomator2-driver\node_modules\appium-android-driver\lib\commands\find.ts:86:11)
&amp#27;[38;5;32m[AndroidUiautomator2Driver@2d54 (cd7ab2dd)]&amp#27;[0m     at processTicksAndRejections (node:internal/process/task_queues:95:5)
&amp#27;[38;5;32m[AndroidUiautomator2Driver@2d54 (cd7ab2dd)]&amp#27;[0m     at AndroidUiautomator2Driver.findElOrElsWithProcessing (C:\Users\alokpandey02\AppData\Roaming\npm\node_modules\appium\node_modules\@appium\base-driver\lib\basedriver\commands\find.ts:60:12)
&amp#27;[38;5;32m[AndroidUiautomator2Driver@2d54 (cd7ab2dd)]&amp#27;[0m     at AndroidUiautomator2Driver.findElement (C:\Users\alokpandey02\AppData\Roaming\npm\node_modules\appium\node_modules\@appium\base-driver\lib\basedriver\commands\find.ts:75:12)
&amp#27;[38;5;0m[HTTP]&amp#27;[0m &amp#27;[37m<-- POST /session/cd7ab2dd-04fc-47d1-8d89-4fb5a4eb76e3/element &amp#27;[39m&amp#27;[33m404&amp#27;[39m &amp#27;[90m28 ms - 911&amp#27;[39m
&amp#27;[38;5;0m[HTTP]&amp#27;[0m &amp#27;[90m&amp#27;[39m
&amp#27;[38;5;0m[HTTP]&amp#27;[0m &amp#27;[37m-->&amp#27;[39m &amp#27;[37mPOST&amp#27;[39m &amp#27;[37m/session/cd7ab2dd-04fc-47d1-8d89-4fb5a4eb76e3/element&amp#27;[39m
&amp#27;[38;5;0m[HTTP]&amp#27;[0m &amp#27;[90m{"value":"android:id/up","using":"id"}&amp#27;[39m
&amp#27;[38;5;32m[AndroidUiautomator2Driver@2d54 (cd7ab2dd)]&amp#27;[0m Calling AppiumDriver.findElement() with args: ["id","android:id/up","cd7ab2dd-04fc-47d1-8d89-4fb5a4eb76e3"]
&amp#27;[38;5;32m[AndroidUiautomator2Driver@2d54 (cd7ab2dd)]&amp#27;[0m Valid locator strategies for this request: xpath, id, class name, accessibility id, css selector, -android uiautomator
&amp#27;[38;5;32m[AndroidUiautomator2Driver@2d54 (cd7ab2dd)]&amp#27;[0m Waiting up to 0 ms for condition
&amp#27;[38;5;32m[AndroidUiautomator2Driver@2d54 (cd7ab2dd)]&amp#27;[0m Matched '/element' to command name 'findElement'
&amp#27;[38;5;32m[AndroidUiautomator2Driver@2d54 (cd7ab2dd)]&amp#27;[0m Proxying [POST /element] to [POST http://127.0.0.1:8200/session/9ac5a066-2f78-4c2b-95ee-ea9144b73a2c/element] with body: {"strategy":"id","selector":"android:id/up","context":"","multiple":false}
&amp#27;[38;5;32m[AndroidUiautomator2Driver@2d54 (cd7ab2dd)]&amp#27;[0m Got response with status 404: {"sessionId":"9ac5a066-2f78-4c2b-95ee-ea9144b73a2c","value":{"error":"no such element","message":"An element could not be located on the page using the given search parameters","stacktrace":"io.appium.uiautomator2.common.exceptions.ElementNotFoundException: An element could not be located on the page using the given search parameters\n\tat io.appium.uiautomator2.handler.FindElement.safeHandle(FindElement.java:63)\n\tat io.appium.uiautomator2.handler.request.SafeRequestHandler.handle(SafeRequestHandler.java:59)\n\tat io.appium.uiautomator2.server.AppiumServlet.handleRequest(AppiumServlet.java:259)\n\tat io.appium.uiautomator2.server.AppiumServlet.handleHttpRequest(AppiumServlet.java:253)\n\tat io.appium.uiautomator2.http.ServerHandler.channelRead(ServerHandler.java:77)\n\tat io.netty.channel.AbstractChannelHandlerContext.invokeChannelRead(AbstractChannelHandlerContext.java:366)\n\tat io.netty.channel.AbstractChannelHandlerContext.invokeChannelRead(AbstractChannelHandlerContext.java:352)\n\tat io.netty.chann...
&amp#27;[38;5;128m[W3C]&amp#27;[0m Matched W3C error code 'no such element' to NoSuchElementError
&amp#27;[38;5;32m[AndroidUiautomator2Driver@2d54 (cd7ab2dd)]&amp#27;[0m Encountered internal error running command: NoSuchElementError: An element could not be located on the page using the given search parameters.
&amp#27;[38;5;32m[AndroidUiautomator2Driver@2d54 (cd7ab2dd)]&amp#27;[0m     at AndroidUiautomator2Driver.findElOrEls (C:\Users\alokpandey02\.appium\node_modules\appium-uiautomator2-driver\node_modules\appium-android-driver\lib\commands\find.ts:86:11)
&amp#27;[38;5;32m[AndroidUiautomator2Driver@2d54 (cd7ab2dd)]&amp#27;[0m     at processTicksAndRejections (node:internal/process/task_queues:95:5)
&amp#27;[38;5;32m[AndroidUiautomator2Driver@2d54 (cd7ab2dd)]&amp#27;[0m     at AndroidUiautomator2Driver.findElOrElsWithProcessing (C:\Users\alokpandey02\AppData\Roaming\npm\node_modules\appium\node_modules\@appium\base-driver\lib\basedriver\commands\find.ts:60:12)
&amp#27;[38;5;32m[AndroidUiautomator2Driver@2d54 (cd7ab2dd)]&amp#27;[0m     at AndroidUiautomator2Driver.findElement (C:\Users\alokpandey02\AppData\Roaming\npm\node_modules\appium\node_modules\@appium\base-driver\lib\basedriver\commands\find.ts:75:12)
&amp#27;[38;5;0m[HTTP]&amp#27;[0m &amp#27;[37m<-- POST /session/cd7ab2dd-04fc-47d1-8d89-4fb5a4eb76e3/element &amp#27;[39m&amp#27;[33m404&amp#27;[39m &amp#27;[90m25 ms - 911&amp#27;[39m
&amp#27;[38;5;0m[HTTP]&amp#27;[0m &amp#27;[90m&amp#27;[39m
&amp#27;[38;5;0m[HTTP]&amp#27;[0m &amp#27;[37m-->&amp#27;[39m &amp#27;[37mPOST&amp#27;[39m &amp#27;[37m/session/cd7ab2dd-04fc-47d1-8d89-4fb5a4eb76e3/element&amp#27;[39m
&amp#27;[38;5;0m[HTTP]&amp#27;[0m &amp#27;[90m{"value":"android:id/up","using":"id"}&amp#27;[39m
&amp#27;[38;5;32m[AndroidUiautomator2Driver@2d54 (cd7ab2dd)]&amp#27;[0m Calling AppiumDriver.findElement() with args: ["id","android:id/up","cd7ab2dd-04fc-47d1-8d89-4fb5a4eb76e3"]
&amp#27;[38;5;32m[AndroidUiautomator2Driver@2d54 (cd7ab2dd)]&amp#27;[0m Valid locator strategies for this request: xpath, id, class name, accessibility id, css selector, -android uiautomator
&amp#27;[38;5;32m[AndroidUiautomator2Driver@2d54 (cd7ab2dd)]&amp#27;[0m Waiting up to 0 ms for condition
&amp#27;[38;5;32m[AndroidUiautomator2Driver@2d54 (cd7ab2dd)]&amp#27;[0m Matched '/element' to command name 'findElement'
&amp#27;[38;5;32m[AndroidUiautomator2Driver@2d54 (cd7ab2dd)]&amp#27;[0m Proxying [POST /element] to [POST http://127.0.0.1:8200/session/9ac5a066-2f78-4c2b-95ee-ea9144b73a2c/element] with body: {"strategy":"id","selector":"android:id/up","context":"","multiple":false}
&amp#27;[38;5;32m[AndroidUiautomator2Driver@2d54 (cd7ab2dd)]&amp#27;[0m Got response with status 404: {"sessionId":"9ac5a066-2f78-4c2b-95ee-ea9144b73a2c","value":{"error":"no such element","message":"An element could not be located on the page using the given search parameters","stacktrace":"io.appium.uiautomator2.common.exceptions.ElementNotFoundException: An element could not be located on the page using the given search parameters\n\tat io.appium.uiautomator2.handler.FindElement.safeHandle(FindElement.java:63)\n\tat io.appium.uiautomator2.handler.request.SafeRequestHandler.handle(SafeRequestHandler.java:59)\n\tat io.appium.uiautomator2.server.AppiumServlet.handleRequest(AppiumServlet.java:259)\n\tat io.appium.uiautomator2.server.AppiumServlet.handleHttpRequest(AppiumServlet.java:253)\n\tat io.appium.uiautomator2.http.ServerHandler.channelRead(ServerHandler.java:77)\n\tat io.netty.channel.AbstractChannelHandlerContext.invokeChannelRead(AbstractChannelHandlerContext.java:366)\n\tat io.netty.channel.AbstractChannelHandlerContext.invokeChannelRead(AbstractChannelHandlerContext.java:352)\n\tat io.netty.chann...
&amp#27;[38;5;128m[W3C]&amp#27;[0m Matched W3C error code 'no such element' to NoSuchElementError
&amp#27;[38;5;32m[AndroidUiautomator2Driver@2d54 (cd7ab2dd)]&amp#27;[0m Encountered internal error running command: NoSuchElementError: An element could not be located on the page using the given search parameters.
&amp#27;[38;5;32m[AndroidUiautomator2Driver@2d54 (cd7ab2dd)]&amp#27;[0m     at AndroidUiautomator2Driver.findElOrEls (C:\Users\alokpandey02\.appium\node_modules\appium-uiautomator2-driver\node_modules\appium-android-driver\lib\commands\find.ts:86:11)
&amp#27;[38;5;32m[AndroidUiautomator2Driver@2d54 (cd7ab2dd)]&amp#27;[0m     at processTicksAndRejections (node:internal/process/task_queues:95:5)
&amp#27;[38;5;32m[AndroidUiautomator2Driver@2d54 (cd7ab2dd)]&amp#27;[0m     at AndroidUiautomator2Driver.findElOrElsWithProcessing (C:\Users\alokpandey02\AppData\Roaming\npm\node_modules\appium\node_modules\@appium\base-driver\lib\basedriver\commands\find.ts:60:12)
&amp#27;[38;5;32m[AndroidUiautomator2Driver@2d54 (cd7ab2dd)]&amp#27;[0m     at AndroidUiautomator2Driver.findElement (C:\Users\alokpandey02\AppData\Roaming\npm\node_modules\appium\node_modules\@appium\base-driver\lib\basedriver\commands\find.ts:75:12)
&amp#27;[38;5;0m[HTTP]&amp#27;[0m &amp#27;[37m<-- POST /session/cd7ab2dd-04fc-47d1-8d89-4fb5a4eb76e3/element &amp#27;[39m&amp#27;[33m404&amp#27;[39m &amp#27;[90m28 ms - 911&amp#27;[39m
&amp#27;[38;5;0m[HTTP]&amp#27;[0m &amp#27;[90m&amp#27;[39m
&amp#27;[38;5;0m[HTTP]&amp#27;[0m &amp#27;[37m-->&amp#27;[39m &amp#27;[37mPOST&amp#27;[39m &amp#27;[37m/session/cd7ab2dd-04fc-47d1-8d89-4fb5a4eb76e3/element&amp#27;[39m
&amp#27;[38;5;0m[HTTP]&amp#27;[0m &amp#27;[90m{"value":"android:id/up","using":"id"}&amp#27;[39m
&amp#27;[38;5;32m[AndroidUiautomator2Driver@2d54 (cd7ab2dd)]&amp#27;[0m Calling AppiumDriver.findElement() with args: ["id","android:id/up","cd7ab2dd-04fc-47d1-8d89-4fb5a4eb76e3"]
&amp#27;[38;5;32m[AndroidUiautomator2Driver@2d54 (cd7ab2dd)]&amp#27;[0m Valid locator strategies for this request: xpath, id, class name, accessibility id, css selector, -android uiautomator
&amp#27;[38;5;32m[AndroidUiautomator2Driver@2d54 (cd7ab2dd)]&amp#27;[0m Waiting up to 0 ms for condition
&amp#27;[38;5;32m[AndroidUiautomator2Driver@2d54 (cd7ab2dd)]&amp#27;[0m Matched '/element' to command name 'findElement'
&amp#27;[38;5;32m[AndroidUiautomator2Driver@2d54 (cd7ab2dd)]&amp#27;[0m Proxying [POST /element] to [POST http://127.0.0.1:8200/session/9ac5a066-2f78-4c2b-95ee-ea9144b73a2c/element] with body: {"strategy":"id","selector":"android:id/up","context":"","multiple":false}
&amp#27;[38;5;32m[AndroidUiautomator2Driver@2d54 (cd7ab2dd)]&amp#27;[0m Got response with status 404: {"sessionId":"9ac5a066-2f78-4c2b-95ee-ea9144b73a2c","value":{"error":"no such element","message":"An element could not be located on the page using the given search parameters","stacktrace":"io.appium.uiautomator2.common.exceptions.ElementNotFoundException: An element could not be located on the page using the given search parameters\n\tat io.appium.uiautomator2.handler.FindElement.safeHandle(FindElement.java:63)\n\tat io.appium.uiautomator2.handler.request.SafeRequestHandler.handle(SafeRequestHandler.java:59)\n\tat io.appium.uiautomator2.server.AppiumServlet.handleRequest(AppiumServlet.java:259)\n\tat io.appium.uiautomator2.server.AppiumServlet.handleHttpRequest(AppiumServlet.java:253)\n\tat io.appium.uiautomator2.http.ServerHandler.channelRead(ServerHandler.java:77)\n\tat io.netty.channel.AbstractChannelHandlerContext.invokeChannelRead(AbstractChannelHandlerContext.java:366)\n\tat io.netty.channel.AbstractChannelHandlerContext.invokeChannelRead(AbstractChannelHandlerContext.java:352)\n\tat io.netty.chann...
&amp#27;[38;5;128m[W3C]&amp#27;[0m Matched W3C error code 'no such element' to NoSuchElementError
&amp#27;[38;5;32m[AndroidUiautomator2Driver@2d54 (cd7ab2dd)]&amp#27;[0m Encountered internal error running command: NoSuchElementError: An element could not be located on the page using the given search parameters.
&amp#27;[38;5;32m[AndroidUiautomator2Driver@2d54 (cd7ab2dd)]&amp#27;[0m     at AndroidUiautomator2Driver.findElOrEls (C:\Users\alokpandey02\.appium\node_modules\appium-uiautomator2-driver\node_modules\appium-android-driver\lib\commands\find.ts:86:11)
&amp#27;[38;5;32m[AndroidUiautomator2Driver@2d54 (cd7ab2dd)]&amp#27;[0m     at processTicksAndRejections (node:internal/process/task_queues:95:5)
&amp#27;[38;5;32m[AndroidUiautomator2Driver@2d54 (cd7ab2dd)]&amp#27;[0m     at AndroidUiautomator2Driver.findElOrElsWithProcessing (C:\Users\alokpandey02\AppData\Roaming\npm\node_modules\appium\node_modules\@appium\base-driver\lib\basedriver\commands\find.ts:60:12)
&amp#27;[38;5;32m[AndroidUiautomator2Driver@2d54 (cd7ab2dd)]&amp#27;[0m     at AndroidUiautomator2Driver.findElement (C:\Users\alokpandey02\AppData\Roaming\npm\node_modules\appium\node_modules\@appium\base-driver\lib\basedriver\commands\find.ts:75:12)
&amp#27;[38;5;0m[HTTP]&amp#27;[0m &amp#27;[37m<-- POST /session/cd7ab2dd-04fc-47d1-8d89-4fb5a4eb76e3/element &amp#27;[39m&amp#27;[33m404&amp#27;[39m &amp#27;[90m36 ms - 911&amp#27;[39m
&amp#27;[38;5;0m[HTTP]&amp#27;[0m &amp#27;[90m&amp#27;[39m
&amp#27;[38;5;0m[HTTP]&amp#27;[0m &amp#27;[37m-->&amp#27;[39m &amp#27;[37mPOST&amp#27;[39m &amp#27;[37m/session/cd7ab2dd-04fc-47d1-8d89-4fb5a4eb76e3/element&amp#27;[39m
&amp#27;[38;5;0m[HTTP]&amp#27;[0m &amp#27;[90m{"value":"android:id/up","using":"id"}&amp#27;[39m
&amp#27;[38;5;32m[AndroidUiautomator2Driver@2d54 (cd7ab2dd)]&amp#27;[0m Calling AppiumDriver.findElement() with args: ["id","android:id/up","cd7ab2dd-04fc-47d1-8d89-4fb5a4eb76e3"]
&amp#27;[38;5;32m[AndroidUiautomator2Driver@2d54 (cd7ab2dd)]&amp#27;[0m Valid locator strategies for this request: xpath, id, class name, accessibility id, css selector, -android uiautomator
&amp#27;[38;5;32m[AndroidUiautomator2Driver@2d54 (cd7ab2dd)]&amp#27;[0m Waiting up to 0 ms for condition
&amp#27;[38;5;32m[AndroidUiautomator2Driver@2d54 (cd7ab2dd)]&amp#27;[0m Matched '/element' to command name 'findElement'
&amp#27;[38;5;32m[AndroidUiautomator2Driver@2d54 (cd7ab2dd)]&amp#27;[0m Proxying [POST /element] to [POST http://127.0.0.1:8200/session/9ac5a066-2f78-4c2b-95ee-ea9144b73a2c/element] with body: {"strategy":"id","selector":"android:id/up","context":"","multiple":false}
&amp#27;[38;5;32m[AndroidUiautomator2Driver@2d54 (cd7ab2dd)]&amp#27;[0m Got response with status 200: {"sessionId":"9ac5a066-2f78-4c2b-95ee-ea9144b73a2c","value":{"ELEMENT":"00000000-0000-0009-ffff-ffff00000010","element-6066-11e4-a52e-4f735466cecf":"00000000-0000-0009-ffff-ffff00000010"}}
&amp#27;[38;5;32m[AndroidUiautomator2Driver@2d54 (cd7ab2dd)]&amp#27;[0m Responding to client with driver.findElement() result: {"element-6066-11e4-a52e-4f735466cecf":"00000000-0000-0009-ffff-ffff00000010","ELEMENT":"00000000-0000-0009-ffff-ffff00000010"}
&amp#27;[38;5;0m[HTTP]&amp#27;[0m &amp#27;[37m<-- POST /session/cd7ab2dd-04fc-47d1-8d89-4fb5a4eb76e3/element &amp#27;[39m&amp#27;[32m200&amp#27;[39m &amp#27;[90m1379 ms - 137&amp#27;[39m
&amp#27;[38;5;0m[HTTP]&amp#27;[0m &amp#27;[90m&amp#27;[39m
&amp#27;[38;5;0m[HTTP]&amp#27;[0m &amp#27;[37m-->&amp#27;[39m &amp#27;[37mGET&amp#27;[39m &amp#27;[37m/session/cd7ab2dd-04fc-47d1-8d89-4fb5a4eb76e3/element/00000000-0000-0009-ffff-ffff00000010/displayed&amp#27;[39m
&amp#27;[38;5;0m[HTTP]&amp#27;[0m &amp#27;[90m{}&amp#27;[39m
&amp#27;[38;5;32m[AndroidUiautomator2Driver@2d54 (cd7ab2dd)]&amp#27;[0m Calling AppiumDriver.elementDisplayed() with args: ["00000000-0000-0009-ffff-ffff00000010","cd7ab2dd-04fc-47d1-8d89-4fb5a4eb76e3"]
&amp#27;[38;5;32m[AndroidUiautomator2Driver@2d54 (cd7ab2dd)]&amp#27;[0m Matched '/element/00000000-0000-0009-ffff-ffff00000010/attribute/displayed' to command name 'getAttribute'
&amp#27;[38;5;32m[AndroidUiautomator2Driver@2d54 (cd7ab2dd)]&amp#27;[0m Proxying [GET /element/00000000-0000-0009-ffff-ffff00000010/attribute/displayed] to [GET http://127.0.0.1:8200/session/9ac5a066-2f78-4c2b-95ee-ea9144b73a2c/element/00000000-0000-0009-ffff-ffff00000010/attribute/displayed] with no body
&amp#27;[38;5;32m[AndroidUiautomator2Driver@2d54 (cd7ab2dd)]&amp#27;[0m Got response with status 200: {"sessionId":"9ac5a066-2f78-4c2b-95ee-ea9144b73a2c","value":"true"}
&amp#27;[38;5;32m[AndroidUiautomator2Driver@2d54 (cd7ab2dd)]&amp#27;[0m Responding to client with driver.elementDisplayed() result: true
&amp#27;[38;5;0m[HTTP]&amp#27;[0m &amp#27;[37m<-- GET /session/cd7ab2dd-04fc-47d1-8d89-4fb5a4eb76e3/element/00000000-0000-0009-ffff-ffff00000010/displayed &amp#27;[39m&amp#27;[32m200&amp#27;[39m &amp#27;[90m28 ms - 14&amp#27;[39m
&amp#27;[38;5;0m[HTTP]&amp#27;[0m &amp#27;[90m&amp#27;[39m
&amp#27;[38;5;0m[HTTP]&amp#27;[0m &amp#27;[37m-->&amp#27;[39m &amp#27;[37mGET&amp#27;[39m &amp#27;[37m/session/cd7ab2dd-04fc-47d1-8d89-4fb5a4eb76e3/element/00000000-0000-0009-ffff-ffff00000010/enabled&amp#27;[39m
&amp#27;[38;5;0m[HTTP]&amp#27;[0m &amp#27;[90m{}&amp#27;[39m
&amp#27;[38;5;32m[AndroidUiautomator2Driver@2d54 (cd7ab2dd)]&amp#27;[0m Calling AppiumDriver.elementEnabled() with args: ["00000000-0000-0009-ffff-ffff00000010","cd7ab2dd-04fc-47d1-8d89-4fb5a4eb76e3"]
&amp#27;[38;5;32m[AndroidUiautomator2Driver@2d54 (cd7ab2dd)]&amp#27;[0m Matched '/element/00000000-0000-0009-ffff-ffff00000010/attribute/enabled' to command name 'getAttribute'
&amp#27;[38;5;32m[AndroidUiautomator2Driver@2d54 (cd7ab2dd)]&amp#27;[0m Proxying [GET /element/00000000-0000-0009-ffff-ffff00000010/attribute/enabled] to [GET http://127.0.0.1:8200/session/9ac5a066-2f78-4c2b-95ee-ea9144b73a2c/element/00000000-0000-0009-ffff-ffff00000010/attribute/enabled] with no body
&amp#27;[38;5;32m[AndroidUiautomator2Driver@2d54 (cd7ab2dd)]&amp#27;[0m Got response with status 200: {"sessionId":"9ac5a066-2f78-4c2b-95ee-ea9144b73a2c","value":"true"}
&amp#27;[38;5;32m[AndroidUiautomator2Driver@2d54 (cd7ab2dd)]&amp#27;[0m Responding to client with driver.elementEnabled() result: true
&amp#27;[38;5;0m[HTTP]&amp#27;[0m &amp#27;[37m<-- GET /session/cd7ab2dd-04fc-47d1-8d89-4fb5a4eb76e3/element/00000000-0000-0009-ffff-ffff00000010/enabled &amp#27;[39m&amp#27;[32m200&amp#27;[39m &amp#27;[90m23 ms - 14&amp#27;[39m
&amp#27;[38;5;0m[HTTP]&amp#27;[0m &amp#27;[90m&amp#27;[39m
&amp#27;[38;5;0m[HTTP]&amp#27;[0m &amp#27;[37m-->&amp#27;[39m &amp#27;[37mPOST&amp#27;[39m &amp#27;[37m/session/cd7ab2dd-04fc-47d1-8d89-4fb5a4eb76e3/element&amp#27;[39m
&amp#27;[38;5;0m[HTTP]&amp#27;[0m &amp#27;[90m{"value":"android:id/up","using":"id"}&amp#27;[39m
&amp#27;[38;5;32m[AndroidUiautomator2Driver@2d54 (cd7ab2dd)]&amp#27;[0m Calling AppiumDriver.findElement() with args: ["id","android:id/up","cd7ab2dd-04fc-47d1-8d89-4fb5a4eb76e3"]
&amp#27;[38;5;32m[AndroidUiautomator2Driver@2d54 (cd7ab2dd)]&amp#27;[0m Valid locator strategies for this request: xpath, id, class name, accessibility id, css selector, -android uiautomator
&amp#27;[38;5;32m[AndroidUiautomator2Driver@2d54 (cd7ab2dd)]&amp#27;[0m Waiting up to 0 ms for condition
&amp#27;[38;5;32m[AndroidUiautomator2Driver@2d54 (cd7ab2dd)]&amp#27;[0m Matched '/element' to command name 'findElement'
&amp#27;[38;5;32m[AndroidUiautomator2Driver@2d54 (cd7ab2dd)]&amp#27;[0m Proxying [POST /element] to [POST http://127.0.0.1:8200/session/9ac5a066-2f78-4c2b-95ee-ea9144b73a2c/element] with body: {"strategy":"id","selector":"android:id/up","context":"","multiple":false}
&amp#27;[38;5;32m[AndroidUiautomator2Driver@2d54 (cd7ab2dd)]&amp#27;[0m Got response with status 200: {"sessionId":"9ac5a066-2f78-4c2b-95ee-ea9144b73a2c","value":{"ELEMENT":"00000000-0000-0009-ffff-ffff00000010","element-6066-11e4-a52e-4f735466cecf":"00000000-0000-0009-ffff-ffff00000010"}}
&amp#27;[38;5;32m[AndroidUiautomator2Driver@2d54 (cd7ab2dd)]&amp#27;[0m Responding to client with driver.findElement() result: {"element-6066-11e4-a52e-4f735466cecf":"00000000-0000-0009-ffff-ffff00000010","ELEMENT":"00000000-0000-0009-ffff-ffff00000010"}
&amp#27;[38;5;0m[HTTP]&amp#27;[0m &amp#27;[37m<-- POST /session/cd7ab2dd-04fc-47d1-8d89-4fb5a4eb76e3/element &amp#27;[39m&amp#27;[32m200&amp#27;[39m &amp#27;[90m27 ms - 137&amp#27;[39m
&amp#27;[38;5;0m[HTTP]&amp#27;[0m &amp#27;[90m&amp#27;[39m
&amp#27;[38;5;0m[HTTP]&amp#27;[0m &amp#27;[37m-->&amp#27;[39m &amp#27;[37mPOST&amp#27;[39m &amp#27;[37m/session/cd7ab2dd-04fc-47d1-8d89-4fb5a4eb76e3/element/00000000-0000-0009-ffff-ffff00000010/click&amp#27;[39m
&amp#27;[38;5;0m[HTTP]&amp#27;[0m &amp#27;[90m{"id":"00000000-0000-0009-ffff-ffff00000010"}&amp#27;[39m
&amp#27;[38;5;32m[AndroidUiautomator2Driver@2d54 (cd7ab2dd)]&amp#27;[0m Calling AppiumDriver.click() with args: ["00000000-0000-0009-ffff-ffff00000010","cd7ab2dd-04fc-47d1-8d89-4fb5a4eb76e3"]
&amp#27;[38;5;32m[AndroidUiautomator2Driver@2d54 (cd7ab2dd)]&amp#27;[0m Matched '/element/00000000-0000-0009-ffff-ffff00000010/click' to command name 'click'
&amp#27;[38;5;32m[AndroidUiautomator2Driver@2d54 (cd7ab2dd)]&amp#27;[0m Proxying [POST /element/00000000-0000-0009-ffff-ffff00000010/click] to [POST http://127.0.0.1:8200/session/9ac5a066-2f78-4c2b-95ee-ea9144b73a2c/element/00000000-0000-0009-ffff-ffff00000010/click] with body: {"element":"00000000-0000-0009-ffff-ffff00000010"}
&amp#27;[38;5;32m[AndroidUiautomator2Driver@2d54 (cd7ab2dd)]&amp#27;[0m Got response with status 200: {"sessionId":"9ac5a066-2f78-4c2b-95ee-ea9144b73a2c","value":null}
&amp#27;[38;5;32m[AndroidUiautomator2Driver@2d54 (cd7ab2dd)]&amp#27;[0m Responding to client with driver.click() result: null
&amp#27;[38;5;0m[HTTP]&amp#27;[0m &amp#27;[37m<-- POST /session/cd7ab2dd-04fc-47d1-8d89-4fb5a4eb76e3/element/00000000-0000-0009-ffff-ffff00000010/click &amp#27;[39m&amp#27;[32m200&amp#27;[39m &amp#27;[90m50 ms - 14&amp#27;[39m
&amp#27;[38;5;0m[HTTP]&amp#27;[0m &amp#27;[90m&amp#27;[39m
&amp#27;[38;5;0m[HTTP]&amp#27;[0m &amp#27;[37m-->&amp#27;[39m &amp#27;[37mPOST&amp#27;[39m &amp#27;[37m/session/cd7ab2dd-04fc-47d1-8d89-4fb5a4eb76e3/element&amp#27;[39m
&amp#27;[38;5;0m[HTTP]&amp#27;[0m &amp#27;[90m{"value":"//android.widget.TextView[@resource-id='com.boopathy.raja.tutorial:id/title' and @text='Arc Menu']","using":"xpath"}&amp#27;[39m
&amp#27;[38;5;32m[AndroidUiautomator2Driver@2d54 (cd7ab2dd)]&amp#27;[0m Calling AppiumDriver.findElement() with args: ["xpath","//android.widget.TextView[@resource-id='com.boopathy.raja.tutorial:id/title' and @text='Arc Menu']","cd7ab2dd-04fc-47d1-8d89-4fb5a4eb76e3"]
&amp#27;[38;5;32m[AndroidUiautomator2Driver@2d54 (cd7ab2dd)]&amp#27;[0m Valid locator strategies for this request: xpath, id, class name, accessibility id, css selector, -android uiautomator
&amp#27;[38;5;32m[AndroidUiautomator2Driver@2d54 (cd7ab2dd)]&amp#27;[0m Waiting up to 0 ms for condition
&amp#27;[38;5;32m[AndroidUiautomator2Driver@2d54 (cd7ab2dd)]&amp#27;[0m Matched '/element' to command name 'findElement'
&amp#27;[38;5;32m[AndroidUiautomator2Driver@2d54 (cd7ab2dd)]&amp#27;[0m Proxying [POST /element] to [POST http://127.0.0.1:8200/session/9ac5a066-2f78-4c2b-95ee-ea9144b73a2c/element] with body: {"strategy":"xpath","selector":"//android.widget.TextView[@resource-id='com.boopathy.raja.tutorial:id/title' and @text='Arc Menu']","context":"","multiple":false}
&amp#27;[38;5;32m[AndroidUiautomator2Driver@2d54 (cd7ab2dd)]&amp#27;[0m Got response with status 200: {"sessionId":"9ac5a066-2f78-4c2b-95ee-ea9144b73a2c","value":{"ELEMENT":"00000000-0000-0009-ffff-ffff00000026","element-6066-11e4-a52e-4f735466cecf":"00000000-0000-0009-ffff-ffff00000026"}}
&amp#27;[38;5;32m[AndroidUiautomator2Driver@2d54 (cd7ab2dd)]&amp#27;[0m Responding to client with driver.findElement() result: {"element-6066-11e4-a52e-4f735466cecf":"00000000-0000-0009-ffff-ffff00000026","ELEMENT":"00000000-0000-0009-ffff-ffff00000026"}
&amp#27;[38;5;0m[HTTP]&amp#27;[0m &amp#27;[37m<-- POST /session/cd7ab2dd-04fc-47d1-8d89-4fb5a4eb76e3/element &amp#27;[39m&amp#27;[32m200&amp#27;[39m &amp#27;[90m824 ms - 137&amp#27;[39m
&amp#27;[38;5;0m[HTTP]&amp#27;[0m &amp#27;[90m&amp#27;[39m
&amp#27;[38;5;0m[HTTP]&amp#27;[0m &amp#27;[37m-->&amp#27;[39m &amp#27;[37mGET&amp#27;[39m &amp#27;[37m/session/cd7ab2dd-04fc-47d1-8d89-4fb5a4eb76e3/element/00000000-0000-0009-ffff-ffff00000026/displayed&amp#27;[39m
&amp#27;[38;5;0m[HTTP]&amp#27;[0m &amp#27;[90m{}&amp#27;[39m
&amp#27;[38;5;32m[AndroidUiautomator2Driver@2d54 (cd7ab2dd)]&amp#27;[0m Calling AppiumDriver.elementDisplayed() with args: ["00000000-0000-0009-ffff-ffff00000026","cd7ab2dd-04fc-47d1-8d89-4fb5a4eb76e3"]
&amp#27;[38;5;32m[AndroidUiautomator2Driver@2d54 (cd7ab2dd)]&amp#27;[0m Matched '/element/00000000-0000-0009-ffff-ffff00000026/attribute/displayed' to command name 'getAttribute'
&amp#27;[38;5;32m[AndroidUiautomator2Driver@2d54 (cd7ab2dd)]&amp#27;[0m Proxying [GET /element/00000000-0000-0009-ffff-ffff00000026/attribute/displayed] to [GET http://127.0.0.1:8200/session/9ac5a066-2f78-4c2b-95ee-ea9144b73a2c/element/00000000-0000-0009-ffff-ffff00000026/attribute/displayed] with no body
&amp#27;[38;5;32m[AndroidUiautomator2Driver@2d54 (cd7ab2dd)]&amp#27;[0m Got response with status 200: {"sessionId":"9ac5a066-2f78-4c2b-95ee-ea9144b73a2c","value":"true"}
&amp#27;[38;5;32m[AndroidUiautomator2Driver@2d54 (cd7ab2dd)]&amp#27;[0m Responding to client with driver.elementDisplayed() result: true
&amp#27;[38;5;0m[HTTP]&amp#27;[0m &amp#27;[37m<-- GET /session/cd7ab2dd-04fc-47d1-8d89-4fb5a4eb76e3/element/00000000-0000-0009-ffff-ffff00000026/displayed &amp#27;[39m&amp#27;[32m200&amp#27;[39m &amp#27;[90m310 ms - 14&amp#27;[39m
&amp#27;[38;5;0m[HTTP]&amp#27;[0m &amp#27;[90m&amp#27;[39m
&amp#27;[38;5;0m[HTTP]&amp#27;[0m &amp#27;[37m-->&amp#27;[39m &amp#27;[37mGET&amp#27;[39m &amp#27;[37m/session/cd7ab2dd-04fc-47d1-8d89-4fb5a4eb76e3/element/00000000-0000-0009-ffff-ffff00000026/enabled&amp#27;[39m
&amp#27;[38;5;0m[HTTP]&amp#27;[0m &amp#27;[90m{}&amp#27;[39m
&amp#27;[38;5;32m[AndroidUiautomator2Driver@2d54 (cd7ab2dd)]&amp#27;[0m Calling AppiumDriver.elementEnabled() with args: ["00000000-0000-0009-ffff-ffff00000026","cd7ab2dd-04fc-47d1-8d89-4fb5a4eb76e3"]
&amp#27;[38;5;32m[AndroidUiautomator2Driver@2d54 (cd7ab2dd)]&amp#27;[0m Matched '/element/00000000-0000-0009-ffff-ffff00000026/attribute/enabled' to command name 'getAttribute'
&amp#27;[38;5;32m[AndroidUiautomator2Driver@2d54 (cd7ab2dd)]&amp#27;[0m Proxying [GET /element/00000000-0000-0009-ffff-ffff00000026/attribute/enabled] to [GET http://127.0.0.1:8200/session/9ac5a066-2f78-4c2b-95ee-ea9144b73a2c/element/00000000-0000-0009-ffff-ffff00000026/attribute/enabled] with no body
&amp#27;[38;5;32m[AndroidUiautomator2Driver@2d54 (cd7ab2dd)]&amp#27;[0m Got response with status 200: {"sessionId":"9ac5a066-2f78-4c2b-95ee-ea9144b73a2c","value":"true"}
&amp#27;[38;5;32m[AndroidUiautomator2Driver@2d54 (cd7ab2dd)]&amp#27;[0m Responding to client with driver.elementEnabled() result: true
&amp#27;[38;5;0m[HTTP]&amp#27;[0m &amp#27;[37m<-- GET /session/cd7ab2dd-04fc-47d1-8d89-4fb5a4eb76e3/element/00000000-0000-0009-ffff-ffff00000026/enabled &amp#27;[39m&amp#27;[32m200&amp#27;[39m &amp#27;[90m16 ms - 14&amp#27;[39m
&amp#27;[38;5;0m[HTTP]&amp#27;[0m &amp#27;[90m&amp#27;[39m
&amp#27;[38;5;0m[HTTP]&amp#27;[0m &amp#27;[37m-->&amp#27;[39m &amp#27;[37mPOST&amp#27;[39m &amp#27;[37m/session/cd7ab2dd-04fc-47d1-8d89-4fb5a4eb76e3/element&amp#27;[39m
&amp#27;[38;5;0m[HTTP]&amp#27;[0m &amp#27;[90m{"value":"//android.widget.TextView[@resource-id='com.boopathy.raja.tutorial:id/title' and @text='Arc Menu']","using":"xpath"}&amp#27;[39m
&amp#27;[38;5;32m[AndroidUiautomator2Driver@2d54 (cd7ab2dd)]&amp#27;[0m Calling AppiumDriver.findElement() with args: ["xpath","//android.widget.TextView[@resource-id='com.boopathy.raja.tutorial:id/title' and @text='Arc Menu']","cd7ab2dd-04fc-47d1-8d89-4fb5a4eb76e3"]
&amp#27;[38;5;32m[AndroidUiautomator2Driver@2d54 (cd7ab2dd)]&amp#27;[0m Valid locator strategies for this request: xpath, id, class name, accessibility id, css selector, -android uiautomator
&amp#27;[38;5;32m[AndroidUiautomator2Driver@2d54 (cd7ab2dd)]&amp#27;[0m Waiting up to 0 ms for condition
&amp#27;[38;5;32m[AndroidUiautomator2Driver@2d54 (cd7ab2dd)]&amp#27;[0m Matched '/element' to command name 'findElement'
&amp#27;[38;5;32m[AndroidUiautomator2Driver@2d54 (cd7ab2dd)]&amp#27;[0m Proxying [POST /element] to [POST http://127.0.0.1:8200/session/9ac5a066-2f78-4c2b-95ee-ea9144b73a2c/element] with body: {"strategy":"xpath","selector":"//android.widget.TextView[@resource-id='com.boopathy.raja.tutorial:id/title' and @text='Arc Menu']","context":"","multiple":false}
&amp#27;[38;5;32m[AndroidUiautomator2Driver@2d54 (cd7ab2dd)]&amp#27;[0m Got response with status 200: {"sessionId":"9ac5a066-2f78-4c2b-95ee-ea9144b73a2c","value":{"ELEMENT":"00000000-0000-0009-ffff-ffff00000026","element-6066-11e4-a52e-4f735466cecf":"00000000-0000-0009-ffff-ffff00000026"}}
&amp#27;[38;5;32m[AndroidUiautomator2Driver@2d54 (cd7ab2dd)]&amp#27;[0m Responding to client with driver.findElement() result: {"element-6066-11e4-a52e-4f735466cecf":"00000000-0000-0009-ffff-ffff00000026","ELEMENT":"00000000-0000-0009-ffff-ffff00000026"}
&amp#27;[38;5;0m[HTTP]&amp#27;[0m &amp#27;[37m<-- POST /session/cd7ab2dd-04fc-47d1-8d89-4fb5a4eb76e3/element &amp#27;[39m&amp#27;[32m200&amp#27;[39m &amp#27;[90m141 ms - 137&amp#27;[39m
&amp#27;[38;5;0m[HTTP]&amp#27;[0m &amp#27;[90m&amp#27;[39m
&amp#27;[38;5;0m[HTTP]&amp#27;[0m &amp#27;[37m-->&amp#27;[39m &amp#27;[37mPOST&amp#27;[39m &amp#27;[37m/session/cd7ab2dd-04fc-47d1-8d89-4fb5a4eb76e3/element/00000000-0000-0009-ffff-ffff00000026/click&amp#27;[39m
&amp#27;[38;5;0m[HTTP]&amp#27;[0m &amp#27;[90m{"id":"00000000-0000-0009-ffff-ffff00000026"}&amp#27;[39m
&amp#27;[38;5;32m[AndroidUiautomator2Driver@2d54 (cd7ab2dd)]&amp#27;[0m Calling AppiumDriver.click() with args: ["00000000-0000-0009-ffff-ffff00000026","cd7ab2dd-04fc-47d1-8d89-4fb5a4eb76e3"]
&amp#27;[38;5;32m[AndroidUiautomator2Driver@2d54 (cd7ab2dd)]&amp#27;[0m Matched '/element/00000000-0000-0009-ffff-ffff00000026/click' to command name 'click'
&amp#27;[38;5;32m[AndroidUiautomator2Driver@2d54 (cd7ab2dd)]&amp#27;[0m Proxying [POST /element/00000000-0000-0009-ffff-ffff00000026/click] to [POST http://127.0.0.1:8200/session/9ac5a066-2f78-4c2b-95ee-ea9144b73a2c/element/00000000-0000-0009-ffff-ffff00000026/click] with body: {"element":"00000000-0000-0009-ffff-ffff00000026"}
&amp#27;[38;5;32m[AndroidUiautomator2Driver@2d54 (cd7ab2dd)]&amp#27;[0m Got response with status 200: {"sessionId":"9ac5a066-2f78-4c2b-95ee-ea9144b73a2c","value":null}
&amp#27;[38;5;32m[AndroidUiautomator2Driver@2d54 (cd7ab2dd)]&amp#27;[0m Responding to client with driver.click() result: null
&amp#27;[38;5;0m[HTTP]&amp#27;[0m &amp#27;[37m<-- POST /session/cd7ab2dd-04fc-47d1-8d89-4fb5a4eb76e3/element/00000000-0000-0009-ffff-ffff00000026/click &amp#27;[39m&amp#27;[32m200&amp#27;[39m &amp#27;[90m1197 ms - 14&amp#27;[39m
&amp#27;[38;5;0m[HTTP]&amp#27;[0m &amp#27;[90m&amp#27;[39m
&amp#27;[38;5;0m[HTTP]&amp#27;[0m &amp#27;[37m-->&amp#27;[39m &amp#27;[37mPOST&amp#27;[39m &amp#27;[37m/session/cd7ab2dd-04fc-47d1-8d89-4fb5a4eb76e3/element&amp#27;[39m
&amp#27;[38;5;0m[HTTP]&amp#27;[0m &amp#27;[90m{"value":"com.boopathy.raja.tutorial:id/ArcMenu","using":"id"}&amp#27;[39m
&amp#27;[38;5;32m[AndroidUiautomator2Driver@2d54 (cd7ab2dd)]&amp#27;[0m Calling AppiumDriver.findElement() with args: ["id","com.boopathy.raja.tutorial:id/ArcMenu","cd7ab2dd-04fc-47d1-8d89-4fb5a4eb76e3"]
&amp#27;[38;5;32m[AndroidUiautomator2Driver@2d54 (cd7ab2dd)]&amp#27;[0m Valid locator strategies for this request: xpath, id, class name, accessibility id, css selector, -android uiautomator
&amp#27;[38;5;32m[AndroidUiautomator2Driver@2d54 (cd7ab2dd)]&amp#27;[0m Waiting up to 0 ms for condition
&amp#27;[38;5;32m[AndroidUiautomator2Driver@2d54 (cd7ab2dd)]&amp#27;[0m Matched '/element' to command name 'findElement'
&amp#27;[38;5;32m[AndroidUiautomator2Driver@2d54 (cd7ab2dd)]&amp#27;[0m Proxying [POST /element] to [POST http://127.0.0.1:8200/session/9ac5a066-2f78-4c2b-95ee-ea9144b73a2c/element] with body: {"strategy":"id","selector":"com.boopathy.raja.tutorial:id/ArcMenu","context":"","multiple":false}
&amp#27;[38;5;32m[AndroidUiautomator2Driver@2d54 (cd7ab2dd)]&amp#27;[0m Got response with status 200: {"sessionId":"9ac5a066-2f78-4c2b-95ee-ea9144b73a2c","value":{"ELEMENT":"00000000-0000-0009-ffff-ffff00000062","element-6066-11e4-a52e-4f735466cecf":"00000000-0000-0009-ffff-ffff00000062"}}
&amp#27;[38;5;32m[AndroidUiautomator2Driver@2d54 (cd7ab2dd)]&amp#27;[0m Responding to client with driver.findElement() result: {"element-6066-11e4-a52e-4f735466cecf":"00000000-0000-0009-ffff-ffff00000062","ELEMENT":"00000000-0000-0009-ffff-ffff00000062"}
&amp#27;[38;5;0m[HTTP]&amp#27;[0m &amp#27;[37m<-- POST /session/cd7ab2dd-04fc-47d1-8d89-4fb5a4eb76e3/element &amp#27;[39m&amp#27;[32m200&amp#27;[39m &amp#27;[90m20 ms - 137&amp#27;[39m
&amp#27;[38;5;0m[HTTP]&amp#27;[0m &amp#27;[90m&amp#27;[39m
&amp#27;[38;5;0m[HTTP]&amp#27;[0m &amp#27;[37m-->&amp#27;[39m &amp#27;[37mGET&amp#27;[39m &amp#27;[37m/session/cd7ab2dd-04fc-47d1-8d89-4fb5a4eb76e3/element/00000000-0000-0009-ffff-ffff00000062/displayed&amp#27;[39m
&amp#27;[38;5;0m[HTTP]&amp#27;[0m &amp#27;[90m{}&amp#27;[39m
&amp#27;[38;5;32m[AndroidUiautomator2Driver@2d54 (cd7ab2dd)]&amp#27;[0m Calling AppiumDriver.elementDisplayed() with args: ["00000000-0000-0009-ffff-ffff00000062","cd7ab2dd-04fc-47d1-8d89-4fb5a4eb76e3"]
&amp#27;[38;5;32m[AndroidUiautomator2Driver@2d54 (cd7ab2dd)]&amp#27;[0m Matched '/element/00000000-0000-0009-ffff-ffff00000062/attribute/displayed' to command name 'getAttribute'
&amp#27;[38;5;32m[AndroidUiautomator2Driver@2d54 (cd7ab2dd)]&amp#27;[0m Proxying [GET /element/00000000-0000-0009-ffff-ffff00000062/attribute/displayed] to [GET http://127.0.0.1:8200/session/9ac5a066-2f78-4c2b-95ee-ea9144b73a2c/element/00000000-0000-0009-ffff-ffff00000062/attribute/displayed] with no body
&amp#27;[38;5;32m[AndroidUiautomator2Driver@2d54 (cd7ab2dd)]&amp#27;[0m Got response with status 200: {"sessionId":"9ac5a066-2f78-4c2b-95ee-ea9144b73a2c","value":"true"}
&amp#27;[38;5;32m[AndroidUiautomator2Driver@2d54 (cd7ab2dd)]&amp#27;[0m Responding to client with driver.elementDisplayed() result: true
&amp#27;[38;5;0m[HTTP]&amp#27;[0m &amp#27;[37m<-- GET /session/cd7ab2dd-04fc-47d1-8d89-4fb5a4eb76e3/element/00000000-0000-0009-ffff-ffff00000062/displayed &amp#27;[39m&amp#27;[32m200&amp#27;[39m &amp#27;[90m15 ms - 14&amp#27;[39m
&amp#27;[38;5;0m[HTTP]&amp#27;[0m &amp#27;[90m&amp#27;[39m
&amp#27;[38;5;0m[HTTP]&amp#27;[0m &amp#27;[37m-->&amp#27;[39m &amp#27;[37mGET&amp#27;[39m &amp#27;[37m/session/cd7ab2dd-04fc-47d1-8d89-4fb5a4eb76e3/element/00000000-0000-0009-ffff-ffff00000062/enabled&amp#27;[39m
&amp#27;[38;5;0m[HTTP]&amp#27;[0m &amp#27;[90m{}&amp#27;[39m
&amp#27;[38;5;32m[AndroidUiautomator2Driver@2d54 (cd7ab2dd)]&amp#27;[0m Calling AppiumDriver.elementEnabled() with args: ["00000000-0000-0009-ffff-ffff00000062","cd7ab2dd-04fc-47d1-8d89-4fb5a4eb76e3"]
&amp#27;[38;5;32m[AndroidUiautomator2Driver@2d54 (cd7ab2dd)]&amp#27;[0m Matched '/element/00000000-0000-0009-ffff-ffff00000062/attribute/enabled' to command name 'getAttribute'
&amp#27;[38;5;32m[AndroidUiautomator2Driver@2d54 (cd7ab2dd)]&amp#27;[0m Proxying [GET /element/00000000-0000-0009-ffff-ffff00000062/attribute/enabled] to [GET http://127.0.0.1:8200/session/9ac5a066-2f78-4c2b-95ee-ea9144b73a2c/element/00000000-0000-0009-ffff-ffff00000062/attribute/enabled] with no body
&amp#27;[38;5;32m[AndroidUiautomator2Driver@2d54 (cd7ab2dd)]&amp#27;[0m Got response with status 200: {"sessionId":"9ac5a066-2f78-4c2b-95ee-ea9144b73a2c","value":"true"}
&amp#27;[38;5;32m[AndroidUiautomator2Driver@2d54 (cd7ab2dd)]&amp#27;[0m Responding to client with driver.elementEnabled() result: true
&amp#27;[38;5;0m[HTTP]&amp#27;[0m &amp#27;[37m<-- GET /session/cd7ab2dd-04fc-47d1-8d89-4fb5a4eb76e3/element/00000000-0000-0009-ffff-ffff00000062/enabled &amp#27;[39m&amp#27;[32m200&amp#27;[39m &amp#27;[90m15 ms - 14&amp#27;[39m
&amp#27;[38;5;0m[HTTP]&amp#27;[0m &amp#27;[90m&amp#27;[39m
&amp#27;[38;5;0m[HTTP]&amp#27;[0m &amp#27;[37m-->&amp#27;[39m &amp#27;[37mPOST&amp#27;[39m &amp#27;[37m/session/cd7ab2dd-04fc-47d1-8d89-4fb5a4eb76e3/element&amp#27;[39m
&amp#27;[38;5;0m[HTTP]&amp#27;[0m &amp#27;[90m{"value":"com.boopathy.raja.tutorial:id/ArcMenu","using":"id"}&amp#27;[39m
&amp#27;[38;5;32m[AndroidUiautomator2Driver@2d54 (cd7ab2dd)]&amp#27;[0m Calling AppiumDriver.findElement() with args: ["id","com.boopathy.raja.tutorial:id/ArcMenu","cd7ab2dd-04fc-47d1-8d89-4fb5a4eb76e3"]
&amp#27;[38;5;32m[AndroidUiautomator2Driver@2d54 (cd7ab2dd)]&amp#27;[0m Valid locator strategies for this request: xpath, id, class name, accessibility id, css selector, -android uiautomator
&amp#27;[38;5;32m[AndroidUiautomator2Driver@2d54 (cd7ab2dd)]&amp#27;[0m Waiting up to 0 ms for condition
&amp#27;[38;5;32m[AndroidUiautomator2Driver@2d54 (cd7ab2dd)]&amp#27;[0m Matched '/element' to command name 'findElement'
&amp#27;[38;5;32m[AndroidUiautomator2Driver@2d54 (cd7ab2dd)]&amp#27;[0m Proxying [POST /element] to [POST http://127.0.0.1:8200/session/9ac5a066-2f78-4c2b-95ee-ea9144b73a2c/element] with body: {"strategy":"id","selector":"com.boopathy.raja.tutorial:id/ArcMenu","context":"","multiple":false}
&amp#27;[38;5;32m[AndroidUiautomator2Driver@2d54 (cd7ab2dd)]&amp#27;[0m Got response with status 200: {"sessionId":"9ac5a066-2f78-4c2b-95ee-ea9144b73a2c","value":{"ELEMENT":"00000000-0000-0009-ffff-ffff00000062","element-6066-11e4-a52e-4f735466cecf":"00000000-0000-0009-ffff-ffff00000062"}}
&amp#27;[38;5;32m[AndroidUiautomator2Driver@2d54 (cd7ab2dd)]&amp#27;[0m Responding to client with driver.findElement() result: {"element-6066-11e4-a52e-4f735466cecf":"00000000-0000-0009-ffff-ffff00000062","ELEMENT":"00000000-0000-0009-ffff-ffff00000062"}
&amp#27;[38;5;0m[HTTP]&amp#27;[0m &amp#27;[37m<-- POST /session/cd7ab2dd-04fc-47d1-8d89-4fb5a4eb76e3/element &amp#27;[39m&amp#27;[32m200&amp#27;[39m &amp#27;[90m29 ms - 137&amp#27;[39m
&amp#27;[38;5;0m[HTTP]&amp#27;[0m &amp#27;[90m&amp#27;[39m
&amp#27;[38;5;0m[HTTP]&amp#27;[0m &amp#27;[37m-->&amp#27;[39m &amp#27;[37mPOST&amp#27;[39m &amp#27;[37m/session/cd7ab2dd-04fc-47d1-8d89-4fb5a4eb76e3/element/00000000-0000-0009-ffff-ffff00000062/click&amp#27;[39m
&amp#27;[38;5;0m[HTTP]&amp#27;[0m &amp#27;[90m{"id":"00000000-0000-0009-ffff-ffff00000062"}&amp#27;[39m
&amp#27;[38;5;32m[AndroidUiautomator2Driver@2d54 (cd7ab2dd)]&amp#27;[0m Calling AppiumDriver.click() with args: ["00000000-0000-0009-ffff-ffff00000062","cd7ab2dd-04fc-47d1-8d89-4fb5a4eb76e3"]
&amp#27;[38;5;32m[AndroidUiautomator2Driver@2d54 (cd7ab2dd)]&amp#27;[0m Matched '/element/00000000-0000-0009-ffff-ffff00000062/click' to command name 'click'
&amp#27;[38;5;32m[AndroidUiautomator2Driver@2d54 (cd7ab2dd)]&amp#27;[0m Proxying [POST /element/00000000-0000-0009-ffff-ffff00000062/click] to [POST http://127.0.0.1:8200/session/9ac5a066-2f78-4c2b-95ee-ea9144b73a2c/element/00000000-0000-0009-ffff-ffff00000062/click] with body: {"element":"00000000-0000-0009-ffff-ffff00000062"}
&amp#27;[38;5;32m[AndroidUiautomator2Driver@2d54 (cd7ab2dd)]&amp#27;[0m Got response with status 200: {"sessionId":"9ac5a066-2f78-4c2b-95ee-ea9144b73a2c","value":null}
&amp#27;[38;5;32m[AndroidUiautomator2Driver@2d54 (cd7ab2dd)]&amp#27;[0m Responding to client with driver.click() result: null
&amp#27;[38;5;0m[HTTP]&amp#27;[0m &amp#27;[37m<-- POST /session/cd7ab2dd-04fc-47d1-8d89-4fb5a4eb76e3/element/00000000-0000-0009-ffff-ffff00000062/click &amp#27;[39m&amp#27;[32m200&amp#27;[39m &amp#27;[90m44 ms - 14&amp#27;[39m
&amp#27;[38;5;0m[HTTP]&amp#27;[0m &amp#27;[90m&amp#27;[39m
&amp#27;[38;5;0m[HTTP]&amp#27;[0m &amp#27;[37m-->&amp#27;[39m &amp#27;[37mPOST&amp#27;[39m &amp#27;[37m/session/cd7ab2dd-04fc-47d1-8d89-4fb5a4eb76e3/element&amp#27;[39m
&amp#27;[38;5;0m[HTTP]&amp#27;[0m &amp#27;[90m{"value":"com.boopathy.raja.tutorial:id/arc_main","using":"id"}&amp#27;[39m
&amp#27;[38;5;32m[AndroidUiautomator2Driver@2d54 (cd7ab2dd)]&amp#27;[0m Calling AppiumDriver.findElement() with args: ["id","com.boopathy.raja.tutorial:id/arc_main","cd7ab2dd-04fc-47d1-8d89-4fb5a4eb76e3"]
&amp#27;[38;5;32m[AndroidUiautomator2Driver@2d54 (cd7ab2dd)]&amp#27;[0m Valid locator strategies for this request: xpath, id, class name, accessibility id, css selector, -android uiautomator
&amp#27;[38;5;32m[AndroidUiautomator2Driver@2d54 (cd7ab2dd)]&amp#27;[0m Waiting up to 0 ms for condition
&amp#27;[38;5;32m[AndroidUiautomator2Driver@2d54 (cd7ab2dd)]&amp#27;[0m Matched '/element' to command name 'findElement'
&amp#27;[38;5;32m[AndroidUiautomator2Driver@2d54 (cd7ab2dd)]&amp#27;[0m Proxying [POST /element] to [POST http://127.0.0.1:8200/session/9ac5a066-2f78-4c2b-95ee-ea9144b73a2c/element] with body: {"strategy":"id","selector":"com.boopathy.raja.tutorial:id/arc_main","context":"","multiple":false}
&amp#27;[38;5;32m[AndroidUiautomator2Driver@2d54 (cd7ab2dd)]&amp#27;[0m Got response with status 404: {"sessionId":"9ac5a066-2f78-4c2b-95ee-ea9144b73a2c","value":{"error":"no such element","message":"An element could not be located on the page using the given search parameters","stacktrace":"io.appium.uiautomator2.common.exceptions.ElementNotFoundException: An element could not be located on the page using the given search parameters\n\tat io.appium.uiautomator2.handler.FindElement.safeHandle(FindElement.java:63)\n\tat io.appium.uiautomator2.handler.request.SafeRequestHandler.handle(SafeRequestHandler.java:59)\n\tat io.appium.uiautomator2.server.AppiumServlet.handleRequest(AppiumServlet.java:259)\n\tat io.appium.uiautomator2.server.AppiumServlet.handleHttpRequest(AppiumServlet.java:253)\n\tat io.appium.uiautomator2.http.ServerHandler.channelRead(ServerHandler.java:77)\n\tat io.netty.channel.AbstractChannelHandlerContext.invokeChannelRead(AbstractChannelHandlerContext.java:366)\n\tat io.netty.channel.AbstractChannelHandlerContext.invokeChannelRead(AbstractChannelHandlerContext.java:352)\n\tat io.netty.chann...
&amp#27;[38;5;128m[W3C]&amp#27;[0m Matched W3C error code 'no such element' to NoSuchElementError
&amp#27;[38;5;32m[AndroidUiautomator2Driver@2d54 (cd7ab2dd)]&amp#27;[0m Encountered internal error running command: NoSuchElementError: An element could not be located on the page using the given search parameters.
&amp#27;[38;5;32m[AndroidUiautomator2Driver@2d54 (cd7ab2dd)]&amp#27;[0m     at AndroidUiautomator2Driver.findElOrEls (C:\Users\alokpandey02\.appium\node_modules\appium-uiautomator2-driver\node_modules\appium-android-driver\lib\commands\find.ts:86:11)
&amp#27;[38;5;32m[AndroidUiautomator2Driver@2d54 (cd7ab2dd)]&amp#27;[0m     at processTicksAndRejections (node:internal/process/task_queues:95:5)
&amp#27;[38;5;32m[AndroidUiautomator2Driver@2d54 (cd7ab2dd)]&amp#27;[0m     at AndroidUiautomator2Driver.findElOrElsWithProcessing (C:\Users\alokpandey02\AppData\Roaming\npm\node_modules\appium\node_modules\@appium\base-driver\lib\basedriver\commands\find.ts:60:12)
&amp#27;[38;5;32m[AndroidUiautomator2Driver@2d54 (cd7ab2dd)]&amp#27;[0m     at AndroidUiautomator2Driver.findElement (C:\Users\alokpandey02\AppData\Roaming\npm\node_modules\appium\node_modules\@appium\base-driver\lib\basedriver\commands\find.ts:75:12)
&amp#27;[38;5;0m[HTTP]&amp#27;[0m &amp#27;[37m<-- POST /session/cd7ab2dd-04fc-47d1-8d89-4fb5a4eb76e3/element &amp#27;[39m&amp#27;[33m404&amp#27;[39m &amp#27;[90m178 ms - 911&amp#27;[39m
&amp#27;[38;5;0m[HTTP]&amp#27;[0m &amp#27;[90m&amp#27;[39m
&amp#27;[38;5;0m[HTTP]&amp#27;[0m &amp#27;[37m-->&amp#27;[39m &amp#27;[37mPOST&amp#27;[39m &amp#27;[37m/session/cd7ab2dd-04fc-47d1-8d89-4fb5a4eb76e3/element&amp#27;[39m
&amp#27;[38;5;0m[HTTP]&amp#27;[0m &amp#27;[90m{"value":"com.boopathy.raja.tutorial:id/arc_main","using":"id"}&amp#27;[39m
&amp#27;[38;5;32m[AndroidUiautomator2Driver@2d54 (cd7ab2dd)]&amp#27;[0m Calling AppiumDriver.findElement() with args: ["id","com.boopathy.raja.tutorial:id/arc_main","cd7ab2dd-04fc-47d1-8d89-4fb5a4eb76e3"]
&amp#27;[38;5;32m[AndroidUiautomator2Driver@2d54 (cd7ab2dd)]&amp#27;[0m Valid locator strategies for this request: xpath, id, class name, accessibility id, css selector, -android uiautomator
&amp#27;[38;5;32m[AndroidUiautomator2Driver@2d54 (cd7ab2dd)]&amp#27;[0m Waiting up to 0 ms for condition
&amp#27;[38;5;32m[AndroidUiautomator2Driver@2d54 (cd7ab2dd)]&amp#27;[0m Matched '/element' to command name 'findElement'
&amp#27;[38;5;32m[AndroidUiautomator2Driver@2d54 (cd7ab2dd)]&amp#27;[0m Proxying [POST /element] to [POST http://127.0.0.1:8200/session/9ac5a066-2f78-4c2b-95ee-ea9144b73a2c/element] with body: {"strategy":"id","selector":"com.boopathy.raja.tutorial:id/arc_main","context":"","multiple":false}
&amp#27;[38;5;32m[AndroidUiautomator2Driver@2d54 (cd7ab2dd)]&amp#27;[0m Got response with status 200: {"sessionId":"9ac5a066-2f78-4c2b-95ee-ea9144b73a2c","value":{"ELEMENT":"00000000-0000-000a-ffff-ffff00000064","element-6066-11e4-a52e-4f735466cecf":"00000000-0000-000a-ffff-ffff00000064"}}
&amp#27;[38;5;32m[AndroidUiautomator2Driver@2d54 (cd7ab2dd)]&amp#27;[0m Responding to client with driver.findElement() result: {"element-6066-11e4-a52e-4f735466cecf":"00000000-0000-000a-ffff-ffff00000064","ELEMENT":"00000000-0000-000a-ffff-ffff00000064"}
&amp#27;[38;5;0m[HTTP]&amp#27;[0m &amp#27;[37m<-- POST /session/cd7ab2dd-04fc-47d1-8d89-4fb5a4eb76e3/element &amp#27;[39m&amp#27;[32m200&amp#27;[39m &amp#27;[90m402 ms - 137&amp#27;[39m
&amp#27;[38;5;0m[HTTP]&amp#27;[0m &amp#27;[90m&amp#27;[39m
&amp#27;[38;5;0m[HTTP]&amp#27;[0m &amp#27;[37m-->&amp#27;[39m &amp#27;[37mGET&amp#27;[39m &amp#27;[37m/session/cd7ab2dd-04fc-47d1-8d89-4fb5a4eb76e3/element/00000000-0000-000a-ffff-ffff00000064/displayed&amp#27;[39m
&amp#27;[38;5;0m[HTTP]&amp#27;[0m &amp#27;[90m{}&amp#27;[39m
&amp#27;[38;5;32m[AndroidUiautomator2Driver@2d54 (cd7ab2dd)]&amp#27;[0m Calling AppiumDriver.elementDisplayed() with args: ["00000000-0000-000a-ffff-ffff00000064","cd7ab2dd-04fc-47d1-8d89-4fb5a4eb76e3"]
&amp#27;[38;5;32m[AndroidUiautomator2Driver@2d54 (cd7ab2dd)]&amp#27;[0m Matched '/element/00000000-0000-000a-ffff-ffff00000064/attribute/displayed' to command name 'getAttribute'
&amp#27;[38;5;32m[AndroidUiautomator2Driver@2d54 (cd7ab2dd)]&amp#27;[0m Proxying [GET /element/00000000-0000-000a-ffff-ffff00000064/attribute/displayed] to [GET http://127.0.0.1:8200/session/9ac5a066-2f78-4c2b-95ee-ea9144b73a2c/element/00000000-0000-000a-ffff-ffff00000064/attribute/displayed] with no body
&amp#27;[38;5;32m[AndroidUiautomator2Driver@2d54 (cd7ab2dd)]&amp#27;[0m Got response with status 200: {"sessionId":"9ac5a066-2f78-4c2b-95ee-ea9144b73a2c","value":"true"}
&amp#27;[38;5;32m[AndroidUiautomator2Driver@2d54 (cd7ab2dd)]&amp#27;[0m Responding to client with driver.elementDisplayed() result: true
&amp#27;[38;5;0m[HTTP]&amp#27;[0m &amp#27;[37m<-- GET /session/cd7ab2dd-04fc-47d1-8d89-4fb5a4eb76e3/element/00000000-0000-000a-ffff-ffff00000064/displayed &amp#27;[39m&amp#27;[32m200&amp#27;[39m &amp#27;[90m18 ms - 14&amp#27;[39m
&amp#27;[38;5;0m[HTTP]&amp#27;[0m &amp#27;[90m&amp#27;[39m
&amp#27;[38;5;0m[HTTP]&amp#27;[0m &amp#27;[37m-->&amp#27;[39m &amp#27;[37mGET&amp#27;[39m &amp#27;[37m/session/cd7ab2dd-04fc-47d1-8d89-4fb5a4eb76e3/element/00000000-0000-000a-ffff-ffff00000064/enabled&amp#27;[39m
&amp#27;[38;5;0m[HTTP]&amp#27;[0m &amp#27;[90m{}&amp#27;[39m
&amp#27;[38;5;32m[AndroidUiautomator2Driver@2d54 (cd7ab2dd)]&amp#27;[0m Calling AppiumDriver.elementEnabled() with args: ["00000000-0000-000a-ffff-ffff00000064","cd7ab2dd-04fc-47d1-8d89-4fb5a4eb76e3"]
&amp#27;[38;5;32m[AndroidUiautomator2Driver@2d54 (cd7ab2dd)]&amp#27;[0m Matched '/element/00000000-0000-000a-ffff-ffff00000064/attribute/enabled' to command name 'getAttribute'
&amp#27;[38;5;32m[AndroidUiautomator2Driver@2d54 (cd7ab2dd)]&amp#27;[0m Proxying [GET /element/00000000-0000-000a-ffff-ffff00000064/attribute/enabled] to [GET http://127.0.0.1:8200/session/9ac5a066-2f78-4c2b-95ee-ea9144b73a2c/element/00000000-0000-000a-ffff-ffff00000064/attribute/enabled] with no body
&amp#27;[38;5;32m[AndroidUiautomator2Driver@2d54 (cd7ab2dd)]&amp#27;[0m Got response with status 200: {"sessionId":"9ac5a066-2f78-4c2b-95ee-ea9144b73a2c","value":"true"}
&amp#27;[38;5;32m[AndroidUiautomator2Driver@2d54 (cd7ab2dd)]&amp#27;[0m Responding to client with driver.elementEnabled() result: true
&amp#27;[38;5;0m[HTTP]&amp#27;[0m &amp#27;[37m<-- GET /session/cd7ab2dd-04fc-47d1-8d89-4fb5a4eb76e3/element/00000000-0000-000a-ffff-ffff00000064/enabled &amp#27;[39m&amp#27;[32m200&amp#27;[39m &amp#27;[90m14 ms - 14&amp#27;[39m
&amp#27;[38;5;0m[HTTP]&amp#27;[0m &amp#27;[90m&amp#27;[39m
&amp#27;[38;5;0m[HTTP]&amp#27;[0m &amp#27;[37m-->&amp#27;[39m &amp#27;[37mPOST&amp#27;[39m &amp#27;[37m/session/cd7ab2dd-04fc-47d1-8d89-4fb5a4eb76e3/element&amp#27;[39m
&amp#27;[38;5;0m[HTTP]&amp#27;[0m &amp#27;[90m{"value":"com.boopathy.raja.tutorial:id/arc_main","using":"id"}&amp#27;[39m
&amp#27;[38;5;32m[AndroidUiautomator2Driver@2d54 (cd7ab2dd)]&amp#27;[0m Calling AppiumDriver.findElement() with args: ["id","com.boopathy.raja.tutorial:id/arc_main","cd7ab2dd-04fc-47d1-8d89-4fb5a4eb76e3"]
&amp#27;[38;5;32m[AndroidUiautomator2Driver@2d54 (cd7ab2dd)]&amp#27;[0m Valid locator strategies for this request: xpath, id, class name, accessibility id, css selector, -android uiautomator
&amp#27;[38;5;32m[AndroidUiautomator2Driver@2d54 (cd7ab2dd)]&amp#27;[0m Waiting up to 0 ms for condition
&amp#27;[38;5;32m[AndroidUiautomator2Driver@2d54 (cd7ab2dd)]&amp#27;[0m Matched '/element' to command name 'findElement'
&amp#27;[38;5;32m[AndroidUiautomator2Driver@2d54 (cd7ab2dd)]&amp#27;[0m Proxying [POST /element] to [POST http://127.0.0.1:8200/session/9ac5a066-2f78-4c2b-95ee-ea9144b73a2c/element] with body: {"strategy":"id","selector":"com.boopathy.raja.tutorial:id/arc_main","context":"","multiple":false}
&amp#27;[38;5;32m[AndroidUiautomator2Driver@2d54 (cd7ab2dd)]&amp#27;[0m Got response with status 200: {"sessionId":"9ac5a066-2f78-4c2b-95ee-ea9144b73a2c","value":{"ELEMENT":"00000000-0000-000a-ffff-ffff00000064","element-6066-11e4-a52e-4f735466cecf":"00000000-0000-000a-ffff-ffff00000064"}}
&amp#27;[38;5;32m[AndroidUiautomator2Driver@2d54 (cd7ab2dd)]&amp#27;[0m Responding to client with driver.findElement() result: {"element-6066-11e4-a52e-4f735466cecf":"00000000-0000-000a-ffff-ffff00000064","ELEMENT":"00000000-0000-000a-ffff-ffff00000064"}
&amp#27;[38;5;0m[HTTP]&amp#27;[0m &amp#27;[37m<-- POST /session/cd7ab2dd-04fc-47d1-8d89-4fb5a4eb76e3/element &amp#27;[39m&amp#27;[32m200&amp#27;[39m &amp#27;[90m29 ms - 137&amp#27;[39m
&amp#27;[38;5;0m[HTTP]&amp#27;[0m &amp#27;[90m&amp#27;[39m
&amp#27;[38;5;0m[HTTP]&amp#27;[0m &amp#27;[37m-->&amp#27;[39m &amp#27;[37mPOST&amp#27;[39m &amp#27;[37m/session/cd7ab2dd-04fc-47d1-8d89-4fb5a4eb76e3/element/00000000-0000-000a-ffff-ffff00000064/click&amp#27;[39m
&amp#27;[38;5;0m[HTTP]&amp#27;[0m &amp#27;[90m{"id":"00000000-0000-000a-ffff-ffff00000064"}&amp#27;[39m
&amp#27;[38;5;32m[AndroidUiautomator2Driver@2d54 (cd7ab2dd)]&amp#27;[0m Calling AppiumDriver.click() with args: ["00000000-0000-000a-ffff-ffff00000064","cd7ab2dd-04fc-47d1-8d89-4fb5a4eb76e3"]
&amp#27;[38;5;32m[AndroidUiautomator2Driver@2d54 (cd7ab2dd)]&amp#27;[0m Matched '/element/00000000-0000-000a-ffff-ffff00000064/click' to command name 'click'
&amp#27;[38;5;32m[AndroidUiautomator2Driver@2d54 (cd7ab2dd)]&amp#27;[0m Proxying [POST /element/00000000-0000-000a-ffff-ffff00000064/click] to [POST http://127.0.0.1:8200/session/9ac5a066-2f78-4c2b-95ee-ea9144b73a2c/element/00000000-0000-000a-ffff-ffff00000064/click] with body: {"element":"00000000-0000-000a-ffff-ffff00000064"}
&amp#27;[38;5;32m[AndroidUiautomator2Driver@2d54 (cd7ab2dd)]&amp#27;[0m Got response with status 200: {"sessionId":"9ac5a066-2f78-4c2b-95ee-ea9144b73a2c","value":null}
&amp#27;[38;5;32m[AndroidUiautomator2Driver@2d54 (cd7ab2dd)]&amp#27;[0m Responding to client with driver.click() result: null
&amp#27;[38;5;0m[HTTP]&amp#27;[0m &amp#27;[37m<-- POST /session/cd7ab2dd-04fc-47d1-8d89-4fb5a4eb76e3/element/00000000-0000-000a-ffff-ffff00000064/click &amp#27;[39m&amp#27;[32m200&amp#27;[39m &amp#27;[90m39 ms - 14&amp#27;[39m
&amp#27;[38;5;0m[HTTP]&amp#27;[0m &amp#27;[90m&amp#27;[39m
&amp#27;[38;5;0m[HTTP]&amp#27;[0m &amp#27;[37m-->&amp#27;[39m &amp#27;[37mPOST&amp#27;[39m &amp#27;[37m/session/cd7ab2dd-04fc-47d1-8d89-4fb5a4eb76e3/element&amp#27;[39m
&amp#27;[38;5;0m[HTTP]&amp#27;[0m &amp#27;[90m{"value":"(//android.widget.ImageView[@content-desc='Android UI Design'])[3]","using":"xpath"}&amp#27;[39m
&amp#27;[38;5;32m[AndroidUiautomator2Driver@2d54 (cd7ab2dd)]&amp#27;[0m Calling AppiumDriver.findElement() with args: ["xpath","(//android.widget.ImageView[@content-desc='Android UI Design'])[3]","cd7ab2dd-04fc-47d1-8d89-4fb5a4eb76e3"]
&amp#27;[38;5;32m[AndroidUiautomator2Driver@2d54 (cd7ab2dd)]&amp#27;[0m Valid locator strategies for this request: xpath, id, class name, accessibility id, css selector, -android uiautomator
&amp#27;[38;5;32m[AndroidUiautomator2Driver@2d54 (cd7ab2dd)]&amp#27;[0m Waiting up to 0 ms for condition
&amp#27;[38;5;32m[AndroidUiautomator2Driver@2d54 (cd7ab2dd)]&amp#27;[0m Matched '/element' to command name 'findElement'
&amp#27;[38;5;32m[AndroidUiautomator2Driver@2d54 (cd7ab2dd)]&amp#27;[0m Proxying [POST /element] to [POST http://127.0.0.1:8200/session/9ac5a066-2f78-4c2b-95ee-ea9144b73a2c/element] with body: {"strategy":"xpath","selector":"(//android.widget.ImageView[@content-desc='Android UI Design'])[3]","context":"","multiple":false}
&amp#27;[38;5;32m[AndroidUiautomator2Driver@2d54 (cd7ab2dd)]&amp#27;[0m Got response with status 200: {"sessionId":"9ac5a066-2f78-4c2b-95ee-ea9144b73a2c","value":{"ELEMENT":"00000000-0000-000a-ffff-ffff00000074","element-6066-11e4-a52e-4f735466cecf":"00000000-0000-000a-ffff-ffff00000074"}}
&amp#27;[38;5;32m[AndroidUiautomator2Driver@2d54 (cd7ab2dd)]&amp#27;[0m Responding to client with driver.findElement() result: {"element-6066-11e4-a52e-4f735466cecf":"00000000-0000-000a-ffff-ffff00000074","ELEMENT":"00000000-0000-000a-ffff-ffff00000074"}
&amp#27;[38;5;0m[HTTP]&amp#27;[0m &amp#27;[37m<-- POST /session/cd7ab2dd-04fc-47d1-8d89-4fb5a4eb76e3/element &amp#27;[39m&amp#27;[32m200&amp#27;[39m &amp#27;[90m111 ms - 137&amp#27;[39m
&amp#27;[38;5;0m[HTTP]&amp#27;[0m &amp#27;[90m&amp#27;[39m
&amp#27;[38;5;0m[HTTP]&amp#27;[0m &amp#27;[37m-->&amp#27;[39m &amp#27;[37mGET&amp#27;[39m &amp#27;[37m/session/cd7ab2dd-04fc-47d1-8d89-4fb5a4eb76e3/element/00000000-0000-000a-ffff-ffff00000074/displayed&amp#27;[39m
&amp#27;[38;5;0m[HTTP]&amp#27;[0m &amp#27;[90m{}&amp#27;[39m
&amp#27;[38;5;32m[AndroidUiautomator2Driver@2d54 (cd7ab2dd)]&amp#27;[0m Calling AppiumDriver.elementDisplayed() with args: ["00000000-0000-000a-ffff-ffff00000074","cd7ab2dd-04fc-47d1-8d89-4fb5a4eb76e3"]
&amp#27;[38;5;32m[AndroidUiautomator2Driver@2d54 (cd7ab2dd)]&amp#27;[0m Matched '/element/00000000-0000-000a-ffff-ffff00000074/attribute/displayed' to command name 'getAttribute'
&amp#27;[38;5;32m[AndroidUiautomator2Driver@2d54 (cd7ab2dd)]&amp#27;[0m Proxying [GET /element/00000000-0000-000a-ffff-ffff00000074/attribute/displayed] to [GET http://127.0.0.1:8200/session/9ac5a066-2f78-4c2b-95ee-ea9144b73a2c/element/00000000-0000-000a-ffff-ffff00000074/attribute/displayed] with no body
&amp#27;[38;5;32m[AndroidUiautomator2Driver@2d54 (cd7ab2dd)]&amp#27;[0m Got response with status 200: {"sessionId":"9ac5a066-2f78-4c2b-95ee-ea9144b73a2c","value":"true"}
&amp#27;[38;5;32m[AndroidUiautomator2Driver@2d54 (cd7ab2dd)]&amp#27;[0m Responding to client with driver.elementDisplayed() result: true
&amp#27;[38;5;0m[HTTP]&amp#27;[0m &amp#27;[37m<-- GET /session/cd7ab2dd-04fc-47d1-8d89-4fb5a4eb76e3/element/00000000-0000-000a-ffff-ffff00000074/displayed &amp#27;[39m&amp#27;[32m200&amp#27;[39m &amp#27;[90m619 ms - 14&amp#27;[39m
&amp#27;[38;5;0m[HTTP]&amp#27;[0m &amp#27;[90m&amp#27;[39m
&amp#27;[38;5;0m[HTTP]&amp#27;[0m &amp#27;[37m-->&amp#27;[39m &amp#27;[37mGET&amp#27;[39m &amp#27;[37m/session/cd7ab2dd-04fc-47d1-8d89-4fb5a4eb76e3/element/00000000-0000-000a-ffff-ffff00000074/enabled&amp#27;[39m
&amp#27;[38;5;0m[HTTP]&amp#27;[0m &amp#27;[90m{}&amp#27;[39m
&amp#27;[38;5;32m[AndroidUiautomator2Driver@2d54 (cd7ab2dd)]&amp#27;[0m Calling AppiumDriver.elementEnabled() with args: ["00000000-0000-000a-ffff-ffff00000074","cd7ab2dd-04fc-47d1-8d89-4fb5a4eb76e3"]
&amp#27;[38;5;32m[AndroidUiautomator2Driver@2d54 (cd7ab2dd)]&amp#27;[0m Matched '/element/00000000-0000-000a-ffff-ffff00000074/attribute/enabled' to command name 'getAttribute'
&amp#27;[38;5;32m[AndroidUiautomator2Driver@2d54 (cd7ab2dd)]&amp#27;[0m Proxying [GET /element/00000000-0000-000a-ffff-ffff00000074/attribute/enabled] to [GET http://127.0.0.1:8200/session/9ac5a066-2f78-4c2b-95ee-ea9144b73a2c/element/00000000-0000-000a-ffff-ffff00000074/attribute/enabled] with no body
&amp#27;[38;5;32m[AndroidUiautomator2Driver@2d54 (cd7ab2dd)]&amp#27;[0m Got response with status 200: {"sessionId":"9ac5a066-2f78-4c2b-95ee-ea9144b73a2c","value":"true"}
&amp#27;[38;5;32m[AndroidUiautomator2Driver@2d54 (cd7ab2dd)]&amp#27;[0m Responding to client with driver.elementEnabled() result: true
&amp#27;[38;5;0m[HTTP]&amp#27;[0m &amp#27;[37m<-- GET /session/cd7ab2dd-04fc-47d1-8d89-4fb5a4eb76e3/element/00000000-0000-000a-ffff-ffff00000074/enabled &amp#27;[39m&amp#27;[32m200&amp#27;[39m &amp#27;[90m101 ms - 14&amp#27;[39m
&amp#27;[38;5;0m[HTTP]&amp#27;[0m &amp#27;[90m&amp#27;[39m
&amp#27;[38;5;0m[HTTP]&amp#27;[0m &amp#27;[37m-->&amp#27;[39m &amp#27;[37mPOST&amp#27;[39m &amp#27;[37m/session/cd7ab2dd-04fc-47d1-8d89-4fb5a4eb76e3/element&amp#27;[39m
&amp#27;[38;5;0m[HTTP]&amp#27;[0m &amp#27;[90m{"value":"(//android.widget.ImageView[@content-desc='Android UI Design'])[3]","using":"xpath"}&amp#27;[39m
&amp#27;[38;5;32m[AndroidUiautomator2Driver@2d54 (cd7ab2dd)]&amp#27;[0m Calling AppiumDriver.findElement() with args: ["xpath","(//android.widget.ImageView[@content-desc='Android UI Design'])[3]","cd7ab2dd-04fc-47d1-8d89-4fb5a4eb76e3"]
&amp#27;[38;5;32m[AndroidUiautomator2Driver@2d54 (cd7ab2dd)]&amp#27;[0m Valid locator strategies for this request: xpath, id, class name, accessibility id, css selector, -android uiautomator
&amp#27;[38;5;32m[AndroidUiautomator2Driver@2d54 (cd7ab2dd)]&amp#27;[0m Waiting up to 0 ms for condition
&amp#27;[38;5;32m[AndroidUiautomator2Driver@2d54 (cd7ab2dd)]&amp#27;[0m Matched '/element' to command name 'findElement'
&amp#27;[38;5;32m[AndroidUiautomator2Driver@2d54 (cd7ab2dd)]&amp#27;[0m Proxying [POST /element] to [POST http://127.0.0.1:8200/session/9ac5a066-2f78-4c2b-95ee-ea9144b73a2c/element] with body: {"strategy":"xpath","selector":"(//android.widget.ImageView[@content-desc='Android UI Design'])[3]","context":"","multiple":false}
&amp#27;[38;5;32m[AndroidUiautomator2Driver@2d54 (cd7ab2dd)]&amp#27;[0m Got response with status 200: {"sessionId":"9ac5a066-2f78-4c2b-95ee-ea9144b73a2c","value":{"ELEMENT":"00000000-0000-000a-ffff-ffff00000071","element-6066-11e4-a52e-4f735466cecf":"00000000-0000-000a-ffff-ffff00000071"}}
&amp#27;[38;5;32m[AndroidUiautomator2Driver@2d54 (cd7ab2dd)]&amp#27;[0m Responding to client with driver.findElement() result: {"element-6066-11e4-a52e-4f735466cecf":"00000000-0000-000a-ffff-ffff00000071","ELEMENT":"00000000-0000-000a-ffff-ffff00000071"}
&amp#27;[38;5;0m[HTTP]&amp#27;[0m &amp#27;[37m<-- POST /session/cd7ab2dd-04fc-47d1-8d89-4fb5a4eb76e3/element &amp#27;[39m&amp#27;[32m200&amp#27;[39m &amp#27;[90m700 ms - 137&amp#27;[39m
&amp#27;[38;5;0m[HTTP]&amp#27;[0m &amp#27;[90m&amp#27;[39m
&amp#27;[38;5;0m[HTTP]&amp#27;[0m &amp#27;[37m-->&amp#27;[39m &amp#27;[37mPOST&amp#27;[39m &amp#27;[37m/session/cd7ab2dd-04fc-47d1-8d89-4fb5a4eb76e3/element/00000000-0000-000a-ffff-ffff00000071/click&amp#27;[39m
&amp#27;[38;5;0m[HTTP]&amp#27;[0m &amp#27;[90m{"id":"00000000-0000-000a-ffff-ffff00000071"}&amp#27;[39m
&amp#27;[38;5;32m[AndroidUiautomator2Driver@2d54 (cd7ab2dd)]&amp#27;[0m Calling AppiumDriver.click() with args: ["00000000-0000-000a-ffff-ffff00000071","cd7ab2dd-04fc-47d1-8d89-4fb5a4eb76e3"]
&amp#27;[38;5;32m[AndroidUiautomator2Driver@2d54 (cd7ab2dd)]&amp#27;[0m Matched '/element/00000000-0000-000a-ffff-ffff00000071/click' to command name 'click'
&amp#27;[38;5;32m[AndroidUiautomator2Driver@2d54 (cd7ab2dd)]&amp#27;[0m Proxying [POST /element/00000000-0000-000a-ffff-ffff00000071/click] to [POST http://127.0.0.1:8200/session/9ac5a066-2f78-4c2b-95ee-ea9144b73a2c/element/00000000-0000-000a-ffff-ffff00000071/click] with body: {"element":"00000000-0000-000a-ffff-ffff00000071"}
&amp#27;[38;5;32m[AndroidUiautomator2Driver@2d54 (cd7ab2dd)]&amp#27;[0m Got response with status 200: {"sessionId":"9ac5a066-2f78-4c2b-95ee-ea9144b73a2c","value":null}
&amp#27;[38;5;32m[AndroidUiautomator2Driver@2d54 (cd7ab2dd)]&amp#27;[0m Responding to client with driver.click() result: null
&amp#27;[38;5;0m[HTTP]&amp#27;[0m &amp#27;[37m<-- POST /session/cd7ab2dd-04fc-47d1-8d89-4fb5a4eb76e3/element/00000000-0000-000a-ffff-ffff00000071/click &amp#27;[39m&amp#27;[32m200&amp#27;[39m &amp#27;[90m45 ms - 14&amp#27;[39m
&amp#27;[38;5;0m[HTTP]&amp#27;[0m &amp#27;[90m&amp#27;[39m
&amp#27;[38;5;0m[HTTP]&amp#27;[0m &amp#27;[37m-->&amp#27;[39m &amp#27;[37mPOST&amp#27;[39m &amp#27;[37m/session/cd7ab2dd-04fc-47d1-8d89-4fb5a4eb76e3/element&amp#27;[39m
&amp#27;[38;5;0m[HTTP]&amp#27;[0m &amp#27;[90m{"value":"//android.widget.Toast[@text='Camera']","using":"xpath"}&amp#27;[39m
&amp#27;[38;5;32m[AndroidUiautomator2Driver@2d54 (cd7ab2dd)]&amp#27;[0m Calling AppiumDriver.findElement() with args: ["xpath","//android.widget.Toast[@text='Camera']","cd7ab2dd-04fc-47d1-8d89-4fb5a4eb76e3"]
&amp#27;[38;5;32m[AndroidUiautomator2Driver@2d54 (cd7ab2dd)]&amp#27;[0m Valid locator strategies for this request: xpath, id, class name, accessibility id, css selector, -android uiautomator
&amp#27;[38;5;32m[AndroidUiautomator2Driver@2d54 (cd7ab2dd)]&amp#27;[0m Waiting up to 0 ms for condition
&amp#27;[38;5;32m[AndroidUiautomator2Driver@2d54 (cd7ab2dd)]&amp#27;[0m Matched '/element' to command name 'findElement'
&amp#27;[38;5;32m[AndroidUiautomator2Driver@2d54 (cd7ab2dd)]&amp#27;[0m Proxying [POST /element] to [POST http://127.0.0.1:8200/session/9ac5a066-2f78-4c2b-95ee-ea9144b73a2c/element] with body: {"strategy":"xpath","selector":"//android.widget.Toast[@text='Camera']","context":"","multiple":false}
&amp#27;[38;5;32m[AndroidUiautomator2Driver@2d54 (cd7ab2dd)]&amp#27;[0m Got response with status 404: {"sessionId":"9ac5a066-2f78-4c2b-95ee-ea9144b73a2c","value":{"error":"no such element","message":"An element could not be located on the page using the given search parameters","stacktrace":"io.appium.uiautomator2.common.exceptions.ElementNotFoundException: An element could not be located on the page using the given search parameters\n\tat io.appium.uiautomator2.utils.ElementLocationHelpers.findElement(ElementLocationHelpers.java:156)\n\tat io.appium.uiautomator2.handler.FindElement.safeHandle(FindElement.java:60)\n\tat io.appium.uiautomator2.handler.request.SafeRequestHandler.handle(SafeRequestHandler.java:59)\n\tat io.appium.uiautomator2.server.AppiumServlet.handleRequest(AppiumServlet.java:259)\n\tat io.appium.uiautomator2.server.AppiumServlet.handleHttpRequest(AppiumServlet.java:253)\n\tat io.appium.uiautomator2.http.ServerHandler.channelRead(ServerHandler.java:77)\n\tat io.netty.channel.AbstractChannelHandlerContext.invokeChannelRead(AbstractChannelHandlerContext.java:366)\n\tat io.netty.channel.Abstr...
&amp#27;[38;5;128m[W3C]&amp#27;[0m Matched W3C error code 'no such element' to NoSuchElementError
&amp#27;[38;5;32m[AndroidUiautomator2Driver@2d54 (cd7ab2dd)]&amp#27;[0m Encountered internal error running command: NoSuchElementError: An element could not be located on the page using the given search parameters.
&amp#27;[38;5;32m[AndroidUiautomator2Driver@2d54 (cd7ab2dd)]&amp#27;[0m     at AndroidUiautomator2Driver.findElOrEls (C:\Users\alokpandey02\.appium\node_modules\appium-uiautomator2-driver\node_modules\appium-android-driver\lib\commands\find.ts:86:11)
&amp#27;[38;5;32m[AndroidUiautomator2Driver@2d54 (cd7ab2dd)]&amp#27;[0m     at processTicksAndRejections (node:internal/process/task_queues:95:5)
&amp#27;[38;5;32m[AndroidUiautomator2Driver@2d54 (cd7ab2dd)]&amp#27;[0m     at AndroidUiautomator2Driver.findElOrElsWithProcessing (C:\Users\alokpandey02\AppData\Roaming\npm\node_modules\appium\node_modules\@appium\base-driver\lib\basedriver\commands\find.ts:60:12)
&amp#27;[38;5;32m[AndroidUiautomator2Driver@2d54 (cd7ab2dd)]&amp#27;[0m     at AndroidUiautomator2Driver.findElement (C:\Users\alokpandey02\AppData\Roaming\npm\node_modules\appium\node_modules\@appium\base-driver\lib\basedriver\commands\find.ts:75:12)
&amp#27;[38;5;0m[HTTP]&amp#27;[0m &amp#27;[37m<-- POST /session/cd7ab2dd-04fc-47d1-8d89-4fb5a4eb76e3/element &amp#27;[39m&amp#27;[33m404&amp#27;[39m &amp#27;[90m144 ms - 911&amp#27;[39m
&amp#27;[38;5;0m[HTTP]&amp#27;[0m &amp#27;[90m&amp#27;[39m
&amp#27;[38;5;0m[HTTP]&amp#27;[0m &amp#27;[37m-->&amp#27;[39m &amp#27;[37mPOST&amp#27;[39m &amp#27;[37m/session/cd7ab2dd-04fc-47d1-8d89-4fb5a4eb76e3/element&amp#27;[39m
&amp#27;[38;5;0m[HTTP]&amp#27;[0m &amp#27;[90m{"value":"//android.widget.Toast[@text='Camera']","using":"xpath"}&amp#27;[39m
&amp#27;[38;5;32m[AndroidUiautomator2Driver@2d54 (cd7ab2dd)]&amp#27;[0m Calling AppiumDriver.findElement() with args: ["xpath","//android.widget.Toast[@text='Camera']","cd7ab2dd-04fc-47d1-8d89-4fb5a4eb76e3"]
&amp#27;[38;5;32m[AndroidUiautomator2Driver@2d54 (cd7ab2dd)]&amp#27;[0m Valid locator strategies for this request: xpath, id, class name, accessibility id, css selector, -android uiautomator
&amp#27;[38;5;32m[AndroidUiautomator2Driver@2d54 (cd7ab2dd)]&amp#27;[0m Waiting up to 0 ms for condition
&amp#27;[38;5;32m[AndroidUiautomator2Driver@2d54 (cd7ab2dd)]&amp#27;[0m Matched '/element' to command name 'findElement'
&amp#27;[38;5;32m[AndroidUiautomator2Driver@2d54 (cd7ab2dd)]&amp#27;[0m Proxying [POST /element] to [POST http://127.0.0.1:8200/session/9ac5a066-2f78-4c2b-95ee-ea9144b73a2c/element] with body: {"strategy":"xpath","selector":"//android.widget.Toast[@text='Camera']","context":"","multiple":false}
&amp#27;[38;5;32m[AndroidUiautomator2Driver@2d54 (cd7ab2dd)]&amp#27;[0m Got response with status 404: {"sessionId":"9ac5a066-2f78-4c2b-95ee-ea9144b73a2c","value":{"error":"no such element","message":"An element could not be located on the page using the given search parameters","stacktrace":"io.appium.uiautomator2.common.exceptions.ElementNotFoundException: An element could not be located on the page using the given search parameters\n\tat io.appium.uiautomator2.utils.ElementLocationHelpers.findElement(ElementLocationHelpers.java:156)\n\tat io.appium.uiautomator2.handler.FindElement.safeHandle(FindElement.java:60)\n\tat io.appium.uiautomator2.handler.request.SafeRequestHandler.handle(SafeRequestHandler.java:59)\n\tat io.appium.uiautomator2.server.AppiumServlet.handleRequest(AppiumServlet.java:259)\n\tat io.appium.uiautomator2.server.AppiumServlet.handleHttpRequest(AppiumServlet.java:253)\n\tat io.appium.uiautomator2.http.ServerHandler.channelRead(ServerHandler.java:77)\n\tat io.netty.channel.AbstractChannelHandlerContext.invokeChannelRead(AbstractChannelHandlerContext.java:366)\n\tat io.netty.channel.Abstr...
&amp#27;[38;5;128m[W3C]&amp#27;[0m Matched W3C error code 'no such element' to NoSuchElementError
&amp#27;[38;5;32m[AndroidUiautomator2Driver@2d54 (cd7ab2dd)]&amp#27;[0m Encountered internal error running command: NoSuchElementError: An element could not be located on the page using the given search parameters.
&amp#27;[38;5;32m[AndroidUiautomator2Driver@2d54 (cd7ab2dd)]&amp#27;[0m     at AndroidUiautomator2Driver.findElOrEls (C:\Users\alokpandey02\.appium\node_modules\appium-uiautomator2-driver\node_modules\appium-android-driver\lib\commands\find.ts:86:11)
&amp#27;[38;5;32m[AndroidUiautomator2Driver@2d54 (cd7ab2dd)]&amp#27;[0m     at processTicksAndRejections (node:internal/process/task_queues:95:5)
&amp#27;[38;5;32m[AndroidUiautomator2Driver@2d54 (cd7ab2dd)]&amp#27;[0m     at AndroidUiautomator2Driver.findElOrElsWithProcessing (C:\Users\alokpandey02\AppData\Roaming\npm\node_modules\appium\node_modules\@appium\base-driver\lib\basedriver\commands\find.ts:60:12)
&amp#27;[38;5;32m[AndroidUiautomator2Driver@2d54 (cd7ab2dd)]&amp#27;[0m     at AndroidUiautomator2Driver.findElement (C:\Users\alokpandey02\AppData\Roaming\npm\node_modules\appium\node_modules\@appium\base-driver\lib\basedriver\commands\find.ts:75:12)
&amp#27;[38;5;0m[HTTP]&amp#27;[0m &amp#27;[37m<-- POST /session/cd7ab2dd-04fc-47d1-8d89-4fb5a4eb76e3/element &amp#27;[39m&amp#27;[33m404&amp#27;[39m &amp#27;[90m99 ms - 911&amp#27;[39m
&amp#27;[38;5;0m[HTTP]&amp#27;[0m &amp#27;[90m&amp#27;[39m
&amp#27;[38;5;0m[HTTP]&amp#27;[0m &amp#27;[37m-->&amp#27;[39m &amp#27;[37mPOST&amp#27;[39m &amp#27;[37m/session/cd7ab2dd-04fc-47d1-8d89-4fb5a4eb76e3/element&amp#27;[39m
&amp#27;[38;5;0m[HTTP]&amp#27;[0m &amp#27;[90m{"value":"//android.widget.Toast[@text='Camera']","using":"xpath"}&amp#27;[39m
&amp#27;[38;5;32m[AndroidUiautomator2Driver@2d54 (cd7ab2dd)]&amp#27;[0m Calling AppiumDriver.findElement() with args: ["xpath","//android.widget.Toast[@text='Camera']","cd7ab2dd-04fc-47d1-8d89-4fb5a4eb76e3"]
&amp#27;[38;5;32m[AndroidUiautomator2Driver@2d54 (cd7ab2dd)]&amp#27;[0m Valid locator strategies for this request: xpath, id, class name, accessibility id, css selector, -android uiautomator
&amp#27;[38;5;32m[AndroidUiautomator2Driver@2d54 (cd7ab2dd)]&amp#27;[0m Waiting up to 0 ms for condition
&amp#27;[38;5;32m[AndroidUiautomator2Driver@2d54 (cd7ab2dd)]&amp#27;[0m Matched '/element' to command name 'findElement'
&amp#27;[38;5;32m[AndroidUiautomator2Driver@2d54 (cd7ab2dd)]&amp#27;[0m Proxying [POST /element] to [POST http://127.0.0.1:8200/session/9ac5a066-2f78-4c2b-95ee-ea9144b73a2c/element] with body: {"strategy":"xpath","selector":"//android.widget.Toast[@text='Camera']","context":"","multiple":false}
&amp#27;[38;5;32m[AndroidUiautomator2Driver@2d54 (cd7ab2dd)]&amp#27;[0m Got response with status 404: {"sessionId":"9ac5a066-2f78-4c2b-95ee-ea9144b73a2c","value":{"error":"no such element","message":"An element could not be located on the page using the given search parameters","stacktrace":"io.appium.uiautomator2.common.exceptions.ElementNotFoundException: An element could not be located on the page using the given search parameters\n\tat io.appium.uiautomator2.utils.ElementLocationHelpers.findElement(ElementLocationHelpers.java:156)\n\tat io.appium.uiautomator2.handler.FindElement.safeHandle(FindElement.java:60)\n\tat io.appium.uiautomator2.handler.request.SafeRequestHandler.handle(SafeRequestHandler.java:59)\n\tat io.appium.uiautomator2.server.AppiumServlet.handleRequest(AppiumServlet.java:259)\n\tat io.appium.uiautomator2.server.AppiumServlet.handleHttpRequest(AppiumServlet.java:253)\n\tat io.appium.uiautomator2.http.ServerHandler.channelRead(ServerHandler.java:77)\n\tat io.netty.channel.AbstractChannelHandlerContext.invokeChannelRead(AbstractChannelHandlerContext.java:366)\n\tat io.netty.channel.Abstr...
&amp#27;[38;5;128m[W3C]&amp#27;[0m Matched W3C error code 'no such element' to NoSuchElementError
&amp#27;[38;5;32m[AndroidUiautomator2Driver@2d54 (cd7ab2dd)]&amp#27;[0m Encountered internal error running command: NoSuchElementError: An element could not be located on the page using the given search parameters.
&amp#27;[38;5;32m[AndroidUiautomator2Driver@2d54 (cd7ab2dd)]&amp#27;[0m     at AndroidUiautomator2Driver.findElOrEls (C:\Users\alokpandey02\.appium\node_modules\appium-uiautomator2-driver\node_modules\appium-android-driver\lib\commands\find.ts:86:11)
&amp#27;[38;5;32m[AndroidUiautomator2Driver@2d54 (cd7ab2dd)]&amp#27;[0m     at processTicksAndRejections (node:internal/process/task_queues:95:5)
&amp#27;[38;5;32m[AndroidUiautomator2Driver@2d54 (cd7ab2dd)]&amp#27;[0m     at AndroidUiautomator2Driver.findElOrElsWithProcessing (C:\Users\alokpandey02\AppData\Roaming\npm\node_modules\appium\node_modules\@appium\base-driver\lib\basedriver\commands\find.ts:60:12)
&amp#27;[38;5;32m[AndroidUiautomator2Driver@2d54 (cd7ab2dd)]&amp#27;[0m     at AndroidUiautomator2Driver.findElement (C:\Users\alokpandey02\AppData\Roaming\npm\node_modules\appium\node_modules\@appium\base-driver\lib\basedriver\commands\find.ts:75:12)
&amp#27;[38;5;0m[HTTP]&amp#27;[0m &amp#27;[37m<-- POST /session/cd7ab2dd-04fc-47d1-8d89-4fb5a4eb76e3/element &amp#27;[39m&amp#27;[33m404&amp#27;[39m &amp#27;[90m268 ms - 911&amp#27;[39m
&amp#27;[38;5;0m[HTTP]&amp#27;[0m &amp#27;[90m&amp#27;[39m
&amp#27;[38;5;0m[HTTP]&amp#27;[0m &amp#27;[37m-->&amp#27;[39m &amp#27;[37mPOST&amp#27;[39m &amp#27;[37m/session/cd7ab2dd-04fc-47d1-8d89-4fb5a4eb76e3/element&amp#27;[39m
&amp#27;[38;5;0m[HTTP]&amp#27;[0m &amp#27;[90m{"value":"//android.widget.Toast[@text='Camera']","using":"xpath"}&amp#27;[39m
&amp#27;[38;5;32m[AndroidUiautomator2Driver@2d54 (cd7ab2dd)]&amp#27;[0m Calling AppiumDriver.findElement() with args: ["xpath","//android.widget.Toast[@text='Camera']","cd7ab2dd-04fc-47d1-8d89-4fb5a4eb76e3"]
&amp#27;[38;5;32m[AndroidUiautomator2Driver@2d54 (cd7ab2dd)]&amp#27;[0m Valid locator strategies for this request: xpath, id, class name, accessibility id, css selector, -android uiautomator
&amp#27;[38;5;32m[AndroidUiautomator2Driver@2d54 (cd7ab2dd)]&amp#27;[0m Waiting up to 0 ms for condition
&amp#27;[38;5;32m[AndroidUiautomator2Driver@2d54 (cd7ab2dd)]&amp#27;[0m Matched '/element' to command name 'findElement'
&amp#27;[38;5;32m[AndroidUiautomator2Driver@2d54 (cd7ab2dd)]&amp#27;[0m Proxying [POST /element] to [POST http://127.0.0.1:8200/session/9ac5a066-2f78-4c2b-95ee-ea9144b73a2c/element] with body: {"strategy":"xpath","selector":"//android.widget.Toast[@text='Camera']","context":"","multiple":false}
&amp#27;[38;5;32m[AndroidUiautomator2Driver@2d54 (cd7ab2dd)]&amp#27;[0m Got response with status 404: {"sessionId":"9ac5a066-2f78-4c2b-95ee-ea9144b73a2c","value":{"error":"no such element","message":"An element could not be located on the page using the given search parameters","stacktrace":"io.appium.uiautomator2.common.exceptions.ElementNotFoundException: An element could not be located on the page using the given search parameters\n\tat io.appium.uiautomator2.utils.ElementLocationHelpers.findElement(ElementLocationHelpers.java:156)\n\tat io.appium.uiautomator2.handler.FindElement.safeHandle(FindElement.java:60)\n\tat io.appium.uiautomator2.handler.request.SafeRequestHandler.handle(SafeRequestHandler.java:59)\n\tat io.appium.uiautomator2.server.AppiumServlet.handleRequest(AppiumServlet.java:259)\n\tat io.appium.uiautomator2.server.AppiumServlet.handleHttpRequest(AppiumServlet.java:253)\n\tat io.appium.uiautomator2.http.ServerHandler.channelRead(ServerHandler.java:77)\n\tat io.netty.channel.AbstractChannelHandlerContext.invokeChannelRead(AbstractChannelHandlerContext.java:366)\n\tat io.netty.channel.Abstr...
&amp#27;[38;5;128m[W3C]&amp#27;[0m Matched W3C error code 'no such element' to NoSuchElementError
&amp#27;[38;5;32m[AndroidUiautomator2Driver@2d54 (cd7ab2dd)]&amp#27;[0m Encountered internal error running command: NoSuchElementError: An element could not be located on the page using the given search parameters.
&amp#27;[38;5;32m[AndroidUiautomator2Driver@2d54 (cd7ab2dd)]&amp#27;[0m     at AndroidUiautomator2Driver.findElOrEls (C:\Users\alokpandey02\.appium\node_modules\appium-uiautomator2-driver\node_modules\appium-android-driver\lib\commands\find.ts:86:11)
&amp#27;[38;5;32m[AndroidUiautomator2Driver@2d54 (cd7ab2dd)]&amp#27;[0m     at processTicksAndRejections (node:internal/process/task_queues:95:5)
&amp#27;[38;5;32m[AndroidUiautomator2Driver@2d54 (cd7ab2dd)]&amp#27;[0m     at AndroidUiautomator2Driver.findElOrElsWithProcessing (C:\Users\alokpandey02\AppData\Roaming\npm\node_modules\appium\node_modules\@appium\base-driver\lib\basedriver\commands\find.ts:60:12)
&amp#27;[38;5;32m[AndroidUiautomator2Driver@2d54 (cd7ab2dd)]&amp#27;[0m     at AndroidUiautomator2Driver.findElement (C:\Users\alokpandey02\AppData\Roaming\npm\node_modules\appium\node_modules\@appium\base-driver\lib\basedriver\commands\find.ts:75:12)
&amp#27;[38;5;0m[HTTP]&amp#27;[0m &amp#27;[37m<-- POST /session/cd7ab2dd-04fc-47d1-8d89-4fb5a4eb76e3/element &amp#27;[39m&amp#27;[33m404&amp#27;[39m &amp#27;[90m93 ms - 911&amp#27;[39m
&amp#27;[38;5;0m[HTTP]&amp#27;[0m &amp#27;[90m&amp#27;[39m
&amp#27;[38;5;0m[HTTP]&amp#27;[0m &amp#27;[37m-->&amp#27;[39m &amp#27;[37mPOST&amp#27;[39m &amp#27;[37m/session/cd7ab2dd-04fc-47d1-8d89-4fb5a4eb76e3/element&amp#27;[39m
&amp#27;[38;5;0m[HTTP]&amp#27;[0m &amp#27;[90m{"value":"//android.widget.Toast[@text='Camera']","using":"xpath"}&amp#27;[39m
&amp#27;[38;5;32m[AndroidUiautomator2Driver@2d54 (cd7ab2dd)]&amp#27;[0m Calling AppiumDriver.findElement() with args: ["xpath","//android.widget.Toast[@text='Camera']","cd7ab2dd-04fc-47d1-8d89-4fb5a4eb76e3"]
&amp#27;[38;5;32m[AndroidUiautomator2Driver@2d54 (cd7ab2dd)]&amp#27;[0m Valid locator strategies for this request: xpath, id, class name, accessibility id, css selector, -android uiautomator
&amp#27;[38;5;32m[AndroidUiautomator2Driver@2d54 (cd7ab2dd)]&amp#27;[0m Waiting up to 0 ms for condition
&amp#27;[38;5;32m[AndroidUiautomator2Driver@2d54 (cd7ab2dd)]&amp#27;[0m Matched '/element' to command name 'findElement'
&amp#27;[38;5;32m[AndroidUiautomator2Driver@2d54 (cd7ab2dd)]&amp#27;[0m Proxying [POST /element] to [POST http://127.0.0.1:8200/session/9ac5a066-2f78-4c2b-95ee-ea9144b73a2c/element] with body: {"strategy":"xpath","selector":"//android.widget.Toast[@text='Camera']","context":"","multiple":false}
&amp#27;[38;5;32m[AndroidUiautomator2Driver@2d54 (cd7ab2dd)]&amp#27;[0m Got response with status 404: {"sessionId":"9ac5a066-2f78-4c2b-95ee-ea9144b73a2c","value":{"error":"no such element","message":"An element could not be located on the page using the given search parameters","stacktrace":"io.appium.uiautomator2.common.exceptions.ElementNotFoundException: An element could not be located on the page using the given search parameters\n\tat io.appium.uiautomator2.utils.ElementLocationHelpers.findElement(ElementLocationHelpers.java:156)\n\tat io.appium.uiautomator2.handler.FindElement.safeHandle(FindElement.java:60)\n\tat io.appium.uiautomator2.handler.request.SafeRequestHandler.handle(SafeRequestHandler.java:59)\n\tat io.appium.uiautomator2.server.AppiumServlet.handleRequest(AppiumServlet.java:259)\n\tat io.appium.uiautomator2.server.AppiumServlet.handleHttpRequest(AppiumServlet.java:253)\n\tat io.appium.uiautomator2.http.ServerHandler.channelRead(ServerHandler.java:77)\n\tat io.netty.channel.AbstractChannelHandlerContext.invokeChannelRead(AbstractChannelHandlerContext.java:366)\n\tat io.netty.channel.Abstr...
&amp#27;[38;5;128m[W3C]&amp#27;[0m Matched W3C error code 'no such element' to NoSuchElementError
&amp#27;[38;5;32m[AndroidUiautomator2Driver@2d54 (cd7ab2dd)]&amp#27;[0m Encountered internal error running command: NoSuchElementError: An element could not be located on the page using the given search parameters.
&amp#27;[38;5;32m[AndroidUiautomator2Driver@2d54 (cd7ab2dd)]&amp#27;[0m     at AndroidUiautomator2Driver.findElOrEls (C:\Users\alokpandey02\.appium\node_modules\appium-uiautomator2-driver\node_modules\appium-android-driver\lib\commands\find.ts:86:11)
&amp#27;[38;5;32m[AndroidUiautomator2Driver@2d54 (cd7ab2dd)]&amp#27;[0m     at processTicksAndRejections (node:internal/process/task_queues:95:5)
&amp#27;[38;5;32m[AndroidUiautomator2Driver@2d54 (cd7ab2dd)]&amp#27;[0m     at AndroidUiautomator2Driver.findElOrElsWithProcessing (C:\Users\alokpandey02\AppData\Roaming\npm\node_modules\appium\node_modules\@appium\base-driver\lib\basedriver\commands\find.ts:60:12)
&amp#27;[38;5;32m[AndroidUiautomator2Driver@2d54 (cd7ab2dd)]&amp#27;[0m     at AndroidUiautomator2Driver.findElement (C:\Users\alokpandey02\AppData\Roaming\npm\node_modules\appium\node_modules\@appium\base-driver\lib\basedriver\commands\find.ts:75:12)
&amp#27;[38;5;0m[HTTP]&amp#27;[0m &amp#27;[37m<-- POST /session/cd7ab2dd-04fc-47d1-8d89-4fb5a4eb76e3/element &amp#27;[39m&amp#27;[33m404&amp#27;[39m &amp#27;[90m69 ms - 911&amp#27;[39m
&amp#27;[38;5;0m[HTTP]&amp#27;[0m &amp#27;[90m&amp#27;[39m
&amp#27;[38;5;0m[HTTP]&amp#27;[0m &amp#27;[37m-->&amp#27;[39m &amp#27;[37mPOST&amp#27;[39m &amp#27;[37m/session/cd7ab2dd-04fc-47d1-8d89-4fb5a4eb76e3/element&amp#27;[39m
&amp#27;[38;5;0m[HTTP]&amp#27;[0m &amp#27;[90m{"value":"//android.widget.Toast[@text='Camera']","using":"xpath"}&amp#27;[39m
&amp#27;[38;5;32m[AndroidUiautomator2Driver@2d54 (cd7ab2dd)]&amp#27;[0m Calling AppiumDriver.findElement() with args: ["xpath","//android.widget.Toast[@text='Camera']","cd7ab2dd-04fc-47d1-8d89-4fb5a4eb76e3"]
&amp#27;[38;5;32m[AndroidUiautomator2Driver@2d54 (cd7ab2dd)]&amp#27;[0m Valid locator strategies for this request: xpath, id, class name, accessibility id, css selector, -android uiautomator
&amp#27;[38;5;32m[AndroidUiautomator2Driver@2d54 (cd7ab2dd)]&amp#27;[0m Waiting up to 0 ms for condition
&amp#27;[38;5;32m[AndroidUiautomator2Driver@2d54 (cd7ab2dd)]&amp#27;[0m Matched '/element' to command name 'findElement'
&amp#27;[38;5;32m[AndroidUiautomator2Driver@2d54 (cd7ab2dd)]&amp#27;[0m Proxying [POST /element] to [POST http://127.0.0.1:8200/session/9ac5a066-2f78-4c2b-95ee-ea9144b73a2c/element] with body: {"strategy":"xpath","selector":"//android.widget.Toast[@text='Camera']","context":"","multiple":false}
&amp#27;[38;5;32m[AndroidUiautomator2Driver@2d54 (cd7ab2dd)]&amp#27;[0m Got response with status 404: {"sessionId":"9ac5a066-2f78-4c2b-95ee-ea9144b73a2c","value":{"error":"no such element","message":"An element could not be located on the page using the given search parameters","stacktrace":"io.appium.uiautomator2.common.exceptions.ElementNotFoundException: An element could not be located on the page using the given search parameters\n\tat io.appium.uiautomator2.utils.ElementLocationHelpers.findElement(ElementLocationHelpers.java:156)\n\tat io.appium.uiautomator2.handler.FindElement.safeHandle(FindElement.java:60)\n\tat io.appium.uiautomator2.handler.request.SafeRequestHandler.handle(SafeRequestHandler.java:59)\n\tat io.appium.uiautomator2.server.AppiumServlet.handleRequest(AppiumServlet.java:259)\n\tat io.appium.uiautomator2.server.AppiumServlet.handleHttpRequest(AppiumServlet.java:253)\n\tat io.appium.uiautomator2.http.ServerHandler.channelRead(ServerHandler.java:77)\n\tat io.netty.channel.AbstractChannelHandlerContext.invokeChannelRead(AbstractChannelHandlerContext.java:366)\n\tat io.netty.channel.Abstr...
&amp#27;[38;5;128m[W3C]&amp#27;[0m Matched W3C error code 'no such element' to NoSuchElementError
&amp#27;[38;5;32m[AndroidUiautomator2Driver@2d54 (cd7ab2dd)]&amp#27;[0m Encountered internal error running command: NoSuchElementError: An element could not be located on the page using the given search parameters.
&amp#27;[38;5;32m[AndroidUiautomator2Driver@2d54 (cd7ab2dd)]&amp#27;[0m     at AndroidUiautomator2Driver.findElOrEls (C:\Users\alokpandey02\.appium\node_modules\appium-uiautomator2-driver\node_modules\appium-android-driver\lib\commands\find.ts:86:11)
&amp#27;[38;5;32m[AndroidUiautomator2Driver@2d54 (cd7ab2dd)]&amp#27;[0m     at processTicksAndRejections (node:internal/process/task_queues:95:5)
&amp#27;[38;5;32m[AndroidUiautomator2Driver@2d54 (cd7ab2dd)]&amp#27;[0m     at AndroidUiautomator2Driver.findElOrElsWithProcessing (C:\Users\alokpandey02\AppData\Roaming\npm\node_modules\appium\node_modules\@appium\base-driver\lib\basedriver\commands\find.ts:60:12)
&amp#27;[38;5;32m[AndroidUiautomator2Driver@2d54 (cd7ab2dd)]&amp#27;[0m     at AndroidUiautomator2Driver.findElement (C:\Users\alokpandey02\AppData\Roaming\npm\node_modules\appium\node_modules\@appium\base-driver\lib\basedriver\commands\find.ts:75:12)
&amp#27;[38;5;0m[HTTP]&amp#27;[0m &amp#27;[37m<-- POST /session/cd7ab2dd-04fc-47d1-8d89-4fb5a4eb76e3/element &amp#27;[39m&amp#27;[33m404&amp#27;[39m &amp#27;[90m83 ms - 911&amp#27;[39m
&amp#27;[38;5;0m[HTTP]&amp#27;[0m &amp#27;[90m&amp#27;[39m
&amp#27;[38;5;0m[HTTP]&amp#27;[0m &amp#27;[37m-->&amp#27;[39m &amp#27;[37mPOST&amp#27;[39m &amp#27;[37m/session/cd7ab2dd-04fc-47d1-8d89-4fb5a4eb76e3/element&amp#27;[39m
&amp#27;[38;5;0m[HTTP]&amp#27;[0m &amp#27;[90m{"value":"//android.widget.Toast[@text='Camera']","using":"xpath"}&amp#27;[39m
&amp#27;[38;5;32m[AndroidUiautomator2Driver@2d54 (cd7ab2dd)]&amp#27;[0m Calling AppiumDriver.findElement() with args: ["xpath","//android.widget.Toast[@text='Camera']","cd7ab2dd-04fc-47d1-8d89-4fb5a4eb76e3"]
&amp#27;[38;5;32m[AndroidUiautomator2Driver@2d54 (cd7ab2dd)]&amp#27;[0m Valid locator strategies for this request: xpath, id, class name, accessibility id, css selector, -android uiautomator
&amp#27;[38;5;32m[AndroidUiautomator2Driver@2d54 (cd7ab2dd)]&amp#27;[0m Waiting up to 0 ms for condition
&amp#27;[38;5;32m[AndroidUiautomator2Driver@2d54 (cd7ab2dd)]&amp#27;[0m Matched '/element' to command name 'findElement'
&amp#27;[38;5;32m[AndroidUiautomator2Driver@2d54 (cd7ab2dd)]&amp#27;[0m Proxying [POST /element] to [POST http://127.0.0.1:8200/session/9ac5a066-2f78-4c2b-95ee-ea9144b73a2c/element] with body: {"strategy":"xpath","selector":"//android.widget.Toast[@text='Camera']","context":"","multiple":false}
&amp#27;[38;5;32m[AndroidUiautomator2Driver@2d54 (cd7ab2dd)]&amp#27;[0m Got response with status 404: {"sessionId":"9ac5a066-2f78-4c2b-95ee-ea9144b73a2c","value":{"error":"no such element","message":"An element could not be located on the page using the given search parameters","stacktrace":"io.appium.uiautomator2.common.exceptions.ElementNotFoundException: An element could not be located on the page using the given search parameters\n\tat io.appium.uiautomator2.utils.ElementLocationHelpers.findElement(ElementLocationHelpers.java:156)\n\tat io.appium.uiautomator2.handler.FindElement.safeHandle(FindElement.java:60)\n\tat io.appium.uiautomator2.handler.request.SafeRequestHandler.handle(SafeRequestHandler.java:59)\n\tat io.appium.uiautomator2.server.AppiumServlet.handleRequest(AppiumServlet.java:259)\n\tat io.appium.uiautomator2.server.AppiumServlet.handleHttpRequest(AppiumServlet.java:253)\n\tat io.appium.uiautomator2.http.ServerHandler.channelRead(ServerHandler.java:77)\n\tat io.netty.channel.AbstractChannelHandlerContext.invokeChannelRead(AbstractChannelHandlerContext.java:366)\n\tat io.netty.channel.Abstr...
&amp#27;[38;5;128m[W3C]&amp#27;[0m Matched W3C error code 'no such element' to NoSuchElementError
&amp#27;[38;5;32m[AndroidUiautomator2Driver@2d54 (cd7ab2dd)]&amp#27;[0m Encountered internal error running command: NoSuchElementError: An element could not be located on the page using the given search parameters.
&amp#27;[38;5;32m[AndroidUiautomator2Driver@2d54 (cd7ab2dd)]&amp#27;[0m     at AndroidUiautomator2Driver.findElOrEls (C:\Users\alokpandey02\.appium\node_modules\appium-uiautomator2-driver\node_modules\appium-android-driver\lib\commands\find.ts:86:11)
&amp#27;[38;5;32m[AndroidUiautomator2Driver@2d54 (cd7ab2dd)]&amp#27;[0m     at processTicksAndRejections (node:internal/process/task_queues:95:5)
&amp#27;[38;5;32m[AndroidUiautomator2Driver@2d54 (cd7ab2dd)]&amp#27;[0m     at AndroidUiautomator2Driver.findElOrElsWithProcessing (C:\Users\alokpandey02\AppData\Roaming\npm\node_modules\appium\node_modules\@appium\base-driver\lib\basedriver\commands\find.ts:60:12)
&amp#27;[38;5;32m[AndroidUiautomator2Driver@2d54 (cd7ab2dd)]&amp#27;[0m     at AndroidUiautomator2Driver.findElement (C:\Users\alokpandey02\AppData\Roaming\npm\node_modules\appium\node_modules\@appium\base-driver\lib\basedriver\commands\find.ts:75:12)
&amp#27;[38;5;0m[HTTP]&amp#27;[0m &amp#27;[37m<-- POST /session/cd7ab2dd-04fc-47d1-8d89-4fb5a4eb76e3/element &amp#27;[39m&amp#27;[33m404&amp#27;[39m &amp#27;[90m60 ms - 911&amp#27;[39m
&amp#27;[38;5;0m[HTTP]&amp#27;[0m &amp#27;[90m&amp#27;[39m
&amp#27;[38;5;0m[HTTP]&amp#27;[0m &amp#27;[37m-->&amp#27;[39m &amp#27;[37mPOST&amp#27;[39m &amp#27;[37m/session/cd7ab2dd-04fc-47d1-8d89-4fb5a4eb76e3/element&amp#27;[39m
&amp#27;[38;5;0m[HTTP]&amp#27;[0m &amp#27;[90m{"value":"//android.widget.Toast[@text='Camera']","using":"xpath"}&amp#27;[39m
&amp#27;[38;5;32m[AndroidUiautomator2Driver@2d54 (cd7ab2dd)]&amp#27;[0m Calling AppiumDriver.findElement() with args: ["xpath","//android.widget.Toast[@text='Camera']","cd7ab2dd-04fc-47d1-8d89-4fb5a4eb76e3"]
&amp#27;[38;5;32m[AndroidUiautomator2Driver@2d54 (cd7ab2dd)]&amp#27;[0m Valid locator strategies for this request: xpath, id, class name, accessibility id, css selector, -android uiautomator
&amp#27;[38;5;32m[AndroidUiautomator2Driver@2d54 (cd7ab2dd)]&amp#27;[0m Waiting up to 0 ms for condition
&amp#27;[38;5;32m[AndroidUiautomator2Driver@2d54 (cd7ab2dd)]&amp#27;[0m Matched '/element' to command name 'findElement'
&amp#27;[38;5;32m[AndroidUiautomator2Driver@2d54 (cd7ab2dd)]&amp#27;[0m Proxying [POST /element] to [POST http://127.0.0.1:8200/session/9ac5a066-2f78-4c2b-95ee-ea9144b73a2c/element] with body: {"strategy":"xpath","selector":"//android.widget.Toast[@text='Camera']","context":"","multiple":false}
&amp#27;[38;5;32m[AndroidUiautomator2Driver@2d54 (cd7ab2dd)]&amp#27;[0m Got response with status 404: {"sessionId":"9ac5a066-2f78-4c2b-95ee-ea9144b73a2c","value":{"error":"no such element","message":"An element could not be located on the page using the given search parameters","stacktrace":"io.appium.uiautomator2.common.exceptions.ElementNotFoundException: An element could not be located on the page using the given search parameters\n\tat io.appium.uiautomator2.utils.ElementLocationHelpers.findElement(ElementLocationHelpers.java:156)\n\tat io.appium.uiautomator2.handler.FindElement.safeHandle(FindElement.java:60)\n\tat io.appium.uiautomator2.handler.request.SafeRequestHandler.handle(SafeRequestHandler.java:59)\n\tat io.appium.uiautomator2.server.AppiumServlet.handleRequest(AppiumServlet.java:259)\n\tat io.appium.uiautomator2.server.AppiumServlet.handleHttpRequest(AppiumServlet.java:253)\n\tat io.appium.uiautomator2.http.ServerHandler.channelRead(ServerHandler.java:77)\n\tat io.netty.channel.AbstractChannelHandlerContext.invokeChannelRead(AbstractChannelHandlerContext.java:366)\n\tat io.netty.channel.Abstr...
&amp#27;[38;5;128m[W3C]&amp#27;[0m Matched W3C error code 'no such element' to NoSuchElementError
&amp#27;[38;5;32m[AndroidUiautomator2Driver@2d54 (cd7ab2dd)]&amp#27;[0m Encountered internal error running command: NoSuchElementError: An element could not be located on the page using the given search parameters.
&amp#27;[38;5;32m[AndroidUiautomator2Driver@2d54 (cd7ab2dd)]&amp#27;[0m     at AndroidUiautomator2Driver.findElOrEls (C:\Users\alokpandey02\.appium\node_modules\appium-uiautomator2-driver\node_modules\appium-android-driver\lib\commands\find.ts:86:11)
&amp#27;[38;5;32m[AndroidUiautomator2Driver@2d54 (cd7ab2dd)]&amp#27;[0m     at processTicksAndRejections (node:internal/process/task_queues:95:5)
&amp#27;[38;5;32m[AndroidUiautomator2Driver@2d54 (cd7ab2dd)]&amp#27;[0m     at AndroidUiautomator2Driver.findElOrElsWithProcessing (C:\Users\alokpandey02\AppData\Roaming\npm\node_modules\appium\node_modules\@appium\base-driver\lib\basedriver\commands\find.ts:60:12)
&amp#27;[38;5;32m[AndroidUiautomator2Driver@2d54 (cd7ab2dd)]&amp#27;[0m     at AndroidUiautomator2Driver.findElement (C:\Users\alokpandey02\AppData\Roaming\npm\node_modules\appium\node_modules\@appium\base-driver\lib\basedriver\commands\find.ts:75:12)
&amp#27;[38;5;0m[HTTP]&amp#27;[0m &amp#27;[37m<-- POST /session/cd7ab2dd-04fc-47d1-8d89-4fb5a4eb76e3/element &amp#27;[39m&amp#27;[33m404&amp#27;[39m &amp#27;[90m81 ms - 911&amp#27;[39m
&amp#27;[38;5;0m[HTTP]&amp#27;[0m &amp#27;[90m&amp#27;[39m
&amp#27;[38;5;0m[HTTP]&amp#27;[0m &amp#27;[37m-->&amp#27;[39m &amp#27;[37mPOST&amp#27;[39m &amp#27;[37m/session/cd7ab2dd-04fc-47d1-8d89-4fb5a4eb76e3/element&amp#27;[39m
&amp#27;[38;5;0m[HTTP]&amp#27;[0m &amp#27;[90m{"value":"//android.widget.Toast[@text='Camera']","using":"xpath"}&amp#27;[39m
&amp#27;[38;5;32m[AndroidUiautomator2Driver@2d54 (cd7ab2dd)]&amp#27;[0m Calling AppiumDriver.findElement() with args: ["xpath","//android.widget.Toast[@text='Camera']","cd7ab2dd-04fc-47d1-8d89-4fb5a4eb76e3"]
&amp#27;[38;5;32m[AndroidUiautomator2Driver@2d54 (cd7ab2dd)]&amp#27;[0m Valid locator strategies for this request: xpath, id, class name, accessibility id, css selector, -android uiautomator
&amp#27;[38;5;32m[AndroidUiautomator2Driver@2d54 (cd7ab2dd)]&amp#27;[0m Waiting up to 0 ms for condition
&amp#27;[38;5;32m[AndroidUiautomator2Driver@2d54 (cd7ab2dd)]&amp#27;[0m Matched '/element' to command name 'findElement'
&amp#27;[38;5;32m[AndroidUiautomator2Driver@2d54 (cd7ab2dd)]&amp#27;[0m Proxying [POST /element] to [POST http://127.0.0.1:8200/session/9ac5a066-2f78-4c2b-95ee-ea9144b73a2c/element] with body: {"strategy":"xpath","selector":"//android.widget.Toast[@text='Camera']","context":"","multiple":false}
&amp#27;[38;5;32m[AndroidUiautomator2Driver@2d54 (cd7ab2dd)]&amp#27;[0m Got response with status 404: {"sessionId":"9ac5a066-2f78-4c2b-95ee-ea9144b73a2c","value":{"error":"no such element","message":"An element could not be located on the page using the given search parameters","stacktrace":"io.appium.uiautomator2.common.exceptions.ElementNotFoundException: An element could not be located on the page using the given search parameters\n\tat io.appium.uiautomator2.utils.ElementLocationHelpers.findElement(ElementLocationHelpers.java:156)\n\tat io.appium.uiautomator2.handler.FindElement.safeHandle(FindElement.java:60)\n\tat io.appium.uiautomator2.handler.request.SafeRequestHandler.handle(SafeRequestHandler.java:59)\n\tat io.appium.uiautomator2.server.AppiumServlet.handleRequest(AppiumServlet.java:259)\n\tat io.appium.uiautomator2.server.AppiumServlet.handleHttpRequest(AppiumServlet.java:253)\n\tat io.appium.uiautomator2.http.ServerHandler.channelRead(ServerHandler.java:77)\n\tat io.netty.channel.AbstractChannelHandlerContext.invokeChannelRead(AbstractChannelHandlerContext.java:366)\n\tat io.netty.channel.Abstr...
&amp#27;[38;5;128m[W3C]&amp#27;[0m Matched W3C error code 'no such element' to NoSuchElementError
&amp#27;[38;5;32m[AndroidUiautomator2Driver@2d54 (cd7ab2dd)]&amp#27;[0m Encountered internal error running command: NoSuchElementError: An element could not be located on the page using the given search parameters.
&amp#27;[38;5;32m[AndroidUiautomator2Driver@2d54 (cd7ab2dd)]&amp#27;[0m     at AndroidUiautomator2Driver.findElOrEls (C:\Users\alokpandey02\.appium\node_modules\appium-uiautomator2-driver\node_modules\appium-android-driver\lib\commands\find.ts:86:11)
&amp#27;[38;5;32m[AndroidUiautomator2Driver@2d54 (cd7ab2dd)]&amp#27;[0m     at processTicksAndRejections (node:internal/process/task_queues:95:5)
&amp#27;[38;5;32m[AndroidUiautomator2Driver@2d54 (cd7ab2dd)]&amp#27;[0m     at AndroidUiautomator2Driver.findElOrElsWithProcessing (C:\Users\alokpandey02\AppData\Roaming\npm\node_modules\appium\node_modules\@appium\base-driver\lib\basedriver\commands\find.ts:60:12)
&amp#27;[38;5;32m[AndroidUiautomator2Driver@2d54 (cd7ab2dd)]&amp#27;[0m     at AndroidUiautomator2Driver.findElement (C:\Users\alokpandey02\AppData\Roaming\npm\node_modules\appium\node_modules\@appium\base-driver\lib\basedriver\commands\find.ts:75:12)
&amp#27;[38;5;0m[HTTP]&amp#27;[0m &amp#27;[37m<-- POST /session/cd7ab2dd-04fc-47d1-8d89-4fb5a4eb76e3/element &amp#27;[39m&amp#27;[33m404&amp#27;[39m &amp#27;[90m46 ms - 911&amp#27;[39m
&amp#27;[38;5;0m[HTTP]&amp#27;[0m &amp#27;[90m&amp#27;[39m
&amp#27;[38;5;0m[HTTP]&amp#27;[0m &amp#27;[37m-->&amp#27;[39m &amp#27;[37mPOST&amp#27;[39m &amp#27;[37m/session/cd7ab2dd-04fc-47d1-8d89-4fb5a4eb76e3/element&amp#27;[39m
&amp#27;[38;5;0m[HTTP]&amp#27;[0m &amp#27;[90m{"value":"//android.widget.Toast[@text='Camera']","using":"xpath"}&amp#27;[39m
&amp#27;[38;5;32m[AndroidUiautomator2Driver@2d54 (cd7ab2dd)]&amp#27;[0m Calling AppiumDriver.findElement() with args: ["xpath","//android.widget.Toast[@text='Camera']","cd7ab2dd-04fc-47d1-8d89-4fb5a4eb76e3"]
&amp#27;[38;5;32m[AndroidUiautomator2Driver@2d54 (cd7ab2dd)]&amp#27;[0m Valid locator strategies for this request: xpath, id, class name, accessibility id, css selector, -android uiautomator
&amp#27;[38;5;32m[AndroidUiautomator2Driver@2d54 (cd7ab2dd)]&amp#27;[0m Waiting up to 0 ms for condition
&amp#27;[38;5;32m[AndroidUiautomator2Driver@2d54 (cd7ab2dd)]&amp#27;[0m Matched '/element' to command name 'findElement'
&amp#27;[38;5;32m[AndroidUiautomator2Driver@2d54 (cd7ab2dd)]&amp#27;[0m Proxying [POST /element] to [POST http://127.0.0.1:8200/session/9ac5a066-2f78-4c2b-95ee-ea9144b73a2c/element] with body: {"strategy":"xpath","selector":"//android.widget.Toast[@text='Camera']","context":"","multiple":false}
&amp#27;[38;5;32m[AndroidUiautomator2Driver@2d54 (cd7ab2dd)]&amp#27;[0m Got response with status 404: {"sessionId":"9ac5a066-2f78-4c2b-95ee-ea9144b73a2c","value":{"error":"no such element","message":"An element could not be located on the page using the given search parameters","stacktrace":"io.appium.uiautomator2.common.exceptions.ElementNotFoundException: An element could not be located on the page using the given search parameters\n\tat io.appium.uiautomator2.utils.ElementLocationHelpers.findElement(ElementLocationHelpers.java:156)\n\tat io.appium.uiautomator2.handler.FindElement.safeHandle(FindElement.java:60)\n\tat io.appium.uiautomator2.handler.request.SafeRequestHandler.handle(SafeRequestHandler.java:59)\n\tat io.appium.uiautomator2.server.AppiumServlet.handleRequest(AppiumServlet.java:259)\n\tat io.appium.uiautomator2.server.AppiumServlet.handleHttpRequest(AppiumServlet.java:253)\n\tat io.appium.uiautomator2.http.ServerHandler.channelRead(ServerHandler.java:77)\n\tat io.netty.channel.AbstractChannelHandlerContext.invokeChannelRead(AbstractChannelHandlerContext.java:366)\n\tat io.netty.channel.Abstr...
&amp#27;[38;5;128m[W3C]&amp#27;[0m Matched W3C error code 'no such element' to NoSuchElementError
&amp#27;[38;5;32m[AndroidUiautomator2Driver@2d54 (cd7ab2dd)]&amp#27;[0m Encountered internal error running command: NoSuchElementError: An element could not be located on the page using the given search parameters.
&amp#27;[38;5;32m[AndroidUiautomator2Driver@2d54 (cd7ab2dd)]&amp#27;[0m     at AndroidUiautomator2Driver.findElOrEls (C:\Users\alokpandey02\.appium\node_modules\appium-uiautomator2-driver\node_modules\appium-android-driver\lib\commands\find.ts:86:11)
&amp#27;[38;5;32m[AndroidUiautomator2Driver@2d54 (cd7ab2dd)]&amp#27;[0m     at processTicksAndRejections (node:internal/process/task_queues:95:5)
&amp#27;[38;5;32m[AndroidUiautomator2Driver@2d54 (cd7ab2dd)]&amp#27;[0m     at AndroidUiautomator2Driver.findElOrElsWithProcessing (C:\Users\alokpandey02\AppData\Roaming\npm\node_modules\appium\node_modules\@appium\base-driver\lib\basedriver\commands\find.ts:60:12)
&amp#27;[38;5;32m[AndroidUiautomator2Driver@2d54 (cd7ab2dd)]&amp#27;[0m     at AndroidUiautomator2Driver.findElement (C:\Users\alokpandey02\AppData\Roaming\npm\node_modules\appium\node_modules\@appium\base-driver\lib\basedriver\commands\find.ts:75:12)
&amp#27;[38;5;0m[HTTP]&amp#27;[0m &amp#27;[37m<-- POST /session/cd7ab2dd-04fc-47d1-8d89-4fb5a4eb76e3/element &amp#27;[39m&amp#27;[33m404&amp#27;[39m &amp#27;[90m90 ms - 911&amp#27;[39m
&amp#27;[38;5;0m[HTTP]&amp#27;[0m &amp#27;[90m&amp#27;[39m
&amp#27;[38;5;0m[HTTP]&amp#27;[0m &amp#27;[37m-->&amp#27;[39m &amp#27;[37mPOST&amp#27;[39m &amp#27;[37m/session/cd7ab2dd-04fc-47d1-8d89-4fb5a4eb76e3/element&amp#27;[39m
&amp#27;[38;5;0m[HTTP]&amp#27;[0m &amp#27;[90m{"value":"//android.widget.Toast[@text='Camera']","using":"xpath"}&amp#27;[39m
&amp#27;[38;5;32m[AndroidUiautomator2Driver@2d54 (cd7ab2dd)]&amp#27;[0m Calling AppiumDriver.findElement() with args: ["xpath","//android.widget.Toast[@text='Camera']","cd7ab2dd-04fc-47d1-8d89-4fb5a4eb76e3"]
&amp#27;[38;5;32m[AndroidUiautomator2Driver@2d54 (cd7ab2dd)]&amp#27;[0m Valid locator strategies for this request: xpath, id, class name, accessibility id, css selector, -android uiautomator
&amp#27;[38;5;32m[AndroidUiautomator2Driver@2d54 (cd7ab2dd)]&amp#27;[0m Waiting up to 0 ms for condition
&amp#27;[38;5;32m[AndroidUiautomator2Driver@2d54 (cd7ab2dd)]&amp#27;[0m Matched '/element' to command name 'findElement'
&amp#27;[38;5;32m[AndroidUiautomator2Driver@2d54 (cd7ab2dd)]&amp#27;[0m Proxying [POST /element] to [POST http://127.0.0.1:8200/session/9ac5a066-2f78-4c2b-95ee-ea9144b73a2c/element] with body: {"strategy":"xpath","selector":"//android.widget.Toast[@text='Camera']","context":"","multiple":false}
&amp#27;[38;5;32m[AndroidUiautomator2Driver@2d54 (cd7ab2dd)]&amp#27;[0m Got response with status 404: {"sessionId":"9ac5a066-2f78-4c2b-95ee-ea9144b73a2c","value":{"error":"no such element","message":"An element could not be located on the page using the given search parameters","stacktrace":"io.appium.uiautomator2.common.exceptions.ElementNotFoundException: An element could not be located on the page using the given search parameters\n\tat io.appium.uiautomator2.utils.ElementLocationHelpers.findElement(ElementLocationHelpers.java:156)\n\tat io.appium.uiautomator2.handler.FindElement.safeHandle(FindElement.java:60)\n\tat io.appium.uiautomator2.handler.request.SafeRequestHandler.handle(SafeRequestHandler.java:59)\n\tat io.appium.uiautomator2.server.AppiumServlet.handleRequest(AppiumServlet.java:259)\n\tat io.appium.uiautomator2.server.AppiumServlet.handleHttpRequest(AppiumServlet.java:253)\n\tat io.appium.uiautomator2.http.ServerHandler.channelRead(ServerHandler.java:77)\n\tat io.netty.channel.AbstractChannelHandlerContext.invokeChannelRead(AbstractChannelHandlerContext.java:366)\n\tat io.netty.channel.Abstr...
&amp#27;[38;5;128m[W3C]&amp#27;[0m Matched W3C error code 'no such element' to NoSuchElementError
&amp#27;[38;5;32m[AndroidUiautomator2Driver@2d54 (cd7ab2dd)]&amp#27;[0m Encountered internal error running command: NoSuchElementError: An element could not be located on the page using the given search parameters.
&amp#27;[38;5;32m[AndroidUiautomator2Driver@2d54 (cd7ab2dd)]&amp#27;[0m     at AndroidUiautomator2Driver.findElOrEls (C:\Users\alokpandey02\.appium\node_modules\appium-uiautomator2-driver\node_modules\appium-android-driver\lib\commands\find.ts:86:11)
&amp#27;[38;5;32m[AndroidUiautomator2Driver@2d54 (cd7ab2dd)]&amp#27;[0m     at processTicksAndRejections (node:internal/process/task_queues:95:5)
&amp#27;[38;5;32m[AndroidUiautomator2Driver@2d54 (cd7ab2dd)]&amp#27;[0m     at AndroidUiautomator2Driver.findElOrElsWithProcessing (C:\Users\alokpandey02\AppData\Roaming\npm\node_modules\appium\node_modules\@appium\base-driver\lib\basedriver\commands\find.ts:60:12)
&amp#27;[38;5;32m[AndroidUiautomator2Driver@2d54 (cd7ab2dd)]&amp#27;[0m     at AndroidUiautomator2Driver.findElement (C:\Users\alokpandey02\AppData\Roaming\npm\node_modules\appium\node_modules\@appium\base-driver\lib\basedriver\commands\find.ts:75:12)
&amp#27;[38;5;0m[HTTP]&amp#27;[0m &amp#27;[37m<-- POST /session/cd7ab2dd-04fc-47d1-8d89-4fb5a4eb76e3/element &amp#27;[39m&amp#27;[33m404&amp#27;[39m &amp#27;[90m54 ms - 911&amp#27;[39m
&amp#27;[38;5;0m[HTTP]&amp#27;[0m &amp#27;[90m&amp#27;[39m
&amp#27;[38;5;0m[HTTP]&amp#27;[0m &amp#27;[37m-->&amp#27;[39m &amp#27;[37mPOST&amp#27;[39m &amp#27;[37m/session/cd7ab2dd-04fc-47d1-8d89-4fb5a4eb76e3/element&amp#27;[39m
&amp#27;[38;5;0m[HTTP]&amp#27;[0m &amp#27;[90m{"value":"//android.widget.Toast[@text='Camera']","using":"xpath"}&amp#27;[39m
&amp#27;[38;5;32m[AndroidUiautomator2Driver@2d54 (cd7ab2dd)]&amp#27;[0m Calling AppiumDriver.findElement() with args: ["xpath","//android.widget.Toast[@text='Camera']","cd7ab2dd-04fc-47d1-8d89-4fb5a4eb76e3"]
&amp#27;[38;5;32m[AndroidUiautomator2Driver@2d54 (cd7ab2dd)]&amp#27;[0m Valid locator strategies for this request: xpath, id, class name, accessibility id, css selector, -android uiautomator
&amp#27;[38;5;32m[AndroidUiautomator2Driver@2d54 (cd7ab2dd)]&amp#27;[0m Waiting up to 0 ms for condition
&amp#27;[38;5;32m[AndroidUiautomator2Driver@2d54 (cd7ab2dd)]&amp#27;[0m Matched '/element' to command name 'findElement'
&amp#27;[38;5;32m[AndroidUiautomator2Driver@2d54 (cd7ab2dd)]&amp#27;[0m Proxying [POST /element] to [POST http://127.0.0.1:8200/session/9ac5a066-2f78-4c2b-95ee-ea9144b73a2c/element] with body: {"strategy":"xpath","selector":"//android.widget.Toast[@text='Camera']","context":"","multiple":false}
&amp#27;[38;5;32m[AndroidUiautomator2Driver@2d54 (cd7ab2dd)]&amp#27;[0m Got response with status 404: {"sessionId":"9ac5a066-2f78-4c2b-95ee-ea9144b73a2c","value":{"error":"no such element","message":"An element could not be located on the page using the given search parameters","stacktrace":"io.appium.uiautomator2.common.exceptions.ElementNotFoundException: An element could not be located on the page using the given search parameters\n\tat io.appium.uiautomator2.utils.ElementLocationHelpers.findElement(ElementLocationHelpers.java:156)\n\tat io.appium.uiautomator2.handler.FindElement.safeHandle(FindElement.java:60)\n\tat io.appium.uiautomator2.handler.request.SafeRequestHandler.handle(SafeRequestHandler.java:59)\n\tat io.appium.uiautomator2.server.AppiumServlet.handleRequest(AppiumServlet.java:259)\n\tat io.appium.uiautomator2.server.AppiumServlet.handleHttpRequest(AppiumServlet.java:253)\n\tat io.appium.uiautomator2.http.ServerHandler.channelRead(ServerHandler.java:77)\n\tat io.netty.channel.AbstractChannelHandlerContext.invokeChannelRead(AbstractChannelHandlerContext.java:366)\n\tat io.netty.channel.Abstr...
&amp#27;[38;5;128m[W3C]&amp#27;[0m Matched W3C error code 'no such element' to NoSuchElementError
&amp#27;[38;5;32m[AndroidUiautomator2Driver@2d54 (cd7ab2dd)]&amp#27;[0m Encountered internal error running command: NoSuchElementError: An element could not be located on the page using the given search parameters.
&amp#27;[38;5;32m[AndroidUiautomator2Driver@2d54 (cd7ab2dd)]&amp#27;[0m     at AndroidUiautomator2Driver.findElOrEls (C:\Users\alokpandey02\.appium\node_modules\appium-uiautomator2-driver\node_modules\appium-android-driver\lib\commands\find.ts:86:11)
&amp#27;[38;5;32m[AndroidUiautomator2Driver@2d54 (cd7ab2dd)]&amp#27;[0m     at processTicksAndRejections (node:internal/process/task_queues:95:5)
&amp#27;[38;5;32m[AndroidUiautomator2Driver@2d54 (cd7ab2dd)]&amp#27;[0m     at AndroidUiautomator2Driver.findElOrElsWithProcessing (C:\Users\alokpandey02\AppData\Roaming\npm\node_modules\appium\node_modules\@appium\base-driver\lib\basedriver\commands\find.ts:60:12)
&amp#27;[38;5;32m[AndroidUiautomator2Driver@2d54 (cd7ab2dd)]&amp#27;[0m     at AndroidUiautomator2Driver.findElement (C:\Users\alokpandey02\AppData\Roaming\npm\node_modules\appium\node_modules\@appium\base-driver\lib\basedriver\commands\find.ts:75:12)
&amp#27;[38;5;0m[HTTP]&amp#27;[0m &amp#27;[37m<-- POST /session/cd7ab2dd-04fc-47d1-8d89-4fb5a4eb76e3/element &amp#27;[39m&amp#27;[33m404&amp#27;[39m &amp#27;[90m68 ms - 911&amp#27;[39m
&amp#27;[38;5;0m[HTTP]&amp#27;[0m &amp#27;[90m&amp#27;[39m
&amp#27;[38;5;0m[HTTP]&amp#27;[0m &amp#27;[37m-->&amp#27;[39m &amp#27;[37mPOST&amp#27;[39m &amp#27;[37m/session/cd7ab2dd-04fc-47d1-8d89-4fb5a4eb76e3/element&amp#27;[39m
&amp#27;[38;5;0m[HTTP]&amp#27;[0m &amp#27;[90m{"value":"//android.widget.Toast[@text='Camera']","using":"xpath"}&amp#27;[39m
&amp#27;[38;5;32m[AndroidUiautomator2Driver@2d54 (cd7ab2dd)]&amp#27;[0m Calling AppiumDriver.findElement() with args: ["xpath","//android.widget.Toast[@text='Camera']","cd7ab2dd-04fc-47d1-8d89-4fb5a4eb76e3"]
&amp#27;[38;5;32m[AndroidUiautomator2Driver@2d54 (cd7ab2dd)]&amp#27;[0m Valid locator strategies for this request: xpath, id, class name, accessibility id, css selector, -android uiautomator
&amp#27;[38;5;32m[AndroidUiautomator2Driver@2d54 (cd7ab2dd)]&amp#27;[0m Waiting up to 0 ms for condition
&amp#27;[38;5;32m[AndroidUiautomator2Driver@2d54 (cd7ab2dd)]&amp#27;[0m Matched '/element' to command name 'findElement'
&amp#27;[38;5;32m[AndroidUiautomator2Driver@2d54 (cd7ab2dd)]&amp#27;[0m Proxying [POST /element] to [POST http://127.0.0.1:8200/session/9ac5a066-2f78-4c2b-95ee-ea9144b73a2c/element] with body: {"strategy":"xpath","selector":"//android.widget.Toast[@text='Camera']","context":"","multiple":false}
&amp#27;[38;5;32m[AndroidUiautomator2Driver@2d54 (cd7ab2dd)]&amp#27;[0m Got response with status 404: {"sessionId":"9ac5a066-2f78-4c2b-95ee-ea9144b73a2c","value":{"error":"no such element","message":"An element could not be located on the page using the given search parameters","stacktrace":"io.appium.uiautomator2.common.exceptions.ElementNotFoundException: An element could not be located on the page using the given search parameters\n\tat io.appium.uiautomator2.utils.ElementLocationHelpers.findElement(ElementLocationHelpers.java:156)\n\tat io.appium.uiautomator2.handler.FindElement.safeHandle(FindElement.java:60)\n\tat io.appium.uiautomator2.handler.request.SafeRequestHandler.handle(SafeRequestHandler.java:59)\n\tat io.appium.uiautomator2.server.AppiumServlet.handleRequest(AppiumServlet.java:259)\n\tat io.appium.uiautomator2.server.AppiumServlet.handleHttpRequest(AppiumServlet.java:253)\n\tat io.appium.uiautomator2.http.ServerHandler.channelRead(ServerHandler.java:77)\n\tat io.netty.channel.AbstractChannelHandlerContext.invokeChannelRead(AbstractChannelHandlerContext.java:366)\n\tat io.netty.channel.Abstr...
&amp#27;[38;5;128m[W3C]&amp#27;[0m Matched W3C error code 'no such element' to NoSuchElementError
&amp#27;[38;5;32m[AndroidUiautomator2Driver@2d54 (cd7ab2dd)]&amp#27;[0m Encountered internal error running command: NoSuchElementError: An element could not be located on the page using the given search parameters.
&amp#27;[38;5;32m[AndroidUiautomator2Driver@2d54 (cd7ab2dd)]&amp#27;[0m     at AndroidUiautomator2Driver.findElOrEls (C:\Users\alokpandey02\.appium\node_modules\appium-uiautomator2-driver\node_modules\appium-android-driver\lib\commands\find.ts:86:11)
&amp#27;[38;5;32m[AndroidUiautomator2Driver@2d54 (cd7ab2dd)]&amp#27;[0m     at processTicksAndRejections (node:internal/process/task_queues:95:5)
&amp#27;[38;5;32m[AndroidUiautomator2Driver@2d54 (cd7ab2dd)]&amp#27;[0m     at AndroidUiautomator2Driver.findElOrElsWithProcessing (C:\Users\alokpandey02\AppData\Roaming\npm\node_modules\appium\node_modules\@appium\base-driver\lib\basedriver\commands\find.ts:60:12)
&amp#27;[38;5;32m[AndroidUiautomator2Driver@2d54 (cd7ab2dd)]&amp#27;[0m     at AndroidUiautomator2Driver.findElement (C:\Users\alokpandey02\AppData\Roaming\npm\node_modules\appium\node_modules\@appium\base-driver\lib\basedriver\commands\find.ts:75:12)
&amp#27;[38;5;0m[HTTP]&amp#27;[0m &amp#27;[37m<-- POST /session/cd7ab2dd-04fc-47d1-8d89-4fb5a4eb76e3/element &amp#27;[39m&amp#27;[33m404&amp#27;[39m &amp#27;[90m315 ms - 911&amp#27;[39m
&amp#27;[38;5;0m[HTTP]&amp#27;[0m &amp#27;[90m&amp#27;[39m
&amp#27;[38;5;0m[HTTP]&amp#27;[0m &amp#27;[37m-->&amp#27;[39m &amp#27;[37mPOST&amp#27;[39m &amp#27;[37m/session/cd7ab2dd-04fc-47d1-8d89-4fb5a4eb76e3/element&amp#27;[39m
&amp#27;[38;5;0m[HTTP]&amp#27;[0m &amp#27;[90m{"value":"//android.widget.Toast[@text='Camera']","using":"xpath"}&amp#27;[39m
&amp#27;[38;5;32m[AndroidUiautomator2Driver@2d54 (cd7ab2dd)]&amp#27;[0m Calling AppiumDriver.findElement() with args: ["xpath","//android.widget.Toast[@text='Camera']","cd7ab2dd-04fc-47d1-8d89-4fb5a4eb76e3"]
&amp#27;[38;5;32m[AndroidUiautomator2Driver@2d54 (cd7ab2dd)]&amp#27;[0m Valid locator strategies for this request: xpath, id, class name, accessibility id, css selector, -android uiautomator
&amp#27;[38;5;32m[AndroidUiautomator2Driver@2d54 (cd7ab2dd)]&amp#27;[0m Waiting up to 0 ms for condition
&amp#27;[38;5;32m[AndroidUiautomator2Driver@2d54 (cd7ab2dd)]&amp#27;[0m Matched '/element' to command name 'findElement'
&amp#27;[38;5;32m[AndroidUiautomator2Driver@2d54 (cd7ab2dd)]&amp#27;[0m Proxying [POST /element] to [POST http://127.0.0.1:8200/session/9ac5a066-2f78-4c2b-95ee-ea9144b73a2c/element] with body: {"strategy":"xpath","selector":"//android.widget.Toast[@text='Camera']","context":"","multiple":false}
&amp#27;[38;5;32m[AndroidUiautomator2Driver@2d54 (cd7ab2dd)]&amp#27;[0m Got response with status 404: {"sessionId":"9ac5a066-2f78-4c2b-95ee-ea9144b73a2c","value":{"error":"no such element","message":"An element could not be located on the page using the given search parameters","stacktrace":"io.appium.uiautomator2.common.exceptions.ElementNotFoundException: An element could not be located on the page using the given search parameters\n\tat io.appium.uiautomator2.utils.ElementLocationHelpers.findElement(ElementLocationHelpers.java:156)\n\tat io.appium.uiautomator2.handler.FindElement.safeHandle(FindElement.java:60)\n\tat io.appium.uiautomator2.handler.request.SafeRequestHandler.handle(SafeRequestHandler.java:59)\n\tat io.appium.uiautomator2.server.AppiumServlet.handleRequest(AppiumServlet.java:259)\n\tat io.appium.uiautomator2.server.AppiumServlet.handleHttpRequest(AppiumServlet.java:253)\n\tat io.appium.uiautomator2.http.ServerHandler.channelRead(ServerHandler.java:77)\n\tat io.netty.channel.AbstractChannelHandlerContext.invokeChannelRead(AbstractChannelHandlerContext.java:366)\n\tat io.netty.channel.Abstr...
&amp#27;[38;5;128m[W3C]&amp#27;[0m Matched W3C error code 'no such element' to NoSuchElementError
&amp#27;[38;5;32m[AndroidUiautomator2Driver@2d54 (cd7ab2dd)]&amp#27;[0m Encountered internal error running command: NoSuchElementError: An element could not be located on the page using the given search parameters.
&amp#27;[38;5;32m[AndroidUiautomator2Driver@2d54 (cd7ab2dd)]&amp#27;[0m     at AndroidUiautomator2Driver.findElOrEls (C:\Users\alokpandey02\.appium\node_modules\appium-uiautomator2-driver\node_modules\appium-android-driver\lib\commands\find.ts:86:11)
&amp#27;[38;5;32m[AndroidUiautomator2Driver@2d54 (cd7ab2dd)]&amp#27;[0m     at processTicksAndRejections (node:internal/process/task_queues:95:5)
&amp#27;[38;5;32m[AndroidUiautomator2Driver@2d54 (cd7ab2dd)]&amp#27;[0m     at AndroidUiautomator2Driver.findElOrElsWithProcessing (C:\Users\alokpandey02\AppData\Roaming\npm\node_modules\appium\node_modules\@appium\base-driver\lib\basedriver\commands\find.ts:60:12)
&amp#27;[38;5;32m[AndroidUiautomator2Driver@2d54 (cd7ab2dd)]&amp#27;[0m     at AndroidUiautomator2Driver.findElement (C:\Users\alokpandey02\AppData\Roaming\npm\node_modules\appium\node_modules\@appium\base-driver\lib\basedriver\commands\find.ts:75:12)
&amp#27;[38;5;0m[HTTP]&amp#27;[0m &amp#27;[37m<-- POST /session/cd7ab2dd-04fc-47d1-8d89-4fb5a4eb76e3/element &amp#27;[39m&amp#27;[33m404&amp#27;[39m &amp#27;[90m40 ms - 911&amp#27;[39m
&amp#27;[38;5;0m[HTTP]&amp#27;[0m &amp#27;[90m&amp#27;[39m
&amp#27;[38;5;0m[HTTP]&amp#27;[0m &amp#27;[37m-->&amp#27;[39m &amp#27;[37mPOST&amp#27;[39m &amp#27;[37m/session/cd7ab2dd-04fc-47d1-8d89-4fb5a4eb76e3/element&amp#27;[39m
&amp#27;[38;5;0m[HTTP]&amp#27;[0m &amp#27;[90m{"value":"//android.widget.Toast[@text='Camera']","using":"xpath"}&amp#27;[39m
&amp#27;[38;5;32m[AndroidUiautomator2Driver@2d54 (cd7ab2dd)]&amp#27;[0m Calling AppiumDriver.findElement() with args: ["xpath","//android.widget.Toast[@text='Camera']","cd7ab2dd-04fc-47d1-8d89-4fb5a4eb76e3"]
&amp#27;[38;5;32m[AndroidUiautomator2Driver@2d54 (cd7ab2dd)]&amp#27;[0m Valid locator strategies for this request: xpath, id, class name, accessibility id, css selector, -android uiautomator
&amp#27;[38;5;32m[AndroidUiautomator2Driver@2d54 (cd7ab2dd)]&amp#27;[0m Waiting up to 0 ms for condition
&amp#27;[38;5;32m[AndroidUiautomator2Driver@2d54 (cd7ab2dd)]&amp#27;[0m Matched '/element' to command name 'findElement'
&amp#27;[38;5;32m[AndroidUiautomator2Driver@2d54 (cd7ab2dd)]&amp#27;[0m Proxying [POST /element] to [POST http://127.0.0.1:8200/session/9ac5a066-2f78-4c2b-95ee-ea9144b73a2c/element] with body: {"strategy":"xpath","selector":"//android.widget.Toast[@text='Camera']","context":"","multiple":false}
&amp#27;[38;5;32m[AndroidUiautomator2Driver@2d54 (cd7ab2dd)]&amp#27;[0m Got response with status 404: {"sessionId":"9ac5a066-2f78-4c2b-95ee-ea9144b73a2c","value":{"error":"no such element","message":"An element could not be located on the page using the given search parameters","stacktrace":"io.appium.uiautomator2.common.exceptions.ElementNotFoundException: An element could not be located on the page using the given search parameters\n\tat io.appium.uiautomator2.utils.ElementLocationHelpers.findElement(ElementLocationHelpers.java:156)\n\tat io.appium.uiautomator2.handler.FindElement.safeHandle(FindElement.java:60)\n\tat io.appium.uiautomator2.handler.request.SafeRequestHandler.handle(SafeRequestHandler.java:59)\n\tat io.appium.uiautomator2.server.AppiumServlet.handleRequest(AppiumServlet.java:259)\n\tat io.appium.uiautomator2.server.AppiumServlet.handleHttpRequest(AppiumServlet.java:253)\n\tat io.appium.uiautomator2.http.ServerHandler.channelRead(ServerHandler.java:77)\n\tat io.netty.channel.AbstractChannelHandlerContext.invokeChannelRead(AbstractChannelHandlerContext.java:366)\n\tat io.netty.channel.Abstr...
&amp#27;[38;5;128m[W3C]&amp#27;[0m Matched W3C error code 'no such element' to NoSuchElementError
&amp#27;[38;5;32m[AndroidUiautomator2Driver@2d54 (cd7ab2dd)]&amp#27;[0m Encountered internal error running command: NoSuchElementError: An element could not be located on the page using the given search parameters.
&amp#27;[38;5;32m[AndroidUiautomator2Driver@2d54 (cd7ab2dd)]&amp#27;[0m     at AndroidUiautomator2Driver.findElOrEls (C:\Users\alokpandey02\.appium\node_modules\appium-uiautomator2-driver\node_modules\appium-android-driver\lib\commands\find.ts:86:11)
&amp#27;[38;5;32m[AndroidUiautomator2Driver@2d54 (cd7ab2dd)]&amp#27;[0m     at processTicksAndRejections (node:internal/process/task_queues:95:5)
&amp#27;[38;5;32m[AndroidUiautomator2Driver@2d54 (cd7ab2dd)]&amp#27;[0m     at AndroidUiautomator2Driver.findElOrElsWithProcessing (C:\Users\alokpandey02\AppData\Roaming\npm\node_modules\appium\node_modules\@appium\base-driver\lib\basedriver\commands\find.ts:60:12)
&amp#27;[38;5;32m[AndroidUiautomator2Driver@2d54 (cd7ab2dd)]&amp#27;[0m     at AndroidUiautomator2Driver.findElement (C:\Users\alokpandey02\AppData\Roaming\npm\node_modules\appium\node_modules\@appium\base-driver\lib\basedriver\commands\find.ts:75:12)
&amp#27;[38;5;0m[HTTP]&amp#27;[0m &amp#27;[37m<-- POST /session/cd7ab2dd-04fc-47d1-8d89-4fb5a4eb76e3/element &amp#27;[39m&amp#27;[33m404&amp#27;[39m &amp#27;[90m41 ms - 911&amp#27;[39m
&amp#27;[38;5;0m[HTTP]&amp#27;[0m &amp#27;[90m&amp#27;[39m
&amp#27;[38;5;0m[HTTP]&amp#27;[0m &amp#27;[37m-->&amp#27;[39m &amp#27;[37mPOST&amp#27;[39m &amp#27;[37m/session/cd7ab2dd-04fc-47d1-8d89-4fb5a4eb76e3/element&amp#27;[39m
&amp#27;[38;5;0m[HTTP]&amp#27;[0m &amp#27;[90m{"value":"//android.widget.Toast[@text='Camera']","using":"xpath"}&amp#27;[39m
&amp#27;[38;5;32m[AndroidUiautomator2Driver@2d54 (cd7ab2dd)]&amp#27;[0m Calling AppiumDriver.findElement() with args: ["xpath","//android.widget.Toast[@text='Camera']","cd7ab2dd-04fc-47d1-8d89-4fb5a4eb76e3"]
&amp#27;[38;5;32m[AndroidUiautomator2Driver@2d54 (cd7ab2dd)]&amp#27;[0m Valid locator strategies for this request: xpath, id, class name, accessibility id, css selector, -android uiautomator
&amp#27;[38;5;32m[AndroidUiautomator2Driver@2d54 (cd7ab2dd)]&amp#27;[0m Waiting up to 0 ms for condition
&amp#27;[38;5;32m[AndroidUiautomator2Driver@2d54 (cd7ab2dd)]&amp#27;[0m Matched '/element' to command name 'findElement'
&amp#27;[38;5;32m[AndroidUiautomator2Driver@2d54 (cd7ab2dd)]&amp#27;[0m Proxying [POST /element] to [POST http://127.0.0.1:8200/session/9ac5a066-2f78-4c2b-95ee-ea9144b73a2c/element] with body: {"strategy":"xpath","selector":"//android.widget.Toast[@text='Camera']","context":"","multiple":false}
&amp#27;[38;5;32m[AndroidUiautomator2Driver@2d54 (cd7ab2dd)]&amp#27;[0m Got response with status 404: {"sessionId":"9ac5a066-2f78-4c2b-95ee-ea9144b73a2c","value":{"error":"no such element","message":"An element could not be located on the page using the given search parameters","stacktrace":"io.appium.uiautomator2.common.exceptions.ElementNotFoundException: An element could not be located on the page using the given search parameters\n\tat io.appium.uiautomator2.utils.ElementLocationHelpers.findElement(ElementLocationHelpers.java:156)\n\tat io.appium.uiautomator2.handler.FindElement.safeHandle(FindElement.java:60)\n\tat io.appium.uiautomator2.handler.request.SafeRequestHandler.handle(SafeRequestHandler.java:59)\n\tat io.appium.uiautomator2.server.AppiumServlet.handleRequest(AppiumServlet.java:259)\n\tat io.appium.uiautomator2.server.AppiumServlet.handleHttpRequest(AppiumServlet.java:253)\n\tat io.appium.uiautomator2.http.ServerHandler.channelRead(ServerHandler.java:77)\n\tat io.netty.channel.AbstractChannelHandlerContext.invokeChannelRead(AbstractChannelHandlerContext.java:366)\n\tat io.netty.channel.Abstr...
&amp#27;[38;5;128m[W3C]&amp#27;[0m Matched W3C error code 'no such element' to NoSuchElementError
&amp#27;[38;5;32m[AndroidUiautomator2Driver@2d54 (cd7ab2dd)]&amp#27;[0m Encountered internal error running command: NoSuchElementError: An element could not be located on the page using the given search parameters.
&amp#27;[38;5;32m[AndroidUiautomator2Driver@2d54 (cd7ab2dd)]&amp#27;[0m     at AndroidUiautomator2Driver.findElOrEls (C:\Users\alokpandey02\.appium\node_modules\appium-uiautomator2-driver\node_modules\appium-android-driver\lib\commands\find.ts:86:11)
&amp#27;[38;5;32m[AndroidUiautomator2Driver@2d54 (cd7ab2dd)]&amp#27;[0m     at processTicksAndRejections (node:internal/process/task_queues:95:5)
&amp#27;[38;5;32m[AndroidUiautomator2Driver@2d54 (cd7ab2dd)]&amp#27;[0m     at AndroidUiautomator2Driver.findElOrElsWithProcessing (C:\Users\alokpandey02\AppData\Roaming\npm\node_modules\appium\node_modules\@appium\base-driver\lib\basedriver\commands\find.ts:60:12)
&amp#27;[38;5;32m[AndroidUiautomator2Driver@2d54 (cd7ab2dd)]&amp#27;[0m     at AndroidUiautomator2Driver.findElement (C:\Users\alokpandey02\AppData\Roaming\npm\node_modules\appium\node_modules\@appium\base-driver\lib\basedriver\commands\find.ts:75:12)
&amp#27;[38;5;0m[HTTP]&amp#27;[0m &amp#27;[37m<-- POST /session/cd7ab2dd-04fc-47d1-8d89-4fb5a4eb76e3/element &amp#27;[39m&amp#27;[33m404&amp#27;[39m &amp#27;[90m44 ms - 911&amp#27;[39m
&amp#27;[38;5;0m[HTTP]&amp#27;[0m &amp#27;[90m&amp#27;[39m
&amp#27;[38;5;0m[HTTP]&amp#27;[0m &amp#27;[37m-->&amp#27;[39m &amp#27;[37mPOST&amp#27;[39m &amp#27;[37m/session/cd7ab2dd-04fc-47d1-8d89-4fb5a4eb76e3/element&amp#27;[39m
&amp#27;[38;5;0m[HTTP]&amp#27;[0m &amp#27;[90m{"value":"//android.widget.Toast[@text='Camera']","using":"xpath"}&amp#27;[39m
&amp#27;[38;5;32m[AndroidUiautomator2Driver@2d54 (cd7ab2dd)]&amp#27;[0m Calling AppiumDriver.findElement() with args: ["xpath","//android.widget.Toast[@text='Camera']","cd7ab2dd-04fc-47d1-8d89-4fb5a4eb76e3"]
&amp#27;[38;5;32m[AndroidUiautomator2Driver@2d54 (cd7ab2dd)]&amp#27;[0m Valid locator strategies for this request: xpath, id, class name, accessibility id, css selector, -android uiautomator
&amp#27;[38;5;32m[AndroidUiautomator2Driver@2d54 (cd7ab2dd)]&amp#27;[0m Waiting up to 0 ms for condition
&amp#27;[38;5;32m[AndroidUiautomator2Driver@2d54 (cd7ab2dd)]&amp#27;[0m Matched '/element' to command name 'findElement'
&amp#27;[38;5;32m[AndroidUiautomator2Driver@2d54 (cd7ab2dd)]&amp#27;[0m Proxying [POST /element] to [POST http://127.0.0.1:8200/session/9ac5a066-2f78-4c2b-95ee-ea9144b73a2c/element] with body: {"strategy":"xpath","selector":"//android.widget.Toast[@text='Camera']","context":"","multiple":false}
&amp#27;[38;5;32m[AndroidUiautomator2Driver@2d54 (cd7ab2dd)]&amp#27;[0m Got response with status 404: {"sessionId":"9ac5a066-2f78-4c2b-95ee-ea9144b73a2c","value":{"error":"no such element","message":"An element could not be located on the page using the given search parameters","stacktrace":"io.appium.uiautomator2.common.exceptions.ElementNotFoundException: An element could not be located on the page using the given search parameters\n\tat io.appium.uiautomator2.utils.ElementLocationHelpers.findElement(ElementLocationHelpers.java:156)\n\tat io.appium.uiautomator2.handler.FindElement.safeHandle(FindElement.java:60)\n\tat io.appium.uiautomator2.handler.request.SafeRequestHandler.handle(SafeRequestHandler.java:59)\n\tat io.appium.uiautomator2.server.AppiumServlet.handleRequest(AppiumServlet.java:259)\n\tat io.appium.uiautomator2.server.AppiumServlet.handleHttpRequest(AppiumServlet.java:253)\n\tat io.appium.uiautomator2.http.ServerHandler.channelRead(ServerHandler.java:77)\n\tat io.netty.channel.AbstractChannelHandlerContext.invokeChannelRead(AbstractChannelHandlerContext.java:366)\n\tat io.netty.channel.Abstr...
&amp#27;[38;5;128m[W3C]&amp#27;[0m Matched W3C error code 'no such element' to NoSuchElementError
&amp#27;[38;5;32m[AndroidUiautomator2Driver@2d54 (cd7ab2dd)]&amp#27;[0m Encountered internal error running command: NoSuchElementError: An element could not be located on the page using the given search parameters.
&amp#27;[38;5;32m[AndroidUiautomator2Driver@2d54 (cd7ab2dd)]&amp#27;[0m     at AndroidUiautomator2Driver.findElOrEls (C:\Users\alokpandey02\.appium\node_modules\appium-uiautomator2-driver\node_modules\appium-android-driver\lib\commands\find.ts:86:11)
&amp#27;[38;5;32m[AndroidUiautomator2Driver@2d54 (cd7ab2dd)]&amp#27;[0m     at processTicksAndRejections (node:internal/process/task_queues:95:5)
&amp#27;[38;5;32m[AndroidUiautomator2Driver@2d54 (cd7ab2dd)]&amp#27;[0m     at AndroidUiautomator2Driver.findElOrElsWithProcessing (C:\Users\alokpandey02\AppData\Roaming\npm\node_modules\appium\node_modules\@appium\base-driver\lib\basedriver\commands\find.ts:60:12)
&amp#27;[38;5;32m[AndroidUiautomator2Driver@2d54 (cd7ab2dd)]&amp#27;[0m     at AndroidUiautomator2Driver.findElement (C:\Users\alokpandey02\AppData\Roaming\npm\node_modules\appium\node_modules\@appium\base-driver\lib\basedriver\commands\find.ts:75:12)
&amp#27;[38;5;0m[HTTP]&amp#27;[0m &amp#27;[37m<-- POST /session/cd7ab2dd-04fc-47d1-8d89-4fb5a4eb76e3/element &amp#27;[39m&amp#27;[33m404&amp#27;[39m &amp#27;[90m35 ms - 911&amp#27;[39m
&amp#27;[38;5;0m[HTTP]&amp#27;[0m &amp#27;[90m&amp#27;[39m
&amp#27;[38;5;0m[HTTP]&amp#27;[0m &amp#27;[37m-->&amp#27;[39m &amp#27;[37mPOST&amp#27;[39m &amp#27;[37m/session/cd7ab2dd-04fc-47d1-8d89-4fb5a4eb76e3/element&amp#27;[39m
&amp#27;[38;5;0m[HTTP]&amp#27;[0m &amp#27;[90m{"value":"//android.widget.Toast[@text='Camera']","using":"xpath"}&amp#27;[39m
&amp#27;[38;5;32m[AndroidUiautomator2Driver@2d54 (cd7ab2dd)]&amp#27;[0m Calling AppiumDriver.findElement() with args: ["xpath","//android.widget.Toast[@text='Camera']","cd7ab2dd-04fc-47d1-8d89-4fb5a4eb76e3"]
&amp#27;[38;5;32m[AndroidUiautomator2Driver@2d54 (cd7ab2dd)]&amp#27;[0m Valid locator strategies for this request: xpath, id, class name, accessibility id, css selector, -android uiautomator
&amp#27;[38;5;32m[AndroidUiautomator2Driver@2d54 (cd7ab2dd)]&amp#27;[0m Waiting up to 0 ms for condition
&amp#27;[38;5;32m[AndroidUiautomator2Driver@2d54 (cd7ab2dd)]&amp#27;[0m Matched '/element' to command name 'findElement'
&amp#27;[38;5;32m[AndroidUiautomator2Driver@2d54 (cd7ab2dd)]&amp#27;[0m Proxying [POST /element] to [POST http://127.0.0.1:8200/session/9ac5a066-2f78-4c2b-95ee-ea9144b73a2c/element] with body: {"strategy":"xpath","selector":"//android.widget.Toast[@text='Camera']","context":"","multiple":false}
&amp#27;[38;5;32m[AndroidUiautomator2Driver@2d54 (cd7ab2dd)]&amp#27;[0m Got response with status 404: {"sessionId":"9ac5a066-2f78-4c2b-95ee-ea9144b73a2c","value":{"error":"no such element","message":"An element could not be located on the page using the given search parameters","stacktrace":"io.appium.uiautomator2.common.exceptions.ElementNotFoundException: An element could not be located on the page using the given search parameters\n\tat io.appium.uiautomator2.utils.ElementLocationHelpers.findElement(ElementLocationHelpers.java:156)\n\tat io.appium.uiautomator2.handler.FindElement.safeHandle(FindElement.java:60)\n\tat io.appium.uiautomator2.handler.request.SafeRequestHandler.handle(SafeRequestHandler.java:59)\n\tat io.appium.uiautomator2.server.AppiumServlet.handleRequest(AppiumServlet.java:259)\n\tat io.appium.uiautomator2.server.AppiumServlet.handleHttpRequest(AppiumServlet.java:253)\n\tat io.appium.uiautomator2.http.ServerHandler.channelRead(ServerHandler.java:77)\n\tat io.netty.channel.AbstractChannelHandlerContext.invokeChannelRead(AbstractChannelHandlerContext.java:366)\n\tat io.netty.channel.Abstr...
&amp#27;[38;5;128m[W3C]&amp#27;[0m Matched W3C error code 'no such element' to NoSuchElementError
&amp#27;[38;5;32m[AndroidUiautomator2Driver@2d54 (cd7ab2dd)]&amp#27;[0m Encountered internal error running command: NoSuchElementError: An element could not be located on the page using the given search parameters.
&amp#27;[38;5;32m[AndroidUiautomator2Driver@2d54 (cd7ab2dd)]&amp#27;[0m     at AndroidUiautomator2Driver.findElOrEls (C:\Users\alokpandey02\.appium\node_modules\appium-uiautomator2-driver\node_modules\appium-android-driver\lib\commands\find.ts:86:11)
&amp#27;[38;5;32m[AndroidUiautomator2Driver@2d54 (cd7ab2dd)]&amp#27;[0m     at processTicksAndRejections (node:internal/process/task_queues:95:5)
&amp#27;[38;5;32m[AndroidUiautomator2Driver@2d54 (cd7ab2dd)]&amp#27;[0m     at AndroidUiautomator2Driver.findElOrElsWithProcessing (C:\Users\alokpandey02\AppData\Roaming\npm\node_modules\appium\node_modules\@appium\base-driver\lib\basedriver\commands\find.ts:60:12)
&amp#27;[38;5;32m[AndroidUiautomator2Driver@2d54 (cd7ab2dd)]&amp#27;[0m     at AndroidUiautomator2Driver.findElement (C:\Users\alokpandey02\AppData\Roaming\npm\node_modules\appium\node_modules\@appium\base-driver\lib\basedriver\commands\find.ts:75:12)
&amp#27;[38;5;0m[HTTP]&amp#27;[0m &amp#27;[37m<-- POST /session/cd7ab2dd-04fc-47d1-8d89-4fb5a4eb76e3/element &amp#27;[39m&amp#27;[33m404&amp#27;[39m &amp#27;[90m37 ms - 911&amp#27;[39m
&amp#27;[38;5;0m[HTTP]&amp#27;[0m &amp#27;[90m&amp#27;[39m
[INFO ] 2024-06-03 16:13:04.226 [main] TestLogger - Thread 1: Running After scenario
[INFO ] 2024-06-03 16:13:04.227 [main] TestLogger - Thread 1: Scenario Failed.. Capturing screenshot.
&amp#27;[38;5;0m[HTTP]&amp#27;[0m &amp#27;[37m-->&amp#27;[39m &amp#27;[37mGET&amp#27;[39m &amp#27;[37m/session/cd7ab2dd-04fc-47d1-8d89-4fb5a4eb76e3/screenshot&amp#27;[39m
&amp#27;[38;5;0m[HTTP]&amp#27;[0m &amp#27;[90m{}&amp#27;[39m
&amp#27;[38;5;32m[AndroidUiautomator2Driver@2d54 (cd7ab2dd)]&amp#27;[0m Calling AppiumDriver.getScreenshot() with args: ["cd7ab2dd-04fc-47d1-8d89-4fb5a4eb76e3"]
&amp#27;[38;5;32m[AndroidUiautomator2Driver@2d54 (cd7ab2dd)]&amp#27;[0m Matched '/screenshot' to command name 'getScreenshot'
&amp#27;[38;5;32m[AndroidUiautomator2Driver@2d54 (cd7ab2dd)]&amp#27;[0m Proxying [GET /screenshot] to [GET http://127.0.0.1:8200/session/9ac5a066-2f78-4c2b-95ee-ea9144b73a2c/screenshot] with no body
&amp#27;[38;5;32m[AndroidUiautomator2Driver@2d54 (cd7ab2dd)]&amp#27;[0m Got response with status 200: {"sessionId":"9ac5a066-2f78-4c2b-95ee-ea9144b73a2c","value":"iVBORw0KGgoAAAANSUhEUgAABDgAAAjoCAYAAAA5jhrUAAAABHNCSVQICAgIfAhkiAAAIABJREFUeJzs3Xl4VNX9P/D3vbNnkkxCNvYgIeyrUBYREFAri1gsgkISUKxaqf601VpFBalLbVH7betTF1TcUaR1RVAQRHBBK6CyGcKirCEkmSQzmcnce8/vj1kyW0LWSUbfL55rcs+9c+6ZuDzOO+d8jgRAgIiIiIiIiIgojsltPQAiIiIiIiIiouZiwEFEREREREREcY8BBxERERERERHFPQYcRERERERERBT3GHAQERERERERUdxjwEFEREREREREcY8BBxERERERERHFPQYcRERERERERBT3GHAQERERERERUdzTt/UAGkKv16N79+6YOXMmCgoKkJaWBkmSIIQAAEiSBAAh50II2O12vPTSS/jPf/6DoqIiKIrSZu+BiIiIiIiIiFqPBEC09SDqYjQaMXfuXNxxxx1ISkoKBBmNJYRAdXU1HnvsMTzzzDNwu90tPFIiIiIiIiIiakvtMuCQJAlXX3017rnnHhiNxhbt2+PxYPDgwaioqGjRfomIiIiIiIio7bS7JSqZmZlYt24dsrKyWqV/g8GAq666Ck899VRgSUu8MZvN6Nq1K3r27In09HSkpKTAYrGE3FNdXY3y8nKUlJTg4MGDOHr0KFwuVxuNuPVYrVaMHDkSgwcPhl7f9H+cHQ4Hdu/ejV27djH8IiIiIvqZyc7OxrnnnovBgwdj0KBBSE5OhtVqRWJiIqxWKywWC6qrq+FwOFBVVQWHwwG73Y7vvvsOu3btwtdff40ffvihrd9GzOTk5KCoqKhNnv3QQw9h1KhRDbr3s88+w+LFi1t5RNSetKsZHAUFBfjzn//crA+qDaGqKrKzs+Mu4OjUqROGDh2Kfv36ITc3NxBw2Gy2qAGH3W4PBByFhYXYs2cPdu7ciZMn...
&amp#27;[38;5;32m[AndroidUiautomator2Driver@2d54 (cd7ab2dd)]&amp#27;[0m Responding to client with driver.getScreenshot() result: "iVBORw0KGgoAAAANSUhEUgAABDgAAAjoCAYAAAA5jhrUAAAABHNCSVQICAgIfAhkiAAAIABJREFUeJzs3Xl4VNX9P/D3vbNnkkxCNvYgIeyrUBYREFAri1gsgkISUKxaqf601VpFBalLbVH7betTF1TcUaR1RVAQRHBBK6CyGcKirCEkmSQzmcnce8/vj1kyW0LWSUbfL55rcs+9c+6ZuDzOO+d8jgRAgIiIiIiIiIgojsltPQAiIiIiIiIiouZiwEFEREREREREcY8BBxERERERERHFPQYcRERERERERBT3GHAQERERERERUdxjwEFEREREREREcY8BBxERERERERHFPQYcRERERERERBT3GHAQERERERERUdzTt/UAGkKv16N79+6YOXMmCgoKkJaWBkmSIIQAAEiSBAAh50II2O12vPTSS/jPf/6DoqIiKIrSZu+BiIiIiIiIiFqPBEC09SDqYjQaMXfuXNxxxx1ISkoKBBmNJYRAdXU1HnvsMTzzzDNwu90tPFIiIiIiIiIiakvtMuCQJAlXX3017rnnHhiNxhbt2+PxYPDgwaioqGjRfomIiIiIiIio7bS7JSqZmZlYt24dsrKyWqV/g8GAq666Ck899VRgSUu8MZvN6Nq1K3r27In09HSkpKTAYrGE3FNdXY3y8nKUlJTg4MGDOHr0KFwuVxuNuPVYrVaMHDkSgwcPhl7f9H+cHQ4Hdu/ejV27djH8IiIiIvqZyc7OxrnnnovBgwdj0KBBSE5OhtVqRWJiIqxWKywWC6qrq+FwOFBVVQWHwwG73Y7vvvsOu3btwtdff40ffvihrd9GzOTk5KCoqKhNnv3QQw9h1KhRDbr3s88+w+LFi1t5RNSetKsZHAUFBfjzn//crA+qDaGqKrKzs+Mu4OjUqROGDh2Kfv36ITc3NxBw2Gy2qAGH3W4PBByFhYXYs2cPdu7ciZMnT7bRO2hZer0e48aNw6JFizBy5EjodLom9+V0OrF79268/vrrWLduHUpLS1tw...
&amp#27;[38;5;0m[HTTP]&amp#27;[0m &amp#27;[37m<-- GET /session/cd7ab2dd-04fc-47d1-8d89-4fb5a4eb76e3/screenshot &amp#27;[39m&amp#27;[32m200&amp#27;[39m &amp#27;[90m322 ms - 66992&amp#27;[39m
&amp#27;[38;5;0m[HTTP]&amp#27;[0m &amp#27;[90m&amp#27;[39m
&amp#27;[38;5;0m[HTTP]&amp#27;[0m &amp#27;[37m-->&amp#27;[39m &amp#27;[37mDELETE&amp#27;[39m &amp#27;[37m/session/cd7ab2dd-04fc-47d1-8d89-4fb5a4eb76e3&amp#27;[39m
&amp#27;[38;5;0m[HTTP]&amp#27;[0m &amp#27;[90m{}&amp#27;[39m
&amp#27;[38;5;32m[AndroidUiautomator2Driver@2d54 (cd7ab2dd)]&amp#27;[0m Calling AppiumDriver.deleteSession() with args: ["cd7ab2dd-04fc-47d1-8d89-4fb5a4eb76e3"]
&amp#27;[38;5;16m[AppiumDriver@f52c]&amp#27;[0m Event 'quitSessionRequested' logged at 1717411384598 (16:13:04 GMT+0530 (India Standard Time))
&amp#27;[38;5;16m[AppiumDriver@f52c]&amp#27;[0m Removing session cd7ab2dd-04fc-47d1-8d89-4fb5a4eb76e3 from our master session list
&amp#27;[38;5;32m[AndroidUiautomator2Driver@2d54 (cd7ab2dd)]&amp#27;[0m Deleting UiAutomator2 session
&amp#27;[38;5;32m[AndroidUiautomator2Driver@2d54 (cd7ab2dd)]&amp#27;[0m Deleting UiAutomator2 server session
&amp#27;[38;5;32m[AndroidUiautomator2Driver@2d54 (cd7ab2dd)]&amp#27;[0m Matched '/' to command name 'deleteSession'
&amp#27;[38;5;32m[AndroidUiautomator2Driver@2d54 (cd7ab2dd)]&amp#27;[0m Proxying [DELETE /] to [DELETE http://127.0.0.1:8200/session/9ac5a066-2f78-4c2b-95ee-ea9144b73a2c] with no body
&amp#27;[38;5;32m[AndroidUiautomator2Driver@2d54 (cd7ab2dd)]&amp#27;[0m Got response with status 200: {"sessionId":"9ac5a066-2f78-4c2b-95ee-ea9144b73a2c","value":null}
&amp#27;[38;5;48m[ADB]&amp#27;[0m Running 'C:\Users\alokpandey02\AppData\Local\Android\Sdk\platform-tools\adb.exe -P 5037 -s emulator-5554 shell am force-stop com.boopathy.raja.tutorial'
&amp#27;[38;5;96m[Logcat]&amp#27;[0m Stopping logcat capture
&amp#27;[38;5;48m[ADB]&amp#27;[0m Removing forwarded port socket connection: 8200 
&amp#27;[38;5;48m[ADB]&amp#27;[0m Running 'C:\Users\alokpandey02\AppData\Local\Android\Sdk\platform-tools\adb.exe -P 5037 -s emulator-5554 forward --remove tcp:8200'
&amp#27;[38;5;16m[AppiumDriver@f52c]&amp#27;[0m Event 'quitSessionFinished' logged at 1717411384795 (16:13:04 GMT+0530 (India Standard Time))
&amp#27;[38;5;16m[AppiumDriver@f52c]&amp#27;[0m Received response: null
&amp#27;[38;5;16m[AppiumDriver@f52c]&amp#27;[0m But deleting session, so not returning
&amp#27;[38;5;16m[AppiumDriver@f52c]&amp#27;[0m Responding to client with driver.deleteSession() result: null
&amp#27;[38;5;0m[HTTP]&amp#27;[0m &amp#27;[37m<-- DELETE /session/cd7ab2dd-04fc-47d1-8d89-4fb5a4eb76e3 &amp#27;[39m&amp#27;[32m200&amp#27;[39m &amp#27;[90m200 ms - 14&amp#27;[39m
&amp#27;[38;5;0m[HTTP]&amp#27;[0m &amp#27;[90m&amp#27;[39m
]]></system-out>
  </testcase>
  <testcase name="runScenario" classname="nagp.runner.TestRunner" time="17.326"/>
  <testcase name="runScenario" classname="nagp.runner.TestRunner" time="11.334"/>
  <testcase name="runScenario" classname="nagp.runner.TestRunner" time="12.176"/>
  <testcase name="runScenario" classname="nagp.runner.TestRunner" time="58.731"/>
  <testcase name="runScenario" classname="nagp.runner.TestRunner" time="18.973"/>
  <testcase name="runScenario" classname="nagp.runner.TestRunner" time="18.656"/>
  <testcase name="runScenario" classname="nagp.runner.TestRunner" time="21.315"/>
</testsuite>