<?xml version="1.0" encoding="UTF-8"?>
<!-- Generated by org.testng.reporters.JUnitReportReporter -->
<testsuite hostname="IN-BXWVDK3" failures="0" tests="1" name="nagp.NAGPAppiumAssignment.HomeTest" time="10.029" errors="0" timestamp="2024-05-24T13:09:24 IST" skipped="0">
  <testcase classname="nagp.NAGPAppiumAssignment.HomeTest" name="LaunchTest" time="10.029"/>
</testsuite> <!-- nagp.NAGPAppiumAssignment.HomeTest -->
